-- Given that we built with and have zstd compression available
-- Test basic create table for AO/RO table succeeds for zstd compression
-- Given a row-oriented table with compresstype zstd
create table a_aoro_table_with_zstd_compression(col text) WITH (APPENDONLY=true, ORIENTATION=row, COMPRESSTYPE=zstd, compresslevel=1);
NOTICE:  Table doesn't have 'DISTRIBUTED BY' clause -- Using column named 'col' as the Greenplum Database data distribution key for this table.
HINT:  The 'DISTRIBUTED BY' clause determines the distribution of data. Make sure column(s) chosen are the optimal data distribution key to minimize skew.
-- Before inserting data, the size is 0 and ratio is 1 (for a row-oriented table, ends up being 1)
select pg_size_pretty(pg_relation_size('a_aoro_table_with_zstd_compression')),
       get_ao_compression_ratio('a_aoro_table_with_zstd_compression');
 pg_size_pretty | get_ao_compression_ratio 
----------------+--------------------------
 0 bytes        |                        1
(1 row)

-- After I insert data
insert into a_aoro_table_with_zstd_compression values('ksjdhfksdhfksdhfksjhhhhhhhhhhhhhhhhhhhhhhhhhhhhhhhh');
-- Then the data will be compressed according to a consistent compression ratio
select pg_size_pretty(pg_relation_size('a_aoro_table_with_zstd_compression')),
       get_ao_compression_ratio('a_aoro_table_with_zstd_compression');
 pg_size_pretty | get_ao_compression_ratio 
----------------+--------------------------
 64 bytes       |                     1.38
(1 row)

