Master initialized.
Master running.
CREATE TABLE aotable (d text) with (appendonly=true);
CREATE TABLE
INSERT INTO aotable VALUES ('in master');
INSERT 0 1
CREATE TABLE cotable (a text, b text) with (appendonly=true, orientation=column);
CREATE TABLE
INSERT INTO cotable VALUES ('in master', NULL);
INSERT 0 1
CREATE TABLE aotable_copytail (d text) with (appendonly=true);
CREATE TABLE
INSERT INTO aotable_copytail VALUES ('in master');
INSERT 0 1
CHECKPOINT;
CHECKPOINT
Standby initialized and running.
INSERT INTO aotable values ('in master, before promotion');
INSERT 0 1
INSERT INTO cotable values ('in master, before promotion', NULL);
INSERT 0 1
INSERT INTO aotable_copytail values ('in master, before promotion');
INSERT 0 1
CHECKPOINT;
CHECKPOINT
Standby promoted.
INSERT INTO aotable values ('in master, after promotion');
INSERT 0 1
SELECT * from aotable;
              d              
-----------------------------
 in master
 in master, before promotion
 in master, after promotion
(3 rows)

INSERT INTO aotable values ('in standby, after promotion');
INSERT 0 1
SELECT * from aotable;
              d              
-----------------------------
 in master
 in master, before promotion
 in standby, after promotion
(3 rows)

INSERT INTO cotable values ('in master, after promotion', NULL);
INSERT 0 1
SELECT * from cotable;
              a              | b 
-----------------------------+---
 in master                   | 
 in master, before promotion | 
 in master, after promotion  | 
(3 rows)

INSERT INTO cotable values ('in standby, after promotion', NULL);
INSERT 0 1
SELECT * from cotable;
              a              | b 
-----------------------------+---
 in master                   | 
 in master, before promotion | 
 in standby, after promotion | 
(3 rows)

DELETE from aotable_copytail;
DELETE 2
VACUUM full aotable_copytail;
VACUUM
SELECT * from aotable_copytail;
 d 
---
(0 rows)

INSERT INTO aotable_copytail VALUES ('in standby, after promotion');
INSERT 0 1
Running pg_rewind...
Old master restarted after rewind.
SELECT state FROM pg_stat_replication;
   state   
-----------
 streaming
(1 row)

Master promoted.
COPY_TAIL "aotable"  file found in pg_rewind logs
SELECT * from aotable;
              d              
-----------------------------
 in master
 in master, before promotion
 in standby, after promotion
(3 rows)

COPY_TAIL "cotable"  file found in pg_rewind logs
COPY_TAIL "cotable" .128 file found in pg_rewind logs
SELECT * from cotable;
              a              | b 
-----------------------------+---
 in master                   | 
 in master, before promotion | 
 in standby, after promotion | 
(3 rows)

COPY_TAIL "aotable_copytail"  file found in pg_rewind logs
SELECT * from aotable_copytail;
              d              
-----------------------------
 in master
 in master, before promotion
 in standby, after promotion
(3 rows)

