-- start_matchsubs
-- m/tmp_check_local/
-- s/tmp_check_local/tmp_check/
-- m/tmp_check_remote/
-- s/tmp_check_remote/tmp_check/
-- m/\/.*data_master/
-- s/\/.*data_master/some_data_master_parent_dir\/data_master/
-- m/\/.*\/tmp_check/
-- s/\/.*\/tmp_check/some_location\/tmp_check/
-- end_matchsubs
Master initialized.
Master running.
Standby initialized and running.
Standby promoted.
CREATE TABLESPACE ts LOCATION 'some_location/tmp_check/tablespaces_objects_created_after_promotion/ts';
CREATE TABLESPACE
CREATE TABLE t_heap(i int) TABLESPACE ts;
CREATE TABLE
CREATE INDEX t_heap_idx ON t_heap(i) TABLESPACE ts;
CREATE INDEX
INSERT INTO t_heap VALUES(generate_series(1, 100));
INSERT 0 100
CREATE TABLE t_ao(i int) WITH (appendonly=true) TABLESPACE ts;
CREATE TABLE
INSERT INTO t_ao VALUES(generate_series(1, 100));
INSERT 0 100
CHECKPOINT;
CHECKPOINT
Running pg_rewind...
some_location/tmp_check/tablespaces_objects_created_after_promotion/ts/2
symlink target directory for tablespace ts exists.
6
Old master restarted after rewind.
SELECT state FROM pg_stat_replication;
   state   
-----------
 streaming
(1 row)

Master promoted.
100
100
5
