-- Tests for package DBMS_RANDOM
SELECT dbms_random.initialize(8);
 initialize 
------------
 
(1 row)

SELECT dbms_random.normal();
      normal       
-------------------
 -3.83566924082397
(1 row)

SELECT dbms_random.normal();
      normal      
------------------
 -1.6229288685078
(1 row)

SELECT dbms_random.seed(8);
 seed 
------
 
(1 row)

SELECT dbms_random.random();
   random    
-------------
 -2147214734
(1 row)

SELECT dbms_random.seed('test');
 seed 
------
 
(1 row)

SELECT dbms_random.string('U',5);
 string 
--------
 TPZXT
(1 row)

SELECT dbms_random.string('P',2);
 string 
--------
 3]
(1 row)

SELECT dbms_random.string('x',4);
 string 
--------
 ZCHL
(1 row)

SELECT dbms_random.string('a',2);
 string 
--------
 Hm
(1 row)

SELECT dbms_random.string('l',3);
 string 
--------
 sdq
(1 row)

SELECT dbms_random.seed(5);
 seed 
------
 
(1 row)

SELECT dbms_random.value();
        value         
----------------------
 3.91318462789059e-05
(1 row)

SELECT dbms_random.value(10,15);
      value       
------------------
 13.2884447020479
(1 row)

SELECT dbms_random.terminate();
 terminate 
-----------
 
(1 row)

