-- Tests for nlssort
-- Skip this test unless it's a Linux/glibc system with the "en_US.utf8" locale installed.
SELECT getdatabaseencoding() <> 'UTF8' OR
       NOT EXISTS (SELECT 1 FROM pg_collation WHERE collname = 'en_US' AND collencoding = pg_char_to_encoding('UTF8')) OR
       version() !~ 'linux-gnu'
       AS skip_test \gset
\if :skip_test
\quit
\endif
\set ECHO none
NOTICE:  Table doesn't have 'DISTRIBUTED BY' clause -- Using column named 'name' as the Greenplum Database data distribution key for this table.
HINT:  The 'DISTRIBUTED BY' clause determines the distribution of data. Make sure column(s) chosen are the optimal data distribution key to minimize skew.
  name  
--------
 brown
 Purple
 red
 yellow
(4 rows)

  name  
--------
 Purple
 brown
 red
 yellow
(4 rows)

 set_nls_sort 
--------------
 
(1 row)

  name  
--------
 Purple
 brown
 red
 yellow
(4 rows)

 set_nls_sort 
--------------
 
(1 row)

  name  
--------
 Purple
 brown
 red
 yellow
(4 rows)

 set_nls_sort 
--------------
 
(1 row)

  name  
--------
 Purple
 brown
 red
 yellow
(4 rows)

  name  
--------
 Purple
 brown
 red
 yellow
 
(5 rows)

