-- set on vectorization
SET vector.enable_vectorization=on;
SET vector.max_batch_size=128;
SELECT COUNT(*) FROM hits;
 count 
-------
     0
(1 row)

SELECT COUNT(*) FROM hits WHERE AdvEngineID <> 0;
 count 
-------
     0
(1 row)

SELECT SUM(AdvEngineID), COUNT(*), AVG(ResolutionWidth) FROM hits;
 sum | count | avg 
-----+-------+-----
     |     0 |    
(1 row)

SELECT AVG(UserID) FROM hits;
 avg 
-----
    
(1 row)

SELECT COUNT(DISTINCT UserID) FROM hits;
 count 
-------
     0
(1 row)

SELECT COUNT(DISTINCT SearchPhrase) FROM hits;
 count 
-------
     0
(1 row)

SELECT MIN(EventDate), MAX(EventDate) FROM hits;
 min | max 
-----+-----
     | 
(1 row)

SELECT AdvEngineID, COUNT(*) FROM hits WHERE AdvEngineID <> 0 GROUP BY AdvEngineID ORDER BY COUNT(*) DESC;
 advengineid | count 
-------------+-------
(0 rows)

SELECT RegionID, COUNT(DISTINCT UserID) AS u FROM hits GROUP BY RegionID ORDER BY u DESC LIMIT 10;
 regionid | u 
----------+---
(0 rows)

SELECT RegionID, SUM(AdvEngineID), COUNT(*) AS c, AVG(ResolutionWidth), COUNT(DISTINCT UserID) FROM hits GROUP BY RegionID ORDER BY c DESC LIMIT 10;
 regionid | sum | c | avg | count 
----------+-----+---+-----+-------
(0 rows)

SELECT MobilePhoneModel, COUNT(DISTINCT UserID) AS u FROM hits WHERE MobilePhoneModel <> '' GROUP BY MobilePhoneModel ORDER BY u DESC LIMIT 10;
 mobilephonemodel | u 
------------------+---
(0 rows)

SELECT MobilePhone, MobilePhoneModel, COUNT(DISTINCT UserID) AS u FROM hits WHERE MobilePhoneModel <> '' GROUP BY MobilePhone, MobilePhoneModel ORDER BY u DESC LIMIT 10;
 mobilephone | mobilephonemodel | u 
-------------+------------------+---
(0 rows)

SELECT SearchPhrase, COUNT(*) AS c FROM hits WHERE SearchPhrase <> '' GROUP BY SearchPhrase ORDER BY c DESC LIMIT 10;
 searchphrase | c 
--------------+---
(0 rows)

SELECT SearchPhrase, COUNT(DISTINCT UserID) AS u FROM hits WHERE SearchPhrase <> '' GROUP BY SearchPhrase ORDER BY u DESC LIMIT 10;
 searchphrase | u 
--------------+---
(0 rows)

SELECT SearchEngineID, SearchPhrase, COUNT(*) AS c FROM hits WHERE SearchPhrase <> '' GROUP BY SearchEngineID, SearchPhrase ORDER BY c DESC LIMIT 10;
 searchengineid | searchphrase | c 
----------------+--------------+---
(0 rows)

SELECT UserID, COUNT(*) FROM hits GROUP BY UserID ORDER BY COUNT(*) DESC LIMIT 10;
 userid | count 
--------+-------
(0 rows)

SELECT UserID, SearchPhrase, COUNT(*) FROM hits GROUP BY UserID, SearchPhrase ORDER BY COUNT(*) DESC LIMIT 10;
 userid | searchphrase | count 
--------+--------------+-------
(0 rows)

SELECT UserID, SearchPhrase, COUNT(*) FROM hits GROUP BY UserID, SearchPhrase LIMIT 10;
 userid | searchphrase | count 
--------+--------------+-------
(0 rows)

SELECT UserID, extract(minute FROM EventTime) AS m, SearchPhrase, COUNT(*) FROM hits GROUP BY UserID, m, SearchPhrase ORDER BY COUNT(*) DESC LIMIT 10;
 userid | m | searchphrase | count 
--------+---+--------------+-------
(0 rows)

SELECT UserID FROM hits WHERE UserID = 435090932899640449;
 userid 
--------
(0 rows)

SELECT COUNT(*) FROM hits WHERE URL LIKE '%google%';
 count 
-------
     0
(1 row)

SELECT SearchPhrase, MIN(URL), COUNT(*) AS c FROM hits WHERE URL LIKE '%google%' AND SearchPhrase <> '' GROUP BY SearchPhrase ORDER BY c DESC LIMIT 10;
 searchphrase | min | c 
--------------+-----+---
(0 rows)

SELECT SearchPhrase, MIN(URL), MIN(Title), COUNT(*) AS c, COUNT(DISTINCT UserID) FROM hits WHERE Title LIKE '%Google%' AND URL NOT LIKE '%.google.%' AND SearchPhrase <> '' GROUP BY SearchPhrase ORDER BY c DESC LIMIT 10;
 searchphrase | min | min | c | count 
--------------+-----+-----+---+-------
(0 rows)

SELECT * FROM hits WHERE URL LIKE '%google%' ORDER BY EventTime LIMIT 10;
 watchid | javaenable | title | goodevent | eventtime | eventdate | counterid | clientip | regionid | userid | counterclass | os | useragent | url | referer | isrefresh | referercategoryid | refererregionid | urlcategoryid | urlregionid | resolutionwidth | resolutionheight | resolutiondepth | flashmajor | flashminor | flashminor2 | netmajor | netminor | useragentmajor | useragentminor | cookieenable | javascriptenable | ismobile | mobilephone | mobilephonemodel | params | ipnetworkid | traficsourceid | searchengineid | searchphrase | advengineid | isartifical | windowclientwidth | windowclientheight | clienttimezone | clienteventtime | silverlightversion1 | silverlightversion2 | silverlightversion3 | silverlightversion4 | pagecharset | codeversion | islink | isdownload | isnotbounce | funiqid | originalurl | hid | isoldcounter | isevent | isparameter | dontcounthits | withhash | hitcolor | localeventtime | age | sex | income | interests | robotness | remoteip | windowname | openername | historylength | browserlanguage | browsercountry | socialnetwork | socialaction | httperror | sendtiming | dnstiming | connecttiming | responsestarttiming | responseendtiming | fetchtiming | socialsourcenetworkid | socialsourcepage | paramprice | paramorderid | paramcurrency | paramcurrencyid | openstatservicename | openstatcampaignid | openstatadid | openstatsourceid | utmsource | utmmedium | utmcampaign | utmcontent | utmterm | fromtag | hasgclid | refererhash | urlhash | clid 
---------+------------+-------+-----------+-----------+-----------+-----------+----------+----------+--------+--------------+----+-----------+-----+---------+-----------+-------------------+-----------------+---------------+-------------+-----------------+------------------+-----------------+------------+------------+-------------+----------+----------+----------------+----------------+--------------+------------------+----------+-------------+------------------+--------+-------------+----------------+----------------+--------------+-------------+-------------+-------------------+--------------------+----------------+-----------------+---------------------+---------------------+---------------------+---------------------+-------------+-------------+--------+------------+-------------+---------+-------------+-----+--------------+---------+-------------+---------------+----------+----------+----------------+-----+-----+--------+-----------+-----------+----------+------------+------------+---------------+-----------------+----------------+---------------+--------------+-----------+------------+-----------+---------------+---------------------+-------------------+-------------+-----------------------+------------------+------------+--------------+---------------+-----------------+---------------------+--------------------+--------------+------------------+-----------+-----------+-------------+------------+---------+---------+----------+-------------+---------+------
(0 rows)

SELECT SearchPhrase FROM hits WHERE SearchPhrase <> '' ORDER BY EventTime LIMIT 10;
 searchphrase 
--------------
(0 rows)

SELECT SearchPhrase FROM hits WHERE SearchPhrase <> '' ORDER BY SearchPhrase LIMIT 10;
 searchphrase 
--------------
(0 rows)

SELECT SearchPhrase FROM hits WHERE SearchPhrase <> '' ORDER BY EventTime, SearchPhrase LIMIT 10;
 searchphrase 
--------------
(0 rows)

SELECT CounterID, AVG(length(URL)) AS l, COUNT(*) AS c FROM hits WHERE URL <> '' GROUP BY CounterID HAVING COUNT(*) > 100000 ORDER BY l DESC LIMIT 25;
 counterid | l | c 
-----------+---+---
(0 rows)

SELECT REGEXP_REPLACE(Referer, '^https?://(?:www\.)?([^/]+)/.*$', '\1') AS k, AVG(length(Referer)) AS l, COUNT(*) AS c, MIN(Referer) FROM hits WHERE Referer <> '' GROUP BY k HAVING COUNT(*) > 100000 ORDER BY l DESC LIMIT 25;
 k | l | c | min 
---+---+---+-----
(0 rows)

SELECT SUM(ResolutionWidth), SUM(ResolutionWidth + 1), SUM(ResolutionWidth + 2), SUM(ResolutionWidth + 3), SUM(ResolutionWidth + 4), SUM(ResolutionWidth + 5), SUM(ResolutionWidth + 6), SUM(ResolutionWidth + 7), SUM(ResolutionWidth + 8), SUM(ResolutionWidth + 9), SUM(ResolutionWidth + 10), SUM(ResolutionWidth + 11), SUM(ResolutionWidth + 12), SUM(ResolutionWidth + 13), SUM(ResolutionWidth + 14), SUM(ResolutionWidth + 15), SUM(ResolutionWidth + 16), SUM(ResolutionWidth + 17), SUM(ResolutionWidth + 18), SUM(ResolutionWidth + 19), SUM(ResolutionWidth + 20), SUM(ResolutionWidth + 21), SUM(ResolutionWidth + 22), SUM(ResolutionWidth + 23), SUM(ResolutionWidth + 24), SUM(ResolutionWidth + 25), SUM(ResolutionWidth + 26), SUM(ResolutionWidth + 27), SUM(ResolutionWidth + 28), SUM(ResolutionWidth + 29), SUM(ResolutionWidth + 30), SUM(ResolutionWidth + 31), SUM(ResolutionWidth + 32), SUM(ResolutionWidth + 33), SUM(ResolutionWidth + 34), SUM(ResolutionWidth + 35), SUM(ResolutionWidth + 36), SUM(ResolutionWidth + 37), SUM(ResolutionWidth + 38), SUM(ResolutionWidth + 39), SUM(ResolutionWidth + 40), SUM(ResolutionWidth + 41), SUM(ResolutionWidth + 42), SUM(ResolutionWidth + 43), SUM(ResolutionWidth + 44), SUM(ResolutionWidth + 45), SUM(ResolutionWidth + 46), SUM(ResolutionWidth + 47), SUM(ResolutionWidth + 48), SUM(ResolutionWidth + 49), SUM(ResolutionWidth + 50), SUM(ResolutionWidth + 51), SUM(ResolutionWidth + 52), SUM(ResolutionWidth + 53), SUM(ResolutionWidth + 54), SUM(ResolutionWidth + 55), SUM(ResolutionWidth + 56), SUM(ResolutionWidth + 57), SUM(ResolutionWidth + 58), SUM(ResolutionWidth + 59), SUM(ResolutionWidth + 60), SUM(ResolutionWidth + 61), SUM(ResolutionWidth + 62), SUM(ResolutionWidth + 63), SUM(ResolutionWidth + 64), SUM(ResolutionWidth + 65), SUM(ResolutionWidth + 66), SUM(ResolutionWidth + 67), SUM(ResolutionWidth + 68), SUM(ResolutionWidth + 69), SUM(ResolutionWidth + 70), SUM(ResolutionWidth + 71), SUM(ResolutionWidth + 72), SUM(ResolutionWidth + 73), SUM(ResolutionWidth + 74), SUM(ResolutionWidth + 75), SUM(ResolutionWidth + 76), SUM(ResolutionWidth + 77), SUM(ResolutionWidth + 78), SUM(ResolutionWidth + 79), SUM(ResolutionWidth + 80), SUM(ResolutionWidth + 81), SUM(ResolutionWidth + 82), SUM(ResolutionWidth + 83), SUM(ResolutionWidth + 84), SUM(ResolutionWidth + 85), SUM(ResolutionWidth + 86), SUM(ResolutionWidth + 87), SUM(ResolutionWidth + 88), SUM(ResolutionWidth + 89) FROM hits;
 sum | sum | sum | sum | sum | sum | sum | sum | sum | sum | sum | sum | sum | sum | sum | sum | sum | sum | sum | sum | sum | sum | sum | sum | sum | sum | sum | sum | sum | sum | sum | sum | sum | sum | sum | sum | sum | sum | sum | sum | sum | sum | sum | sum | sum | sum | sum | sum | sum | sum | sum | sum | sum | sum | sum | sum | sum | sum | sum | sum | sum | sum | sum | sum | sum | sum | sum | sum | sum | sum | sum | sum | sum | sum | sum | sum | sum | sum | sum | sum | sum | sum | sum | sum | sum | sum | sum | sum | sum | sum 
-----+-----+-----+-----+-----+-----+-----+-----+-----+-----+-----+-----+-----+-----+-----+-----+-----+-----+-----+-----+-----+-----+-----+-----+-----+-----+-----+-----+-----+-----+-----+-----+-----+-----+-----+-----+-----+-----+-----+-----+-----+-----+-----+-----+-----+-----+-----+-----+-----+-----+-----+-----+-----+-----+-----+-----+-----+-----+-----+-----+-----+-----+-----+-----+-----+-----+-----+-----+-----+-----+-----+-----+-----+-----+-----+-----+-----+-----+-----+-----+-----+-----+-----+-----+-----+-----+-----+-----+-----+-----
     |     |     |     |     |     |     |     |     |     |     |     |     |     |     |     |     |     |     |     |     |     |     |     |     |     |     |     |     |     |     |     |     |     |     |     |     |     |     |     |     |     |     |     |     |     |     |     |     |     |     |     |     |     |     |     |     |     |     |     |     |     |     |     |     |     |     |     |     |     |     |     |     |     |     |     |     |     |     |     |     |     |     |     |     |     |     |     |     |    
(1 row)

SELECT SearchEngineID, ClientIP, COUNT(*) AS c, SUM(IsRefresh), AVG(ResolutionWidth) FROM hits WHERE SearchPhrase <> '' GROUP BY SearchEngineID, ClientIP ORDER BY c DESC LIMIT 10;
 searchengineid | clientip | c | sum | avg 
----------------+----------+---+-----+-----
(0 rows)

SELECT WatchID, ClientIP, COUNT(*) AS c, SUM(IsRefresh), AVG(ResolutionWidth) FROM hits WHERE SearchPhrase <> '' GROUP BY WatchID, ClientIP ORDER BY c DESC LIMIT 10;
 watchid | clientip | c | sum | avg 
---------+----------+---+-----+-----
(0 rows)

SELECT WatchID, ClientIP, COUNT(*) AS c, SUM(IsRefresh), AVG(ResolutionWidth) FROM hits GROUP BY WatchID, ClientIP ORDER BY c DESC LIMIT 10;
 watchid | clientip | c | sum | avg 
---------+----------+---+-----+-----
(0 rows)

SELECT URL, COUNT(*) AS c FROM hits GROUP BY URL ORDER BY c DESC LIMIT 10;
 url | c 
-----+---
(0 rows)

SELECT 1, URL, COUNT(*) AS c FROM hits GROUP BY 1, URL ORDER BY c DESC LIMIT 10;
 ?column? | url | c 
----------+-----+---
(0 rows)

SELECT ClientIP, ClientIP - 1, ClientIP - 2, ClientIP - 3, COUNT(*) AS c FROM hits GROUP BY ClientIP, ClientIP - 1, ClientIP - 2, ClientIP - 3 ORDER BY c DESC LIMIT 10;
 clientip | ?column? | ?column? | ?column? | c 
----------+----------+----------+----------+---
(0 rows)

SELECT URL, COUNT(*) AS PageViews FROM hits WHERE CounterID = 62 AND EventDate >= '2013-07-01' AND EventDate <= '2013-07-31' AND DontCountHits = 0 AND IsRefresh = 0 AND URL <> '' GROUP BY URL ORDER BY PageViews DESC LIMIT 10;
 url | pageviews 
-----+-----------
(0 rows)

SELECT Title, COUNT(*) AS PageViews FROM hits WHERE CounterID = 62 AND EventDate >= '2013-07-01' AND EventDate <= '2013-07-31' AND DontCountHits = 0 AND IsRefresh = 0 AND Title <> '' GROUP BY Title ORDER BY PageViews DESC LIMIT 10;
 title | pageviews 
-------+-----------
(0 rows)

SELECT URL, COUNT(*) AS PageViews FROM hits WHERE CounterID = 62 AND EventDate >= '2013-07-01' AND EventDate <= '2013-07-31' AND IsRefresh = 0 AND IsLink <> 0 AND IsDownload = 0 GROUP BY URL ORDER BY PageViews DESC LIMIT 10 OFFSET 1000;
 url | pageviews 
-----+-----------
(0 rows)

SELECT TraficSourceID, SearchEngineID, AdvEngineID, CASE WHEN (SearchEngineID = 0 AND AdvEngineID = 0) THEN Referer ELSE '' END AS Src, URL AS Dst, COUNT(*) AS PageViews FROM hits WHERE CounterID = 62 AND EventDate >= '2013-07-01' AND EventDate <= '2013-07-31' AND IsRefresh = 0 GROUP BY TraficSourceID, SearchEngineID, AdvEngineID, Src, Dst ORDER BY PageViews DESC LIMIT 10 OFFSET 1000;
 traficsourceid | searchengineid | advengineid | src | dst | pageviews 
----------------+----------------+-------------+-----+-----+-----------
(0 rows)

SELECT URLHash, EventDate, COUNT(*) AS PageViews FROM hits WHERE CounterID = 62 AND EventDate >= '2013-07-01' AND EventDate <= '2013-07-31' AND IsRefresh = 0 AND TraficSourceID IN (-1, 6) AND RefererHash = 3594120000172545465 GROUP BY URLHash, EventDate ORDER BY PageViews DESC LIMIT 10 OFFSET 100;
 urlhash | eventdate | pageviews 
---------+-----------+-----------
(0 rows)

SELECT WindowClientWidth, WindowClientHeight, COUNT(*) AS PageViews FROM hits WHERE CounterID = 62 AND EventDate >= '2013-07-01' AND EventDate <= '2013-07-31' AND IsRefresh = 0 AND DontCountHits = 0 AND URLHash = 2868770270353813622 GROUP BY WindowClientWidth, WindowClientHeight ORDER BY PageViews DESC LIMIT 10 OFFSET 10000;
 windowclientwidth | windowclientheight | pageviews 
-------------------+--------------------+-----------
(0 rows)

---SELECT DATE_TRUNC('minute', EventTime) AS M, COUNT(*) AS PageViews FROM hits WHERE CounterID = 62 AND EventDate >= '2013-07-14' AND EventDate <= '2013-07-15' AND IsRefresh = 0 AND DontCountHits = 0 GROUP BY DATE_TRUNC('minute', EventTime) ORDER BY DATE_TRUNC('minute', EventTime) LIMIT 10 OFFSET 1000;
