drop table if exists heap_t1;
drop index if exists heap_i1;
create table heap_t1 (a integer, b integer);
NOTICE:  Table doesn't have 'DISTRIBUTED BY' clause -- Using column named 'a' as the Greenplum Database data distribution key for this table.
HINT:  The 'DISTRIBUTED BY' clause determines the distribution of data. Make sure column(s) chosen are the optimal data distribution key to minimize skew.
insert into heap_t1 select 1 as a, * from generate_series(1, 1000) as b;
create index heap_i1 on heap_t1(b);
select count(*) from heap_t1;
 count 
-------
  1000
(1 row)

select * from readindex('heap_i1'::regclass) as (ictid tid, hctid tid, aotid text, istatus text, hstatus text, val int) order by ictid;
  ictid   |  hctid  | aotid | istatus |           hstatus           | val  
----------+---------+-------+---------+-----------------------------+------
 (1,1)    | (0,1)   | N/A   | USED    | XMIN_COMITTTED XMAX_INVALID |    1
 (1,2)    | (0,2)   | N/A   | USED    | XMIN_COMITTTED XMAX_INVALID |    2
 (1,3)    | (0,3)   | N/A   | USED    | XMIN_COMITTTED XMAX_INVALID |    3
 (1,4)    | (0,4)   | N/A   | USED    | XMIN_COMITTTED XMAX_INVALID |    4
 (1,5)    | (0,5)   | N/A   | USED    | XMIN_COMITTTED XMAX_INVALID |    5
 (1,6)    | (0,6)   | N/A   | USED    | XMIN_COMITTTED XMAX_INVALID |    6
 (1,7)    | (0,7)   | N/A   | USED    | XMIN_COMITTTED XMAX_INVALID |    7
 (1,8)    | (0,8)   | N/A   | USED    | XMIN_COMITTTED XMAX_INVALID |    8
 (1,9)    | (0,9)   | N/A   | USED    | XMIN_COMITTTED XMAX_INVALID |    9
 (1,10)   | (0,10)  | N/A   | USED    | XMIN_COMITTTED XMAX_INVALID |   10
 (1,11)   | (0,11)  | N/A   | USED    | XMIN_COMITTTED XMAX_INVALID |   11
 (1,12)   | (0,12)  | N/A   | USED    | XMIN_COMITTTED XMAX_INVALID |   12
 (1,13)   | (0,13)  | N/A   | USED    | XMIN_COMITTTED XMAX_INVALID |   13
 (1,14)   | (0,14)  | N/A   | USED    | XMIN_COMITTTED XMAX_INVALID |   14
 (1,15)   | (0,15)  | N/A   | USED    | XMIN_COMITTTED XMAX_INVALID |   15
 (1,16)   | (0,16)  | N/A   | USED    | XMIN_COMITTTED XMAX_INVALID |   16
 (1,17)   | (0,17)  | N/A   | USED    | XMIN_COMITTTED XMAX_INVALID |   17
 (1,18)   | (0,18)  | N/A   | USED    | XMIN_COMITTTED XMAX_INVALID |   18
 (1,19)   | (0,19)  | N/A   | USED    | XMIN_COMITTTED XMAX_INVALID |   19
 (1,20)   | (0,20)  | N/A   | USED    | XMIN_COMITTTED XMAX_INVALID |   20
 (1,21)   | (0,21)  | N/A   | USED    | XMIN_COMITTTED XMAX_INVALID |   21
 (1,22)   | (0,22)  | N/A   | USED    | XMIN_COMITTTED XMAX_INVALID |   22
 (1,23)   | (0,23)  | N/A   | USED    | XMIN_COMITTTED XMAX_INVALID |   23
 (1,24)   | (0,24)  | N/A   | USED    | XMIN_COMITTTED XMAX_INVALID |   24
 (1,25)   | (0,25)  | N/A   | USED    | XMIN_COMITTTED XMAX_INVALID |   25
 (1,26)   | (0,26)  | N/A   | USED    | XMIN_COMITTTED XMAX_INVALID |   26
 (1,27)   | (0,27)  | N/A   | USED    | XMIN_COMITTTED XMAX_INVALID |   27
 (1,28)   | (0,28)  | N/A   | USED    | XMIN_COMITTTED XMAX_INVALID |   28
 (1,29)   | (0,29)  | N/A   | USED    | XMIN_COMITTTED XMAX_INVALID |   29
 (1,30)   | (0,30)  | N/A   | USED    | XMIN_COMITTTED XMAX_INVALID |   30
 (1,31)   | (0,31)  | N/A   | USED    | XMIN_COMITTTED XMAX_INVALID |   31
 (1,32)   | (0,32)  | N/A   | USED    | XMIN_COMITTTED XMAX_INVALID |   32
 (1,33)   | (0,33)  | N/A   | USED    | XMIN_COMITTTED XMAX_INVALID |   33
 (1,34)   | (0,34)  | N/A   | USED    | XMIN_COMITTTED XMAX_INVALID |   34
 (1,35)   | (0,35)  | N/A   | USED    | XMIN_COMITTTED XMAX_INVALID |   35
 (1,36)   | (0,36)  | N/A   | USED    | XMIN_COMITTTED XMAX_INVALID |   36
 (1,37)   | (0,37)  | N/A   | USED    | XMIN_COMITTTED XMAX_INVALID |   37
 (1,38)   | (0,38)  | N/A   | USED    | XMIN_COMITTTED XMAX_INVALID |   38
 (1,39)   | (0,39)  | N/A   | USED    | XMIN_COMITTTED XMAX_INVALID |   39
 (1,40)   | (0,40)  | N/A   | USED    | XMIN_COMITTTED XMAX_INVALID |   40
 (1,41)   | (0,41)  | N/A   | USED    | XMIN_COMITTTED XMAX_INVALID |   41
 (1,42)   | (0,42)  | N/A   | USED    | XMIN_COMITTTED XMAX_INVALID |   42
 (1,43)   | (0,43)  | N/A   | USED    | XMIN_COMITTTED XMAX_INVALID |   43
 (1,44)   | (0,44)  | N/A   | USED    | XMIN_COMITTTED XMAX_INVALID |   44
 (1,45)   | (0,45)  | N/A   | USED    | XMIN_COMITTTED XMAX_INVALID |   45
 (1,46)   | (0,46)  | N/A   | USED    | XMIN_COMITTTED XMAX_INVALID |   46
 (1,47)   | (0,47)  | N/A   | USED    | XMIN_COMITTTED XMAX_INVALID |   47
 (1,48)   | (0,48)  | N/A   | USED    | XMIN_COMITTTED XMAX_INVALID |   48
 (1,49)   | (0,49)  | N/A   | USED    | XMIN_COMITTTED XMAX_INVALID |   49
 (1,50)   | (0,50)  | N/A   | USED    | XMIN_COMITTTED XMAX_INVALID |   50
 (1,51)   | (0,51)  | N/A   | USED    | XMIN_COMITTTED XMAX_INVALID |   51
 (1,52)   | (0,52)  | N/A   | USED    | XMIN_COMITTTED XMAX_INVALID |   52
 (1,53)   | (0,53)  | N/A   | USED    | XMIN_COMITTTED XMAX_INVALID |   53
 (1,54)   | (0,54)  | N/A   | USED    | XMIN_COMITTTED XMAX_INVALID |   54
 (1,55)   | (0,55)  | N/A   | USED    | XMIN_COMITTTED XMAX_INVALID |   55
 (1,56)   | (0,56)  | N/A   | USED    | XMIN_COMITTTED XMAX_INVALID |   56
 (1,57)   | (0,57)  | N/A   | USED    | XMIN_COMITTTED XMAX_INVALID |   57
 (1,58)   | (0,58)  | N/A   | USED    | XMIN_COMITTTED XMAX_INVALID |   58
 (1,59)   | (0,59)  | N/A   | USED    | XMIN_COMITTTED XMAX_INVALID |   59
 (1,60)   | (0,60)  | N/A   | USED    | XMIN_COMITTTED XMAX_INVALID |   60
 (1,61)   | (0,61)  | N/A   | USED    | XMIN_COMITTTED XMAX_INVALID |   61
 (1,62)   | (0,62)  | N/A   | USED    | XMIN_COMITTTED XMAX_INVALID |   62
 (1,63)   | (0,63)  | N/A   | USED    | XMIN_COMITTTED XMAX_INVALID |   63
 (1,64)   | (0,64)  | N/A   | USED    | XMIN_COMITTTED XMAX_INVALID |   64
 (1,65)   | (0,65)  | N/A   | USED    | XMIN_COMITTTED XMAX_INVALID |   65
 (1,66)   | (0,66)  | N/A   | USED    | XMIN_COMITTTED XMAX_INVALID |   66
 (1,67)   | (0,67)  | N/A   | USED    | XMIN_COMITTTED XMAX_INVALID |   67
 (1,68)   | (0,68)  | N/A   | USED    | XMIN_COMITTTED XMAX_INVALID |   68
 (1,69)   | (0,69)  | N/A   | USED    | XMIN_COMITTTED XMAX_INVALID |   69
 (1,70)   | (0,70)  | N/A   | USED    | XMIN_COMITTTED XMAX_INVALID |   70
 (1,71)   | (0,71)  | N/A   | USED    | XMIN_COMITTTED XMAX_INVALID |   71
 (1,72)   | (0,72)  | N/A   | USED    | XMIN_COMITTTED XMAX_INVALID |   72
 (1,73)   | (0,73)  | N/A   | USED    | XMIN_COMITTTED XMAX_INVALID |   73
 (1,74)   | (0,74)  | N/A   | USED    | XMIN_COMITTTED XMAX_INVALID |   74
 (1,75)   | (0,75)  | N/A   | USED    | XMIN_COMITTTED XMAX_INVALID |   75
 (1,76)   | (0,76)  | N/A   | USED    | XMIN_COMITTTED XMAX_INVALID |   76
 (1,77)   | (0,77)  | N/A   | USED    | XMIN_COMITTTED XMAX_INVALID |   77
 (1,78)   | (0,78)  | N/A   | USED    | XMIN_COMITTTED XMAX_INVALID |   78
 (1,79)   | (0,79)  | N/A   | USED    | XMIN_COMITTTED XMAX_INVALID |   79
 (1,80)   | (0,80)  | N/A   | USED    | XMIN_COMITTTED XMAX_INVALID |   80
 (1,81)   | (0,81)  | N/A   | USED    | XMIN_COMITTTED XMAX_INVALID |   81
 (1,82)   | (0,82)  | N/A   | USED    | XMIN_COMITTTED XMAX_INVALID |   82
 (1,83)   | (0,83)  | N/A   | USED    | XMIN_COMITTTED XMAX_INVALID |   83
 (1,84)   | (0,84)  | N/A   | USED    | XMIN_COMITTTED XMAX_INVALID |   84
 (1,85)   | (0,85)  | N/A   | USED    | XMIN_COMITTTED XMAX_INVALID |   85
 (1,86)   | (0,86)  | N/A   | USED    | XMIN_COMITTTED XMAX_INVALID |   86
 (1,87)   | (0,87)  | N/A   | USED    | XMIN_COMITTTED XMAX_INVALID |   87
 (1,88)   | (0,88)  | N/A   | USED    | XMIN_COMITTTED XMAX_INVALID |   88
 (1,89)   | (0,89)  | N/A   | USED    | XMIN_COMITTTED XMAX_INVALID |   89
 (1,90)   | (0,90)  | N/A   | USED    | XMIN_COMITTTED XMAX_INVALID |   90
 (1,91)   | (0,91)  | N/A   | USED    | XMIN_COMITTTED XMAX_INVALID |   91
 (1,92)   | (0,92)  | N/A   | USED    | XMIN_COMITTTED XMAX_INVALID |   92
 (1,93)   | (0,93)  | N/A   | USED    | XMIN_COMITTTED XMAX_INVALID |   93
 (1,94)   | (0,94)  | N/A   | USED    | XMIN_COMITTTED XMAX_INVALID |   94
 (1,95)   | (0,95)  | N/A   | USED    | XMIN_COMITTTED XMAX_INVALID |   95
 (1,96)   | (0,96)  | N/A   | USED    | XMIN_COMITTTED XMAX_INVALID |   96
 (1,97)   | (0,97)  | N/A   | USED    | XMIN_COMITTTED XMAX_INVALID |   97
 (1,98)   | (0,98)  | N/A   | USED    | XMIN_COMITTTED XMAX_INVALID |   98
 (1,99)   | (0,99)  | N/A   | USED    | XMIN_COMITTTED XMAX_INVALID |   99
 (1,100)  | (0,100) | N/A   | USED    | XMIN_COMITTTED XMAX_INVALID |  100
 (1,101)  | (0,101) | N/A   | USED    | XMIN_COMITTTED XMAX_INVALID |  101
 (1,102)  | (0,102) | N/A   | USED    | XMIN_COMITTTED XMAX_INVALID |  102
 (1,103)  | (0,103) | N/A   | USED    | XMIN_COMITTTED XMAX_INVALID |  103
 (1,104)  | (0,104) | N/A   | USED    | XMIN_COMITTTED XMAX_INVALID |  104
 (1,105)  | (0,105) | N/A   | USED    | XMIN_COMITTTED XMAX_INVALID |  105
 (1,106)  | (0,106) | N/A   | USED    | XMIN_COMITTTED XMAX_INVALID |  106
 (1,107)  | (0,107) | N/A   | USED    | XMIN_COMITTTED XMAX_INVALID |  107
 (1,108)  | (0,108) | N/A   | USED    | XMIN_COMITTTED XMAX_INVALID |  108
 (1,109)  | (0,109) | N/A   | USED    | XMIN_COMITTTED XMAX_INVALID |  109
 (1,110)  | (0,110) | N/A   | USED    | XMIN_COMITTTED XMAX_INVALID |  110
 (1,111)  | (0,111) | N/A   | USED    | XMIN_COMITTTED XMAX_INVALID |  111
 (1,112)  | (0,112) | N/A   | USED    | XMIN_COMITTTED XMAX_INVALID |  112
 (1,113)  | (0,113) | N/A   | USED    | XMIN_COMITTTED XMAX_INVALID |  113
 (1,114)  | (0,114) | N/A   | USED    | XMIN_COMITTTED XMAX_INVALID |  114
 (1,115)  | (0,115) | N/A   | USED    | XMIN_COMITTTED XMAX_INVALID |  115
 (1,116)  | (0,116) | N/A   | USED    | XMIN_COMITTTED XMAX_INVALID |  116
 (1,117)  | (0,117) | N/A   | USED    | XMIN_COMITTTED XMAX_INVALID |  117
 (1,118)  | (0,118) | N/A   | USED    | XMIN_COMITTTED XMAX_INVALID |  118
 (1,119)  | (0,119) | N/A   | USED    | XMIN_COMITTTED XMAX_INVALID |  119
 (1,120)  | (0,120) | N/A   | USED    | XMIN_COMITTTED XMAX_INVALID |  120
 (1,121)  | (0,121) | N/A   | USED    | XMIN_COMITTTED XMAX_INVALID |  121
 (1,122)  | (0,122) | N/A   | USED    | XMIN_COMITTTED XMAX_INVALID |  122
 (1,123)  | (0,123) | N/A   | USED    | XMIN_COMITTTED XMAX_INVALID |  123
 (1,124)  | (0,124) | N/A   | USED    | XMIN_COMITTTED XMAX_INVALID |  124
 (1,125)  | (0,125) | N/A   | USED    | XMIN_COMITTTED XMAX_INVALID |  125
 (1,126)  | (0,126) | N/A   | USED    | XMIN_COMITTTED XMAX_INVALID |  126
 (1,127)  | (0,127) | N/A   | USED    | XMIN_COMITTTED XMAX_INVALID |  127
 (1,128)  | (0,128) | N/A   | USED    | XMIN_COMITTTED XMAX_INVALID |  128
 (1,129)  | (0,129) | N/A   | USED    | XMIN_COMITTTED XMAX_INVALID |  129
 (1,130)  | (0,130) | N/A   | USED    | XMIN_COMITTTED XMAX_INVALID |  130
 (1,131)  | (0,131) | N/A   | USED    | XMIN_COMITTTED XMAX_INVALID |  131
 (1,132)  | (0,132) | N/A   | USED    | XMIN_COMITTTED XMAX_INVALID |  132
 (1,133)  | (0,133) | N/A   | USED    | XMIN_COMITTTED XMAX_INVALID |  133
 (1,134)  | (0,134) | N/A   | USED    | XMIN_COMITTTED XMAX_INVALID |  134
 (1,135)  | (0,135) | N/A   | USED    | XMIN_COMITTTED XMAX_INVALID |  135
 (1,136)  | (0,136) | N/A   | USED    | XMIN_COMITTTED XMAX_INVALID |  136
 (1,137)  | (0,137) | N/A   | USED    | XMIN_COMITTTED XMAX_INVALID |  137
 (1,138)  | (0,138) | N/A   | USED    | XMIN_COMITTTED XMAX_INVALID |  138
 (1,139)  | (0,139) | N/A   | USED    | XMIN_COMITTTED XMAX_INVALID |  139
 (1,140)  | (0,140) | N/A   | USED    | XMIN_COMITTTED XMAX_INVALID |  140
 (1,141)  | (0,141) | N/A   | USED    | XMIN_COMITTTED XMAX_INVALID |  141
 (1,142)  | (0,142) | N/A   | USED    | XMIN_COMITTTED XMAX_INVALID |  142
 (1,143)  | (0,143) | N/A   | USED    | XMIN_COMITTTED XMAX_INVALID |  143
 (1,144)  | (0,144) | N/A   | USED    | XMIN_COMITTTED XMAX_INVALID |  144
 (1,145)  | (0,145) | N/A   | USED    | XMIN_COMITTTED XMAX_INVALID |  145
 (1,146)  | (0,146) | N/A   | USED    | XMIN_COMITTTED XMAX_INVALID |  146
 (1,147)  | (0,147) | N/A   | USED    | XMIN_COMITTTED XMAX_INVALID |  147
 (1,148)  | (0,148) | N/A   | USED    | XMIN_COMITTTED XMAX_INVALID |  148
 (1,149)  | (0,149) | N/A   | USED    | XMIN_COMITTTED XMAX_INVALID |  149
 (1,150)  | (0,150) | N/A   | USED    | XMIN_COMITTTED XMAX_INVALID |  150
 (1,151)  | (0,151) | N/A   | USED    | XMIN_COMITTTED XMAX_INVALID |  151
 (1,152)  | (0,152) | N/A   | USED    | XMIN_COMITTTED XMAX_INVALID |  152
 (1,153)  | (0,153) | N/A   | USED    | XMIN_COMITTTED XMAX_INVALID |  153
 (1,154)  | (0,154) | N/A   | USED    | XMIN_COMITTTED XMAX_INVALID |  154
 (1,155)  | (0,155) | N/A   | USED    | XMIN_COMITTTED XMAX_INVALID |  155
 (1,156)  | (0,156) | N/A   | USED    | XMIN_COMITTTED XMAX_INVALID |  156
 (1,157)  | (0,157) | N/A   | USED    | XMIN_COMITTTED XMAX_INVALID |  157
 (1,158)  | (0,158) | N/A   | USED    | XMIN_COMITTTED XMAX_INVALID |  158
 (1,159)  | (0,159) | N/A   | USED    | XMIN_COMITTTED XMAX_INVALID |  159
 (1,160)  | (0,160) | N/A   | USED    | XMIN_COMITTTED XMAX_INVALID |  160
 (1,161)  | (0,161) | N/A   | USED    | XMIN_COMITTTED XMAX_INVALID |  161
 (1,162)  | (0,162) | N/A   | USED    | XMIN_COMITTTED XMAX_INVALID |  162
 (1,163)  | (0,163) | N/A   | USED    | XMIN_COMITTTED XMAX_INVALID |  163
 (1,164)  | (0,164) | N/A   | USED    | XMIN_COMITTTED XMAX_INVALID |  164
 (1,165)  | (0,165) | N/A   | USED    | XMIN_COMITTTED XMAX_INVALID |  165
 (1,166)  | (0,166) | N/A   | USED    | XMIN_COMITTTED XMAX_INVALID |  166
 (1,167)  | (0,167) | N/A   | USED    | XMIN_COMITTTED XMAX_INVALID |  167
 (1,168)  | (0,168) | N/A   | USED    | XMIN_COMITTTED XMAX_INVALID |  168
 (1,169)  | (0,169) | N/A   | USED    | XMIN_COMITTTED XMAX_INVALID |  169
 (1,170)  | (0,170) | N/A   | USED    | XMIN_COMITTTED XMAX_INVALID |  170
 (1,171)  | (0,171) | N/A   | USED    | XMIN_COMITTTED XMAX_INVALID |  171
 (1,172)  | (0,172) | N/A   | USED    | XMIN_COMITTTED XMAX_INVALID |  172
 (1,173)  | (0,173) | N/A   | USED    | XMIN_COMITTTED XMAX_INVALID |  173
 (1,174)  | (0,174) | N/A   | USED    | XMIN_COMITTTED XMAX_INVALID |  174
 (1,175)  | (0,175) | N/A   | USED    | XMIN_COMITTTED XMAX_INVALID |  175
 (1,176)  | (0,176) | N/A   | USED    | XMIN_COMITTTED XMAX_INVALID |  176
 (1,177)  | (0,177) | N/A   | USED    | XMIN_COMITTTED XMAX_INVALID |  177
 (1,178)  | (0,178) | N/A   | USED    | XMIN_COMITTTED XMAX_INVALID |  178
 (1,179)  | (0,179) | N/A   | USED    | XMIN_COMITTTED XMAX_INVALID |  179
 (1,180)  | (0,180) | N/A   | USED    | XMIN_COMITTTED XMAX_INVALID |  180
 (1,181)  | (0,181) | N/A   | USED    | XMIN_COMITTTED XMAX_INVALID |  181
 (1,182)  | (0,182) | N/A   | USED    | XMIN_COMITTTED XMAX_INVALID |  182
 (1,183)  | (0,183) | N/A   | USED    | XMIN_COMITTTED XMAX_INVALID |  183
 (1,184)  | (0,184) | N/A   | USED    | XMIN_COMITTTED XMAX_INVALID |  184
 (1,185)  | (0,185) | N/A   | USED    | XMIN_COMITTTED XMAX_INVALID |  185
 (1,186)  | (0,186) | N/A   | USED    | XMIN_COMITTTED XMAX_INVALID |  186
 (1,187)  | (0,187) | N/A   | USED    | XMIN_COMITTTED XMAX_INVALID |  187
 (1,188)  | (0,188) | N/A   | USED    | XMIN_COMITTTED XMAX_INVALID |  188
 (1,189)  | (0,189) | N/A   | USED    | XMIN_COMITTTED XMAX_INVALID |  189
 (1,190)  | (0,190) | N/A   | USED    | XMIN_COMITTTED XMAX_INVALID |  190
 (1,191)  | (0,191) | N/A   | USED    | XMIN_COMITTTED XMAX_INVALID |  191
 (1,192)  | (0,192) | N/A   | USED    | XMIN_COMITTTED XMAX_INVALID |  192
 (1,193)  | (0,193) | N/A   | USED    | XMIN_COMITTTED XMAX_INVALID |  193
 (1,194)  | (0,194) | N/A   | USED    | XMIN_COMITTTED XMAX_INVALID |  194
 (1,195)  | (0,195) | N/A   | USED    | XMIN_COMITTTED XMAX_INVALID |  195
 (1,196)  | (0,196) | N/A   | USED    | XMIN_COMITTTED XMAX_INVALID |  196
 (1,197)  | (0,197) | N/A   | USED    | XMIN_COMITTTED XMAX_INVALID |  197
 (1,198)  | (0,198) | N/A   | USED    | XMIN_COMITTTED XMAX_INVALID |  198
 (1,199)  | (0,199) | N/A   | USED    | XMIN_COMITTTED XMAX_INVALID |  199
 (1,200)  | (0,200) | N/A   | USED    | XMIN_COMITTTED XMAX_INVALID |  200
 (1,201)  | (0,201) | N/A   | USED    | XMIN_COMITTTED XMAX_INVALID |  201
 (1,202)  | (0,202) | N/A   | USED    | XMIN_COMITTTED XMAX_INVALID |  202
 (1,203)  | (0,203) | N/A   | USED    | XMIN_COMITTTED XMAX_INVALID |  203
 (1,204)  | (0,204) | N/A   | USED    | XMIN_COMITTTED XMAX_INVALID |  204
 (1,205)  | (0,205) | N/A   | USED    | XMIN_COMITTTED XMAX_INVALID |  205
 (1,206)  | (0,206) | N/A   | USED    | XMIN_COMITTTED XMAX_INVALID |  206
 (1,207)  | (0,207) | N/A   | USED    | XMIN_COMITTTED XMAX_INVALID |  207
 (1,208)  | (0,208) | N/A   | USED    | XMIN_COMITTTED XMAX_INVALID |  208
 (1,209)  | (0,209) | N/A   | USED    | XMIN_COMITTTED XMAX_INVALID |  209
 (1,210)  | (0,210) | N/A   | USED    | XMIN_COMITTTED XMAX_INVALID |  210
 (1,211)  | (0,211) | N/A   | USED    | XMIN_COMITTTED XMAX_INVALID |  211
 (1,212)  | (0,212) | N/A   | USED    | XMIN_COMITTTED XMAX_INVALID |  212
 (1,213)  | (0,213) | N/A   | USED    | XMIN_COMITTTED XMAX_INVALID |  213
 (1,214)  | (0,214) | N/A   | USED    | XMIN_COMITTTED XMAX_INVALID |  214
 (1,215)  | (0,215) | N/A   | USED    | XMIN_COMITTTED XMAX_INVALID |  215
 (1,216)  | (0,216) | N/A   | USED    | XMIN_COMITTTED XMAX_INVALID |  216
 (1,217)  | (0,217) | N/A   | USED    | XMIN_COMITTTED XMAX_INVALID |  217
 (1,218)  | (0,218) | N/A   | USED    | XMIN_COMITTTED XMAX_INVALID |  218
 (1,219)  | (0,219) | N/A   | USED    | XMIN_COMITTTED XMAX_INVALID |  219
 (1,220)  | (0,220) | N/A   | USED    | XMIN_COMITTTED XMAX_INVALID |  220
 (1,221)  | (0,221) | N/A   | USED    | XMIN_COMITTTED XMAX_INVALID |  221
 (1,222)  | (0,222) | N/A   | USED    | XMIN_COMITTTED XMAX_INVALID |  222
 (1,223)  | (0,223) | N/A   | USED    | XMIN_COMITTTED XMAX_INVALID |  223
 (1,224)  | (0,224) | N/A   | USED    | XMIN_COMITTTED XMAX_INVALID |  224
 (1,225)  | (0,225) | N/A   | USED    | XMIN_COMITTTED XMAX_INVALID |  225
 (1,226)  | (0,226) | N/A   | USED    | XMIN_COMITTTED XMAX_INVALID |  226
 (1,227)  | (0,227) | N/A   | USED    | XMIN_COMITTTED XMAX_INVALID |  227
 (1,228)  | (0,228) | N/A   | USED    | XMIN_COMITTTED XMAX_INVALID |  228
 (1,229)  | (0,229) | N/A   | USED    | XMIN_COMITTTED XMAX_INVALID |  229
 (1,230)  | (0,230) | N/A   | USED    | XMIN_COMITTTED XMAX_INVALID |  230
 (1,231)  | (0,231) | N/A   | USED    | XMIN_COMITTTED XMAX_INVALID |  231
 (1,232)  | (0,232) | N/A   | USED    | XMIN_COMITTTED XMAX_INVALID |  232
 (1,233)  | (0,233) | N/A   | USED    | XMIN_COMITTTED XMAX_INVALID |  233
 (1,234)  | (0,234) | N/A   | USED    | XMIN_COMITTTED XMAX_INVALID |  234
 (1,235)  | (0,235) | N/A   | USED    | XMIN_COMITTTED XMAX_INVALID |  235
 (1,236)  | (0,236) | N/A   | USED    | XMIN_COMITTTED XMAX_INVALID |  236
 (1,237)  | (0,237) | N/A   | USED    | XMIN_COMITTTED XMAX_INVALID |  237
 (1,238)  | (0,238) | N/A   | USED    | XMIN_COMITTTED XMAX_INVALID |  238
 (1,239)  | (0,239) | N/A   | USED    | XMIN_COMITTTED XMAX_INVALID |  239
 (1,240)  | (0,240) | N/A   | USED    | XMIN_COMITTTED XMAX_INVALID |  240
 (1,241)  | (0,241) | N/A   | USED    | XMIN_COMITTTED XMAX_INVALID |  241
 (1,242)  | (0,242) | N/A   | USED    | XMIN_COMITTTED XMAX_INVALID |  242
 (1,243)  | (0,243) | N/A   | USED    | XMIN_COMITTTED XMAX_INVALID |  243
 (1,244)  | (0,244) | N/A   | USED    | XMIN_COMITTTED XMAX_INVALID |  244
 (1,245)  | (0,245) | N/A   | USED    | XMIN_COMITTTED XMAX_INVALID |  245
 (1,246)  | (0,246) | N/A   | USED    | XMIN_COMITTTED XMAX_INVALID |  246
 (1,247)  | (0,247) | N/A   | USED    | XMIN_COMITTTED XMAX_INVALID |  247
 (1,248)  | (0,248) | N/A   | USED    | XMIN_COMITTTED XMAX_INVALID |  248
 (1,249)  | (0,249) | N/A   | USED    | XMIN_COMITTTED XMAX_INVALID |  249
 (1,250)  | (0,250) | N/A   | USED    | XMIN_COMITTTED XMAX_INVALID |  250
 (1,251)  | (0,251) | N/A   | USED    | XMIN_COMITTTED XMAX_INVALID |  251
 (1,252)  | (0,252) | N/A   | USED    | XMIN_COMITTTED XMAX_INVALID |  252
 (1,253)  | (0,253) | N/A   | USED    | XMIN_COMITTTED XMAX_INVALID |  253
 (1,254)  | (0,254) | N/A   | USED    | XMIN_COMITTTED XMAX_INVALID |  254
 (1,255)  | (0,255) | N/A   | USED    | XMIN_COMITTTED XMAX_INVALID |  255
 (1,256)  | (0,256) | N/A   | USED    | XMIN_COMITTTED XMAX_INVALID |  256
 (1,257)  | (0,257) | N/A   | USED    | XMIN_COMITTTED XMAX_INVALID |  257
 (1,258)  | (0,258) | N/A   | USED    | XMIN_COMITTTED XMAX_INVALID |  258
 (1,259)  | (0,259) | N/A   | USED    | XMIN_COMITTTED XMAX_INVALID |  259
 (1,260)  | (0,260) | N/A   | USED    | XMIN_COMITTTED XMAX_INVALID |  260
 (1,261)  | (0,261) | N/A   | USED    | XMIN_COMITTTED XMAX_INVALID |  261
 (1,262)  | (0,262) | N/A   | USED    | XMIN_COMITTTED XMAX_INVALID |  262
 (1,263)  | (0,263) | N/A   | USED    | XMIN_COMITTTED XMAX_INVALID |  263
 (1,264)  | (0,264) | N/A   | USED    | XMIN_COMITTTED XMAX_INVALID |  264
 (1,265)  | (0,265) | N/A   | USED    | XMIN_COMITTTED XMAX_INVALID |  265
 (1,266)  | (0,266) | N/A   | USED    | XMIN_COMITTTED XMAX_INVALID |  266
 (1,267)  | (0,267) | N/A   | USED    | XMIN_COMITTTED XMAX_INVALID |  267
 (1,268)  | (0,268) | N/A   | USED    | XMIN_COMITTTED XMAX_INVALID |  268
 (1,269)  | (0,269) | N/A   | USED    | XMIN_COMITTTED XMAX_INVALID |  269
 (1,270)  | (0,270) | N/A   | USED    | XMIN_COMITTTED XMAX_INVALID |  270
 (1,271)  | (0,271) | N/A   | USED    | XMIN_COMITTTED XMAX_INVALID |  271
 (1,272)  | (0,272) | N/A   | USED    | XMIN_COMITTTED XMAX_INVALID |  272
 (1,273)  | (0,273) | N/A   | USED    | XMIN_COMITTTED XMAX_INVALID |  273
 (1,274)  | (0,274) | N/A   | USED    | XMIN_COMITTTED XMAX_INVALID |  274
 (1,275)  | (0,275) | N/A   | USED    | XMIN_COMITTTED XMAX_INVALID |  275
 (1,276)  | (0,276) | N/A   | USED    | XMIN_COMITTTED XMAX_INVALID |  276
 (1,277)  | (0,277) | N/A   | USED    | XMIN_COMITTTED XMAX_INVALID |  277
 (1,278)  | (0,278) | N/A   | USED    | XMIN_COMITTTED XMAX_INVALID |  278
 (1,279)  | (0,279) | N/A   | USED    | XMIN_COMITTTED XMAX_INVALID |  279
 (1,280)  | (0,280) | N/A   | USED    | XMIN_COMITTTED XMAX_INVALID |  280
 (1,281)  | (0,281) | N/A   | USED    | XMIN_COMITTTED XMAX_INVALID |  281
 (1,282)  | (0,282) | N/A   | USED    | XMIN_COMITTTED XMAX_INVALID |  282
 (1,283)  | (0,283) | N/A   | USED    | XMIN_COMITTTED XMAX_INVALID |  283
 (1,284)  | (0,284) | N/A   | USED    | XMIN_COMITTTED XMAX_INVALID |  284
 (1,285)  | (0,285) | N/A   | USED    | XMIN_COMITTTED XMAX_INVALID |  285
 (1,286)  | (0,286) | N/A   | USED    | XMIN_COMITTTED XMAX_INVALID |  286
 (1,287)  | (0,287) | N/A   | USED    | XMIN_COMITTTED XMAX_INVALID |  287
 (1,288)  | (0,288) | N/A   | USED    | XMIN_COMITTTED XMAX_INVALID |  288
 (1,289)  | (0,289) | N/A   | USED    | XMIN_COMITTTED XMAX_INVALID |  289
 (1,290)  | (0,290) | N/A   | USED    | XMIN_COMITTTED XMAX_INVALID |  290
 (1,291)  | (0,291) | N/A   | USED    | XMIN_COMITTTED XMAX_INVALID |  291
 (1,292)  | (0,292) | N/A   | USED    | XMIN_COMITTTED XMAX_INVALID |  292
 (1,293)  | (0,293) | N/A   | USED    | XMIN_COMITTTED XMAX_INVALID |  293
 (1,294)  | (0,294) | N/A   | USED    | XMIN_COMITTTED XMAX_INVALID |  294
 (1,295)  | (0,295) | N/A   | USED    | XMIN_COMITTTED XMAX_INVALID |  295
 (1,296)  | (0,296) | N/A   | USED    | XMIN_COMITTTED XMAX_INVALID |  296
 (1,297)  | (0,297) | N/A   | USED    | XMIN_COMITTTED XMAX_INVALID |  297
 (1,298)  | (0,298) | N/A   | USED    | XMIN_COMITTTED XMAX_INVALID |  298
 (1,299)  | (0,299) | N/A   | USED    | XMIN_COMITTTED XMAX_INVALID |  299
 (1,300)  | (0,300) | N/A   | USED    | XMIN_COMITTTED XMAX_INVALID |  300
 (1,301)  | (0,301) | N/A   | USED    | XMIN_COMITTTED XMAX_INVALID |  301
 (1,302)  | (0,302) | N/A   | USED    | XMIN_COMITTTED XMAX_INVALID |  302
 (1,303)  | (0,303) | N/A   | USED    | XMIN_COMITTTED XMAX_INVALID |  303
 (1,304)  | (0,304) | N/A   | USED    | XMIN_COMITTTED XMAX_INVALID |  304
 (1,305)  | (0,305) | N/A   | USED    | XMIN_COMITTTED XMAX_INVALID |  305
 (1,306)  | (0,306) | N/A   | USED    | XMIN_COMITTTED XMAX_INVALID |  306
 (1,307)  | (0,307) | N/A   | USED    | XMIN_COMITTTED XMAX_INVALID |  307
 (1,308)  | (0,308) | N/A   | USED    | XMIN_COMITTTED XMAX_INVALID |  308
 (1,309)  | (0,309) | N/A   | USED    | XMIN_COMITTTED XMAX_INVALID |  309
 (1,310)  | (0,310) | N/A   | USED    | XMIN_COMITTTED XMAX_INVALID |  310
 (1,311)  | (0,311) | N/A   | USED    | XMIN_COMITTTED XMAX_INVALID |  311
 (1,312)  | (0,312) | N/A   | USED    | XMIN_COMITTTED XMAX_INVALID |  312
 (1,313)  | (0,313) | N/A   | USED    | XMIN_COMITTTED XMAX_INVALID |  313
 (1,314)  | (0,314) | N/A   | USED    | XMIN_COMITTTED XMAX_INVALID |  314
 (1,315)  | (0,315) | N/A   | USED    | XMIN_COMITTTED XMAX_INVALID |  315
 (1,316)  | (0,316) | N/A   | USED    | XMIN_COMITTTED XMAX_INVALID |  316
 (1,317)  | (0,317) | N/A   | USED    | XMIN_COMITTTED XMAX_INVALID |  317
 (1,318)  | (0,318) | N/A   | USED    | XMIN_COMITTTED XMAX_INVALID |  318
 (1,319)  | (0,319) | N/A   | USED    | XMIN_COMITTTED XMAX_INVALID |  319
 (1,320)  | (0,320) | N/A   | USED    | XMIN_COMITTTED XMAX_INVALID |  320
 (1,321)  | (0,321) | N/A   | USED    | XMIN_COMITTTED XMAX_INVALID |  321
 (1,322)  | (0,322) | N/A   | USED    | XMIN_COMITTTED XMAX_INVALID |  322
 (1,323)  | (0,323) | N/A   | USED    | XMIN_COMITTTED XMAX_INVALID |  323
 (1,324)  | (0,324) | N/A   | USED    | XMIN_COMITTTED XMAX_INVALID |  324
 (1,325)  | (0,325) | N/A   | USED    | XMIN_COMITTTED XMAX_INVALID |  325
 (1,326)  | (0,326) | N/A   | USED    | XMIN_COMITTTED XMAX_INVALID |  326
 (1,327)  | (0,327) | N/A   | USED    | XMIN_COMITTTED XMAX_INVALID |  327
 (1,328)  | (0,328) | N/A   | USED    | XMIN_COMITTTED XMAX_INVALID |  328
 (1,329)  | (0,329) | N/A   | USED    | XMIN_COMITTTED XMAX_INVALID |  329
 (1,330)  | (0,330) | N/A   | USED    | XMIN_COMITTTED XMAX_INVALID |  330
 (1,331)  | (0,331) | N/A   | USED    | XMIN_COMITTTED XMAX_INVALID |  331
 (1,332)  | (0,332) | N/A   | USED    | XMIN_COMITTTED XMAX_INVALID |  332
 (1,333)  | (0,333) | N/A   | USED    | XMIN_COMITTTED XMAX_INVALID |  333
 (1,334)  | (0,334) | N/A   | USED    | XMIN_COMITTTED XMAX_INVALID |  334
 (1,335)  | (0,335) | N/A   | USED    | XMIN_COMITTTED XMAX_INVALID |  335
 (1,336)  | (0,336) | N/A   | USED    | XMIN_COMITTTED XMAX_INVALID |  336
 (1,337)  | (0,337) | N/A   | USED    | XMIN_COMITTTED XMAX_INVALID |  337
 (1,338)  | (0,338) | N/A   | USED    | XMIN_COMITTTED XMAX_INVALID |  338
 (1,339)  | (0,339) | N/A   | USED    | XMIN_COMITTTED XMAX_INVALID |  339
 (1,340)  | (0,340) | N/A   | USED    | XMIN_COMITTTED XMAX_INVALID |  340
 (1,341)  | (0,341) | N/A   | USED    | XMIN_COMITTTED XMAX_INVALID |  341
 (1,342)  | (0,342) | N/A   | USED    | XMIN_COMITTTED XMAX_INVALID |  342
 (1,343)  | (0,343) | N/A   | USED    | XMIN_COMITTTED XMAX_INVALID |  343
 (1,344)  | (0,344) | N/A   | USED    | XMIN_COMITTTED XMAX_INVALID |  344
 (1,345)  | (0,345) | N/A   | USED    | XMIN_COMITTTED XMAX_INVALID |  345
 (1,346)  | (0,346) | N/A   | USED    | XMIN_COMITTTED XMAX_INVALID |  346
 (1,347)  | (0,347) | N/A   | USED    | XMIN_COMITTTED XMAX_INVALID |  347
 (1,348)  | (0,348) | N/A   | USED    | XMIN_COMITTTED XMAX_INVALID |  348
 (1,349)  | (0,349) | N/A   | USED    | XMIN_COMITTTED XMAX_INVALID |  349
 (1,350)  | (0,350) | N/A   | USED    | XMIN_COMITTTED XMAX_INVALID |  350
 (1,351)  | (0,351) | N/A   | USED    | XMIN_COMITTTED XMAX_INVALID |  351
 (1,352)  | (0,352) | N/A   | USED    | XMIN_COMITTTED XMAX_INVALID |  352
 (1,353)  | (0,353) | N/A   | USED    | XMIN_COMITTTED XMAX_INVALID |  353
 (1,354)  | (0,354) | N/A   | USED    | XMIN_COMITTTED XMAX_INVALID |  354
 (1,355)  | (0,355) | N/A   | USED    | XMIN_COMITTTED XMAX_INVALID |  355
 (1,356)  | (0,356) | N/A   | USED    | XMIN_COMITTTED XMAX_INVALID |  356
 (1,357)  | (0,357) | N/A   | USED    | XMIN_COMITTTED XMAX_INVALID |  357
 (1,358)  | (0,358) | N/A   | USED    | XMIN_COMITTTED XMAX_INVALID |  358
 (1,359)  | (0,359) | N/A   | USED    | XMIN_COMITTTED XMAX_INVALID |  359
 (1,360)  | (0,360) | N/A   | USED    | XMIN_COMITTTED XMAX_INVALID |  360
 (1,361)  | (0,361) | N/A   | USED    | XMIN_COMITTTED XMAX_INVALID |  361
 (1,362)  | (0,362) | N/A   | USED    | XMIN_COMITTTED XMAX_INVALID |  362
 (1,363)  | (0,363) | N/A   | USED    | XMIN_COMITTTED XMAX_INVALID |  363
 (1,364)  | (0,364) | N/A   | USED    | XMIN_COMITTTED XMAX_INVALID |  364
 (1,365)  | (0,365) | N/A   | USED    | XMIN_COMITTTED XMAX_INVALID |  365
 (1,366)  | (0,366) | N/A   | USED    | XMIN_COMITTTED XMAX_INVALID |  366
 (1,367)  | (0,367) | N/A   | USED    | XMIN_COMITTTED XMAX_INVALID |  367
 (1,368)  | (0,368) | N/A   | USED    | XMIN_COMITTTED XMAX_INVALID |  368
 (1,369)  | (0,369) | N/A   | USED    | XMIN_COMITTTED XMAX_INVALID |  369
 (1,370)  | (0,370) | N/A   | USED    | XMIN_COMITTTED XMAX_INVALID |  370
 (1,371)  | (0,371) | N/A   | USED    | XMIN_COMITTTED XMAX_INVALID |  371
 (1,372)  | (0,372) | N/A   | USED    | XMIN_COMITTTED XMAX_INVALID |  372
 (1,373)  | (0,373) | N/A   | USED    | XMIN_COMITTTED XMAX_INVALID |  373
 (1,374)  | (0,374) | N/A   | USED    | XMIN_COMITTTED XMAX_INVALID |  374
 (1,375)  | (0,375) | N/A   | USED    | XMIN_COMITTTED XMAX_INVALID |  375
 (1,376)  | (0,376) | N/A   | USED    | XMIN_COMITTTED XMAX_INVALID |  376
 (1,377)  | (0,377) | N/A   | USED    | XMIN_COMITTTED XMAX_INVALID |  377
 (1,378)  | (0,378) | N/A   | USED    | XMIN_COMITTTED XMAX_INVALID |  378
 (1,379)  | (0,379) | N/A   | USED    | XMIN_COMITTTED XMAX_INVALID |  379
 (1,380)  | (0,380) | N/A   | USED    | XMIN_COMITTTED XMAX_INVALID |  380
 (1,381)  | (0,381) | N/A   | USED    | XMIN_COMITTTED XMAX_INVALID |  381
 (1,382)  | (0,382) | N/A   | USED    | XMIN_COMITTTED XMAX_INVALID |  382
 (1,383)  | (0,383) | N/A   | USED    | XMIN_COMITTTED XMAX_INVALID |  383
 (1,384)  | (0,384) | N/A   | USED    | XMIN_COMITTTED XMAX_INVALID |  384
 (1,385)  | (0,385) | N/A   | USED    | XMIN_COMITTTED XMAX_INVALID |  385
 (1,386)  | (0,386) | N/A   | USED    | XMIN_COMITTTED XMAX_INVALID |  386
 (1,387)  | (0,387) | N/A   | USED    | XMIN_COMITTTED XMAX_INVALID |  387
 (1,388)  | (0,388) | N/A   | USED    | XMIN_COMITTTED XMAX_INVALID |  388
 (1,389)  | (0,389) | N/A   | USED    | XMIN_COMITTTED XMAX_INVALID |  389
 (1,390)  | (0,390) | N/A   | USED    | XMIN_COMITTTED XMAX_INVALID |  390
 (1,391)  | (0,391) | N/A   | USED    | XMIN_COMITTTED XMAX_INVALID |  391
 (1,392)  | (0,392) | N/A   | USED    | XMIN_COMITTTED XMAX_INVALID |  392
 (1,393)  | (0,393) | N/A   | USED    | XMIN_COMITTTED XMAX_INVALID |  393
 (1,394)  | (0,394) | N/A   | USED    | XMIN_COMITTTED XMAX_INVALID |  394
 (1,395)  | (0,395) | N/A   | USED    | XMIN_COMITTTED XMAX_INVALID |  395
 (1,396)  | (0,396) | N/A   | USED    | XMIN_COMITTTED XMAX_INVALID |  396
 (1,397)  | (0,397) | N/A   | USED    | XMIN_COMITTTED XMAX_INVALID |  397
 (1,398)  | (0,398) | N/A   | USED    | XMIN_COMITTTED XMAX_INVALID |  398
 (1,399)  | (0,399) | N/A   | USED    | XMIN_COMITTTED XMAX_INVALID |  399
 (1,400)  | (0,400) | N/A   | USED    | XMIN_COMITTTED XMAX_INVALID |  400
 (1,401)  | (0,401) | N/A   | USED    | XMIN_COMITTTED XMAX_INVALID |  401
 (1,402)  | (0,402) | N/A   | USED    | XMIN_COMITTTED XMAX_INVALID |  402
 (1,403)  | (0,403) | N/A   | USED    | XMIN_COMITTTED XMAX_INVALID |  403
 (1,404)  | (0,404) | N/A   | USED    | XMIN_COMITTTED XMAX_INVALID |  404
 (1,405)  | (0,405) | N/A   | USED    | XMIN_COMITTTED XMAX_INVALID |  405
 (1,406)  | (0,406) | N/A   | USED    | XMIN_COMITTTED XMAX_INVALID |  406
 (1,407)  | (0,407) | N/A   | USED    | XMIN_COMITTTED XMAX_INVALID |  407
 (1,408)  | (0,408) | N/A   | USED    | XMIN_COMITTTED XMAX_INVALID |  408
 (1,409)  | (0,409) | N/A   | USED    | XMIN_COMITTTED XMAX_INVALID |  409
 (1,410)  | (0,410) | N/A   | USED    | XMIN_COMITTTED XMAX_INVALID |  410
 (1,411)  | (0,411) | N/A   | USED    | XMIN_COMITTTED XMAX_INVALID |  411
 (1,412)  | (0,412) | N/A   | USED    | XMIN_COMITTTED XMAX_INVALID |  412
 (1,413)  | (0,413) | N/A   | USED    | XMIN_COMITTTED XMAX_INVALID |  413
 (1,414)  | (0,414) | N/A   | USED    | XMIN_COMITTTED XMAX_INVALID |  414
 (1,415)  | (0,415) | N/A   | USED    | XMIN_COMITTTED XMAX_INVALID |  415
 (1,416)  | (0,416) | N/A   | USED    | XMIN_COMITTTED XMAX_INVALID |  416
 (1,417)  | (0,417) | N/A   | USED    | XMIN_COMITTTED XMAX_INVALID |  417
 (1,418)  | (0,418) | N/A   | USED    | XMIN_COMITTTED XMAX_INVALID |  418
 (1,419)  | (0,419) | N/A   | USED    | XMIN_COMITTTED XMAX_INVALID |  419
 (1,420)  | (0,420) | N/A   | USED    | XMIN_COMITTTED XMAX_INVALID |  420
 (1,421)  | (0,421) | N/A   | USED    | XMIN_COMITTTED XMAX_INVALID |  421
 (1,422)  | (0,422) | N/A   | USED    | XMIN_COMITTTED XMAX_INVALID |  422
 (1,423)  | (0,423) | N/A   | USED    | XMIN_COMITTTED XMAX_INVALID |  423
 (1,424)  | (0,424) | N/A   | USED    | XMIN_COMITTTED XMAX_INVALID |  424
 (1,425)  | (0,425) | N/A   | USED    | XMIN_COMITTTED XMAX_INVALID |  425
 (1,426)  | (0,426) | N/A   | USED    | XMIN_COMITTTED XMAX_INVALID |  426
 (1,427)  | (0,427) | N/A   | USED    | XMIN_COMITTTED XMAX_INVALID |  427
 (1,428)  | (0,428) | N/A   | USED    | XMIN_COMITTTED XMAX_INVALID |  428
 (1,429)  | (0,429) | N/A   | USED    | XMIN_COMITTTED XMAX_INVALID |  429
 (1,430)  | (0,430) | N/A   | USED    | XMIN_COMITTTED XMAX_INVALID |  430
 (1,431)  | (0,431) | N/A   | USED    | XMIN_COMITTTED XMAX_INVALID |  431
 (1,432)  | (0,432) | N/A   | USED    | XMIN_COMITTTED XMAX_INVALID |  432
 (1,433)  | (0,433) | N/A   | USED    | XMIN_COMITTTED XMAX_INVALID |  433
 (1,434)  | (0,434) | N/A   | USED    | XMIN_COMITTTED XMAX_INVALID |  434
 (1,435)  | (0,435) | N/A   | USED    | XMIN_COMITTTED XMAX_INVALID |  435
 (1,436)  | (0,436) | N/A   | USED    | XMIN_COMITTTED XMAX_INVALID |  436
 (1,437)  | (0,437) | N/A   | USED    | XMIN_COMITTTED XMAX_INVALID |  437
 (1,438)  | (0,438) | N/A   | USED    | XMIN_COMITTTED XMAX_INVALID |  438
 (1,439)  | (0,439) | N/A   | USED    | XMIN_COMITTTED XMAX_INVALID |  439
 (1,440)  | (0,440) | N/A   | USED    | XMIN_COMITTTED XMAX_INVALID |  440
 (1,441)  | (0,441) | N/A   | USED    | XMIN_COMITTTED XMAX_INVALID |  441
 (1,442)  | (0,442) | N/A   | USED    | XMIN_COMITTTED XMAX_INVALID |  442
 (1,443)  | (0,443) | N/A   | USED    | XMIN_COMITTTED XMAX_INVALID |  443
 (1,444)  | (0,444) | N/A   | USED    | XMIN_COMITTTED XMAX_INVALID |  444
 (1,445)  | (0,445) | N/A   | USED    | XMIN_COMITTTED XMAX_INVALID |  445
 (1,446)  | (0,446) | N/A   | USED    | XMIN_COMITTTED XMAX_INVALID |  446
 (1,447)  | (0,447) | N/A   | USED    | XMIN_COMITTTED XMAX_INVALID |  447
 (1,448)  | (0,448) | N/A   | USED    | XMIN_COMITTTED XMAX_INVALID |  448
 (1,449)  | (0,449) | N/A   | USED    | XMIN_COMITTTED XMAX_INVALID |  449
 (1,450)  | (0,450) | N/A   | USED    | XMIN_COMITTTED XMAX_INVALID |  450
 (1,451)  | (0,451) | N/A   | USED    | XMIN_COMITTTED XMAX_INVALID |  451
 (1,452)  | (0,452) | N/A   | USED    | XMIN_COMITTTED XMAX_INVALID |  452
 (1,453)  | (0,453) | N/A   | USED    | XMIN_COMITTTED XMAX_INVALID |  453
 (1,454)  | (0,454) | N/A   | USED    | XMIN_COMITTTED XMAX_INVALID |  454
 (1,455)  | (0,455) | N/A   | USED    | XMIN_COMITTTED XMAX_INVALID |  455
 (1,456)  | (0,456) | N/A   | USED    | XMIN_COMITTTED XMAX_INVALID |  456
 (1,457)  | (0,457) | N/A   | USED    | XMIN_COMITTTED XMAX_INVALID |  457
 (1,458)  | (0,458) | N/A   | USED    | XMIN_COMITTTED XMAX_INVALID |  458
 (1,459)  | (0,459) | N/A   | USED    | XMIN_COMITTTED XMAX_INVALID |  459
 (1,460)  | (0,460) | N/A   | USED    | XMIN_COMITTTED XMAX_INVALID |  460
 (1,461)  | (0,461) | N/A   | USED    | XMIN_COMITTTED XMAX_INVALID |  461
 (1,462)  | (0,462) | N/A   | USED    | XMIN_COMITTTED XMAX_INVALID |  462
 (1,463)  | (0,463) | N/A   | USED    | XMIN_COMITTTED XMAX_INVALID |  463
 (1,464)  | (0,464) | N/A   | USED    | XMIN_COMITTTED XMAX_INVALID |  464
 (1,465)  | (0,465) | N/A   | USED    | XMIN_COMITTTED XMAX_INVALID |  465
 (1,466)  | (0,466) | N/A   | USED    | XMIN_COMITTTED XMAX_INVALID |  466
 (1,467)  | (0,467) | N/A   | USED    | XMIN_COMITTTED XMAX_INVALID |  467
 (1,468)  | (0,468) | N/A   | USED    | XMIN_COMITTTED XMAX_INVALID |  468
 (1,469)  | (0,469) | N/A   | USED    | XMIN_COMITTTED XMAX_INVALID |  469
 (1,470)  | (0,470) | N/A   | USED    | XMIN_COMITTTED XMAX_INVALID |  470
 (1,471)  | (0,471) | N/A   | USED    | XMIN_COMITTTED XMAX_INVALID |  471
 (1,472)  | (0,472) | N/A   | USED    | XMIN_COMITTTED XMAX_INVALID |  472
 (1,473)  | (0,473) | N/A   | USED    | XMIN_COMITTTED XMAX_INVALID |  473
 (1,474)  | (0,474) | N/A   | USED    | XMIN_COMITTTED XMAX_INVALID |  474
 (1,475)  | (0,475) | N/A   | USED    | XMIN_COMITTTED XMAX_INVALID |  475
 (1,476)  | (0,476) | N/A   | USED    | XMIN_COMITTTED XMAX_INVALID |  476
 (1,477)  | (0,477) | N/A   | USED    | XMIN_COMITTTED XMAX_INVALID |  477
 (1,478)  | (0,478) | N/A   | USED    | XMIN_COMITTTED XMAX_INVALID |  478
 (1,479)  | (0,479) | N/A   | USED    | XMIN_COMITTTED XMAX_INVALID |  479
 (1,480)  | (0,480) | N/A   | USED    | XMIN_COMITTTED XMAX_INVALID |  480
 (1,481)  | (0,481) | N/A   | USED    | XMIN_COMITTTED XMAX_INVALID |  481
 (1,482)  | (0,482) | N/A   | USED    | XMIN_COMITTTED XMAX_INVALID |  482
 (1,483)  | (0,483) | N/A   | USED    | XMIN_COMITTTED XMAX_INVALID |  483
 (1,484)  | (0,484) | N/A   | USED    | XMIN_COMITTTED XMAX_INVALID |  484
 (1,485)  | (0,485) | N/A   | USED    | XMIN_COMITTTED XMAX_INVALID |  485
 (1,486)  | (0,486) | N/A   | USED    | XMIN_COMITTTED XMAX_INVALID |  486
 (1,487)  | (0,487) | N/A   | USED    | XMIN_COMITTTED XMAX_INVALID |  487
 (1,488)  | (0,488) | N/A   | USED    | XMIN_COMITTTED XMAX_INVALID |  488
 (1,489)  | (0,489) | N/A   | USED    | XMIN_COMITTTED XMAX_INVALID |  489
 (1,490)  | (0,490) | N/A   | USED    | XMIN_COMITTTED XMAX_INVALID |  490
 (1,491)  | (0,491) | N/A   | USED    | XMIN_COMITTTED XMAX_INVALID |  491
 (1,492)  | (0,492) | N/A   | USED    | XMIN_COMITTTED XMAX_INVALID |  492
 (1,493)  | (0,493) | N/A   | USED    | XMIN_COMITTTED XMAX_INVALID |  493
 (1,494)  | (0,494) | N/A   | USED    | XMIN_COMITTTED XMAX_INVALID |  494
 (1,495)  | (0,495) | N/A   | USED    | XMIN_COMITTTED XMAX_INVALID |  495
 (1,496)  | (0,496) | N/A   | USED    | XMIN_COMITTTED XMAX_INVALID |  496
 (1,497)  | (0,497) | N/A   | USED    | XMIN_COMITTTED XMAX_INVALID |  497
 (1,498)  | (0,498) | N/A   | USED    | XMIN_COMITTTED XMAX_INVALID |  498
 (1,499)  | (0,499) | N/A   | USED    | XMIN_COMITTTED XMAX_INVALID |  499
 (1,500)  | (0,500) | N/A   | USED    | XMIN_COMITTTED XMAX_INVALID |  500
 (1,501)  | (0,501) | N/A   | USED    | XMIN_COMITTTED XMAX_INVALID |  501
 (1,502)  | (0,502) | N/A   | USED    | XMIN_COMITTTED XMAX_INVALID |  502
 (1,503)  | (0,503) | N/A   | USED    | XMIN_COMITTTED XMAX_INVALID |  503
 (1,504)  | (0,504) | N/A   | USED    | XMIN_COMITTTED XMAX_INVALID |  504
 (1,505)  | (0,505) | N/A   | USED    | XMIN_COMITTTED XMAX_INVALID |  505
 (1,506)  | (0,506) | N/A   | USED    | XMIN_COMITTTED XMAX_INVALID |  506
 (1,507)  | (0,507) | N/A   | USED    | XMIN_COMITTTED XMAX_INVALID |  507
 (1,508)  | (0,508) | N/A   | USED    | XMIN_COMITTTED XMAX_INVALID |  508
 (1,509)  | (0,509) | N/A   | USED    | XMIN_COMITTTED XMAX_INVALID |  509
 (1,510)  | (0,510) | N/A   | USED    | XMIN_COMITTTED XMAX_INVALID |  510
 (1,511)  | (0,511) | N/A   | USED    | XMIN_COMITTTED XMAX_INVALID |  511
 (1,512)  | (0,512) | N/A   | USED    | XMIN_COMITTTED XMAX_INVALID |  512
 (1,513)  | (0,513) | N/A   | USED    | XMIN_COMITTTED XMAX_INVALID |  513
 (1,514)  | (0,514) | N/A   | USED    | XMIN_COMITTTED XMAX_INVALID |  514
 (1,515)  | (0,515) | N/A   | USED    | XMIN_COMITTTED XMAX_INVALID |  515
 (1,516)  | (0,516) | N/A   | USED    | XMIN_COMITTTED XMAX_INVALID |  516
 (1,517)  | (0,517) | N/A   | USED    | XMIN_COMITTTED XMAX_INVALID |  517
 (1,518)  | (0,518) | N/A   | USED    | XMIN_COMITTTED XMAX_INVALID |  518
 (1,519)  | (0,519) | N/A   | USED    | XMIN_COMITTTED XMAX_INVALID |  519
 (1,520)  | (0,520) | N/A   | USED    | XMIN_COMITTTED XMAX_INVALID |  520
 (1,521)  | (0,521) | N/A   | USED    | XMIN_COMITTTED XMAX_INVALID |  521
 (1,522)  | (0,522) | N/A   | USED    | XMIN_COMITTTED XMAX_INVALID |  522
 (1,523)  | (0,523) | N/A   | USED    | XMIN_COMITTTED XMAX_INVALID |  523
 (1,524)  | (0,524) | N/A   | USED    | XMIN_COMITTTED XMAX_INVALID |  524
 (1,525)  | (0,525) | N/A   | USED    | XMIN_COMITTTED XMAX_INVALID |  525
 (1,526)  | (0,526) | N/A   | USED    | XMIN_COMITTTED XMAX_INVALID |  526
 (1,527)  | (0,527) | N/A   | USED    | XMIN_COMITTTED XMAX_INVALID |  527
 (1,528)  | (0,528) | N/A   | USED    | XMIN_COMITTTED XMAX_INVALID |  528
 (1,529)  | (0,529) | N/A   | USED    | XMIN_COMITTTED XMAX_INVALID |  529
 (1,530)  | (0,530) | N/A   | USED    | XMIN_COMITTTED XMAX_INVALID |  530
 (1,531)  | (0,531) | N/A   | USED    | XMIN_COMITTTED XMAX_INVALID |  531
 (1,532)  | (0,532) | N/A   | USED    | XMIN_COMITTTED XMAX_INVALID |  532
 (1,533)  | (0,533) | N/A   | USED    | XMIN_COMITTTED XMAX_INVALID |  533
 (1,534)  | (0,534) | N/A   | USED    | XMIN_COMITTTED XMAX_INVALID |  534
 (1,535)  | (0,535) | N/A   | USED    | XMIN_COMITTTED XMAX_INVALID |  535
 (1,536)  | (0,536) | N/A   | USED    | XMIN_COMITTTED XMAX_INVALID |  536
 (1,537)  | (0,537) | N/A   | USED    | XMIN_COMITTTED XMAX_INVALID |  537
 (1,538)  | (0,538) | N/A   | USED    | XMIN_COMITTTED XMAX_INVALID |  538
 (1,539)  | (0,539) | N/A   | USED    | XMIN_COMITTTED XMAX_INVALID |  539
 (1,540)  | (0,540) | N/A   | USED    | XMIN_COMITTTED XMAX_INVALID |  540
 (1,541)  | (0,541) | N/A   | USED    | XMIN_COMITTTED XMAX_INVALID |  541
 (1,542)  | (0,542) | N/A   | USED    | XMIN_COMITTTED XMAX_INVALID |  542
 (1,543)  | (0,543) | N/A   | USED    | XMIN_COMITTTED XMAX_INVALID |  543
 (1,544)  | (0,544) | N/A   | USED    | XMIN_COMITTTED XMAX_INVALID |  544
 (1,545)  | (0,545) | N/A   | USED    | XMIN_COMITTTED XMAX_INVALID |  545
 (1,546)  | (0,546) | N/A   | USED    | XMIN_COMITTTED XMAX_INVALID |  546
 (1,547)  | (0,547) | N/A   | USED    | XMIN_COMITTTED XMAX_INVALID |  547
 (1,548)  | (0,548) | N/A   | USED    | XMIN_COMITTTED XMAX_INVALID |  548
 (1,549)  | (0,549) | N/A   | USED    | XMIN_COMITTTED XMAX_INVALID |  549
 (1,550)  | (0,550) | N/A   | USED    | XMIN_COMITTTED XMAX_INVALID |  550
 (1,551)  | (0,551) | N/A   | USED    | XMIN_COMITTTED XMAX_INVALID |  551
 (1,552)  | (0,552) | N/A   | USED    | XMIN_COMITTTED XMAX_INVALID |  552
 (1,553)  | (0,553) | N/A   | USED    | XMIN_COMITTTED XMAX_INVALID |  553
 (1,554)  | (0,554) | N/A   | USED    | XMIN_COMITTTED XMAX_INVALID |  554
 (1,555)  | (0,555) | N/A   | USED    | XMIN_COMITTTED XMAX_INVALID |  555
 (1,556)  | (0,556) | N/A   | USED    | XMIN_COMITTTED XMAX_INVALID |  556
 (1,557)  | (0,557) | N/A   | USED    | XMIN_COMITTTED XMAX_INVALID |  557
 (1,558)  | (0,558) | N/A   | USED    | XMIN_COMITTTED XMAX_INVALID |  558
 (1,559)  | (0,559) | N/A   | USED    | XMIN_COMITTTED XMAX_INVALID |  559
 (1,560)  | (0,560) | N/A   | USED    | XMIN_COMITTTED XMAX_INVALID |  560
 (1,561)  | (0,561) | N/A   | USED    | XMIN_COMITTTED XMAX_INVALID |  561
 (1,562)  | (0,562) | N/A   | USED    | XMIN_COMITTTED XMAX_INVALID |  562
 (1,563)  | (0,563) | N/A   | USED    | XMIN_COMITTTED XMAX_INVALID |  563
 (1,564)  | (0,564) | N/A   | USED    | XMIN_COMITTTED XMAX_INVALID |  564
 (1,565)  | (0,565) | N/A   | USED    | XMIN_COMITTTED XMAX_INVALID |  565
 (1,566)  | (0,566) | N/A   | USED    | XMIN_COMITTTED XMAX_INVALID |  566
 (1,567)  | (0,567) | N/A   | USED    | XMIN_COMITTTED XMAX_INVALID |  567
 (1,568)  | (0,568) | N/A   | USED    | XMIN_COMITTTED XMAX_INVALID |  568
 (1,569)  | (0,569) | N/A   | USED    | XMIN_COMITTTED XMAX_INVALID |  569
 (1,570)  | (0,570) | N/A   | USED    | XMIN_COMITTTED XMAX_INVALID |  570
 (1,571)  | (0,571) | N/A   | USED    | XMIN_COMITTTED XMAX_INVALID |  571
 (1,572)  | (0,572) | N/A   | USED    | XMIN_COMITTTED XMAX_INVALID |  572
 (1,573)  | (0,573) | N/A   | USED    | XMIN_COMITTTED XMAX_INVALID |  573
 (1,574)  | (0,574) | N/A   | USED    | XMIN_COMITTTED XMAX_INVALID |  574
 (1,575)  | (0,575) | N/A   | USED    | XMIN_COMITTTED XMAX_INVALID |  575
 (1,576)  | (0,576) | N/A   | USED    | XMIN_COMITTTED XMAX_INVALID |  576
 (1,577)  | (0,577) | N/A   | USED    | XMIN_COMITTTED XMAX_INVALID |  577
 (1,578)  | (0,578) | N/A   | USED    | XMIN_COMITTTED XMAX_INVALID |  578
 (1,579)  | (0,579) | N/A   | USED    | XMIN_COMITTTED XMAX_INVALID |  579
 (1,580)  | (0,580) | N/A   | USED    | XMIN_COMITTTED XMAX_INVALID |  580
 (1,581)  | (0,581) | N/A   | USED    | XMIN_COMITTTED XMAX_INVALID |  581
 (1,582)  | (0,582) | N/A   | USED    | XMIN_COMITTTED XMAX_INVALID |  582
 (1,583)  | (0,583) | N/A   | USED    | XMIN_COMITTTED XMAX_INVALID |  583
 (1,584)  | (0,584) | N/A   | USED    | XMIN_COMITTTED XMAX_INVALID |  584
 (1,585)  | (0,585) | N/A   | USED    | XMIN_COMITTTED XMAX_INVALID |  585
 (1,586)  | (0,586) | N/A   | USED    | XMIN_COMITTTED XMAX_INVALID |  586
 (1,587)  | (0,587) | N/A   | USED    | XMIN_COMITTTED XMAX_INVALID |  587
 (1,588)  | (0,588) | N/A   | USED    | XMIN_COMITTTED XMAX_INVALID |  588
 (1,589)  | (0,589) | N/A   | USED    | XMIN_COMITTTED XMAX_INVALID |  589
 (1,590)  | (0,590) | N/A   | USED    | XMIN_COMITTTED XMAX_INVALID |  590
 (1,591)  | (0,591) | N/A   | USED    | XMIN_COMITTTED XMAX_INVALID |  591
 (1,592)  | (0,592) | N/A   | USED    | XMIN_COMITTTED XMAX_INVALID |  592
 (1,593)  | (0,593) | N/A   | USED    | XMIN_COMITTTED XMAX_INVALID |  593
 (1,594)  | (0,594) | N/A   | USED    | XMIN_COMITTTED XMAX_INVALID |  594
 (1,595)  | (0,595) | N/A   | USED    | XMIN_COMITTTED XMAX_INVALID |  595
 (1,596)  | (0,596) | N/A   | USED    | XMIN_COMITTTED XMAX_INVALID |  596
 (1,597)  | (0,597) | N/A   | USED    | XMIN_COMITTTED XMAX_INVALID |  597
 (1,598)  | (0,598) | N/A   | USED    | XMIN_COMITTTED XMAX_INVALID |  598
 (1,599)  | (0,599) | N/A   | USED    | XMIN_COMITTTED XMAX_INVALID |  599
 (1,600)  | (0,600) | N/A   | USED    | XMIN_COMITTTED XMAX_INVALID |  600
 (1,601)  | (0,601) | N/A   | USED    | XMIN_COMITTTED XMAX_INVALID |  601
 (1,602)  | (0,602) | N/A   | USED    | XMIN_COMITTTED XMAX_INVALID |  602
 (1,603)  | (0,603) | N/A   | USED    | XMIN_COMITTTED XMAX_INVALID |  603
 (1,604)  | (0,604) | N/A   | USED    | XMIN_COMITTTED XMAX_INVALID |  604
 (1,605)  | (0,605) | N/A   | USED    | XMIN_COMITTTED XMAX_INVALID |  605
 (1,606)  | (0,606) | N/A   | USED    | XMIN_COMITTTED XMAX_INVALID |  606
 (1,607)  | (0,607) | N/A   | USED    | XMIN_COMITTTED XMAX_INVALID |  607
 (1,608)  | (0,608) | N/A   | USED    | XMIN_COMITTTED XMAX_INVALID |  608
 (1,609)  | (0,609) | N/A   | USED    | XMIN_COMITTTED XMAX_INVALID |  609
 (1,610)  | (0,610) | N/A   | USED    | XMIN_COMITTTED XMAX_INVALID |  610
 (1,611)  | (0,611) | N/A   | USED    | XMIN_COMITTTED XMAX_INVALID |  611
 (1,612)  | (0,612) | N/A   | USED    | XMIN_COMITTTED XMAX_INVALID |  612
 (1,613)  | (0,613) | N/A   | USED    | XMIN_COMITTTED XMAX_INVALID |  613
 (1,614)  | (0,614) | N/A   | USED    | XMIN_COMITTTED XMAX_INVALID |  614
 (1,615)  | (0,615) | N/A   | USED    | XMIN_COMITTTED XMAX_INVALID |  615
 (1,616)  | (0,616) | N/A   | USED    | XMIN_COMITTTED XMAX_INVALID |  616
 (1,617)  | (0,617) | N/A   | USED    | XMIN_COMITTTED XMAX_INVALID |  617
 (1,618)  | (0,618) | N/A   | USED    | XMIN_COMITTTED XMAX_INVALID |  618
 (1,619)  | (0,619) | N/A   | USED    | XMIN_COMITTTED XMAX_INVALID |  619
 (1,620)  | (0,620) | N/A   | USED    | XMIN_COMITTTED XMAX_INVALID |  620
 (1,621)  | (0,621) | N/A   | USED    | XMIN_COMITTTED XMAX_INVALID |  621
 (1,622)  | (0,622) | N/A   | USED    | XMIN_COMITTTED XMAX_INVALID |  622
 (1,623)  | (0,623) | N/A   | USED    | XMIN_COMITTTED XMAX_INVALID |  623
 (1,624)  | (0,624) | N/A   | USED    | XMIN_COMITTTED XMAX_INVALID |  624
 (1,625)  | (0,625) | N/A   | USED    | XMIN_COMITTTED XMAX_INVALID |  625
 (1,626)  | (0,626) | N/A   | USED    | XMIN_COMITTTED XMAX_INVALID |  626
 (1,627)  | (0,627) | N/A   | USED    | XMIN_COMITTTED XMAX_INVALID |  627
 (1,628)  | (0,628) | N/A   | USED    | XMIN_COMITTTED XMAX_INVALID |  628
 (1,629)  | (0,629) | N/A   | USED    | XMIN_COMITTTED XMAX_INVALID |  629
 (1,630)  | (0,630) | N/A   | USED    | XMIN_COMITTTED XMAX_INVALID |  630
 (1,631)  | (0,631) | N/A   | USED    | XMIN_COMITTTED XMAX_INVALID |  631
 (1,632)  | (0,632) | N/A   | USED    | XMIN_COMITTTED XMAX_INVALID |  632
 (1,633)  | (0,633) | N/A   | USED    | XMIN_COMITTTED XMAX_INVALID |  633
 (1,634)  | (0,634) | N/A   | USED    | XMIN_COMITTTED XMAX_INVALID |  634
 (1,635)  | (0,635) | N/A   | USED    | XMIN_COMITTTED XMAX_INVALID |  635
 (1,636)  | (0,636) | N/A   | USED    | XMIN_COMITTTED XMAX_INVALID |  636
 (1,637)  | (0,637) | N/A   | USED    | XMIN_COMITTTED XMAX_INVALID |  637
 (1,638)  | (0,638) | N/A   | USED    | XMIN_COMITTTED XMAX_INVALID |  638
 (1,639)  | (0,639) | N/A   | USED    | XMIN_COMITTTED XMAX_INVALID |  639
 (1,640)  | (0,640) | N/A   | USED    | XMIN_COMITTTED XMAX_INVALID |  640
 (1,641)  | (0,641) | N/A   | USED    | XMIN_COMITTTED XMAX_INVALID |  641
 (1,642)  | (0,642) | N/A   | USED    | XMIN_COMITTTED XMAX_INVALID |  642
 (1,643)  | (0,643) | N/A   | USED    | XMIN_COMITTTED XMAX_INVALID |  643
 (1,644)  | (0,644) | N/A   | USED    | XMIN_COMITTTED XMAX_INVALID |  644
 (1,645)  | (0,645) | N/A   | USED    | XMIN_COMITTTED XMAX_INVALID |  645
 (1,646)  | (0,646) | N/A   | USED    | XMIN_COMITTTED XMAX_INVALID |  646
 (1,647)  | (0,647) | N/A   | USED    | XMIN_COMITTTED XMAX_INVALID |  647
 (1,648)  | (0,648) | N/A   | USED    | XMIN_COMITTTED XMAX_INVALID |  648
 (1,649)  | (0,649) | N/A   | USED    | XMIN_COMITTTED XMAX_INVALID |  649
 (1,650)  | (0,650) | N/A   | USED    | XMIN_COMITTTED XMAX_INVALID |  650
 (1,651)  | (0,651) | N/A   | USED    | XMIN_COMITTTED XMAX_INVALID |  651
 (1,652)  | (0,652) | N/A   | USED    | XMIN_COMITTTED XMAX_INVALID |  652
 (1,653)  | (0,653) | N/A   | USED    | XMIN_COMITTTED XMAX_INVALID |  653
 (1,654)  | (0,654) | N/A   | USED    | XMIN_COMITTTED XMAX_INVALID |  654
 (1,655)  | (0,655) | N/A   | USED    | XMIN_COMITTTED XMAX_INVALID |  655
 (1,656)  | (0,656) | N/A   | USED    | XMIN_COMITTTED XMAX_INVALID |  656
 (1,657)  | (0,657) | N/A   | USED    | XMIN_COMITTTED XMAX_INVALID |  657
 (1,658)  | (0,658) | N/A   | USED    | XMIN_COMITTTED XMAX_INVALID |  658
 (1,659)  | (0,659) | N/A   | USED    | XMIN_COMITTTED XMAX_INVALID |  659
 (1,660)  | (0,660) | N/A   | USED    | XMIN_COMITTTED XMAX_INVALID |  660
 (1,661)  | (0,661) | N/A   | USED    | XMIN_COMITTTED XMAX_INVALID |  661
 (1,662)  | (0,662) | N/A   | USED    | XMIN_COMITTTED XMAX_INVALID |  662
 (1,663)  | (0,663) | N/A   | USED    | XMIN_COMITTTED XMAX_INVALID |  663
 (1,664)  | (0,664) | N/A   | USED    | XMIN_COMITTTED XMAX_INVALID |  664
 (1,665)  | (0,665) | N/A   | USED    | XMIN_COMITTTED XMAX_INVALID |  665
 (1,666)  | (0,666) | N/A   | USED    | XMIN_COMITTTED XMAX_INVALID |  666
 (1,667)  | (0,667) | N/A   | USED    | XMIN_COMITTTED XMAX_INVALID |  667
 (1,668)  | (0,668) | N/A   | USED    | XMIN_COMITTTED XMAX_INVALID |  668
 (1,669)  | (0,669) | N/A   | USED    | XMIN_COMITTTED XMAX_INVALID |  669
 (1,670)  | (0,670) | N/A   | USED    | XMIN_COMITTTED XMAX_INVALID |  670
 (1,671)  | (0,671) | N/A   | USED    | XMIN_COMITTTED XMAX_INVALID |  671
 (1,672)  | (0,672) | N/A   | USED    | XMIN_COMITTTED XMAX_INVALID |  672
 (1,673)  | (0,673) | N/A   | USED    | XMIN_COMITTTED XMAX_INVALID |  673
 (1,674)  | (0,674) | N/A   | USED    | XMIN_COMITTTED XMAX_INVALID |  674
 (1,675)  | (0,675) | N/A   | USED    | XMIN_COMITTTED XMAX_INVALID |  675
 (1,676)  | (0,676) | N/A   | USED    | XMIN_COMITTTED XMAX_INVALID |  676
 (1,677)  | (0,677) | N/A   | USED    | XMIN_COMITTTED XMAX_INVALID |  677
 (1,678)  | (0,678) | N/A   | USED    | XMIN_COMITTTED XMAX_INVALID |  678
 (1,679)  | (0,679) | N/A   | USED    | XMIN_COMITTTED XMAX_INVALID |  679
 (1,680)  | (0,680) | N/A   | USED    | XMIN_COMITTTED XMAX_INVALID |  680
 (1,681)  | (0,681) | N/A   | USED    | XMIN_COMITTTED XMAX_INVALID |  681
 (1,682)  | (0,682) | N/A   | USED    | XMIN_COMITTTED XMAX_INVALID |  682
 (1,683)  | (0,683) | N/A   | USED    | XMIN_COMITTTED XMAX_INVALID |  683
 (1,684)  | (0,684) | N/A   | USED    | XMIN_COMITTTED XMAX_INVALID |  684
 (1,685)  | (0,685) | N/A   | USED    | XMIN_COMITTTED XMAX_INVALID |  685
 (1,686)  | (0,686) | N/A   | USED    | XMIN_COMITTTED XMAX_INVALID |  686
 (1,687)  | (0,687) | N/A   | USED    | XMIN_COMITTTED XMAX_INVALID |  687
 (1,688)  | (0,688) | N/A   | USED    | XMIN_COMITTTED XMAX_INVALID |  688
 (1,689)  | (0,689) | N/A   | USED    | XMIN_COMITTTED XMAX_INVALID |  689
 (1,690)  | (0,690) | N/A   | USED    | XMIN_COMITTTED XMAX_INVALID |  690
 (1,691)  | (0,691) | N/A   | USED    | XMIN_COMITTTED XMAX_INVALID |  691
 (1,692)  | (0,692) | N/A   | USED    | XMIN_COMITTTED XMAX_INVALID |  692
 (1,693)  | (0,693) | N/A   | USED    | XMIN_COMITTTED XMAX_INVALID |  693
 (1,694)  | (0,694) | N/A   | USED    | XMIN_COMITTTED XMAX_INVALID |  694
 (1,695)  | (0,695) | N/A   | USED    | XMIN_COMITTTED XMAX_INVALID |  695
 (1,696)  | (0,696) | N/A   | USED    | XMIN_COMITTTED XMAX_INVALID |  696
 (1,697)  | (0,697) | N/A   | USED    | XMIN_COMITTTED XMAX_INVALID |  697
 (1,698)  | (0,698) | N/A   | USED    | XMIN_COMITTTED XMAX_INVALID |  698
 (1,699)  | (0,699) | N/A   | USED    | XMIN_COMITTTED XMAX_INVALID |  699
 (1,700)  | (0,700) | N/A   | USED    | XMIN_COMITTTED XMAX_INVALID |  700
 (1,701)  | (0,701) | N/A   | USED    | XMIN_COMITTTED XMAX_INVALID |  701
 (1,702)  | (0,702) | N/A   | USED    | XMIN_COMITTTED XMAX_INVALID |  702
 (1,703)  | (0,703) | N/A   | USED    | XMIN_COMITTTED XMAX_INVALID |  703
 (1,704)  | (0,704) | N/A   | USED    | XMIN_COMITTTED XMAX_INVALID |  704
 (1,705)  | (0,705) | N/A   | USED    | XMIN_COMITTTED XMAX_INVALID |  705
 (1,706)  | (0,706) | N/A   | USED    | XMIN_COMITTTED XMAX_INVALID |  706
 (1,707)  | (0,707) | N/A   | USED    | XMIN_COMITTTED XMAX_INVALID |  707
 (1,708)  | (0,708) | N/A   | USED    | XMIN_COMITTTED XMAX_INVALID |  708
 (1,709)  | (0,709) | N/A   | USED    | XMIN_COMITTTED XMAX_INVALID |  709
 (1,710)  | (0,710) | N/A   | USED    | XMIN_COMITTTED XMAX_INVALID |  710
 (1,711)  | (0,711) | N/A   | USED    | XMIN_COMITTTED XMAX_INVALID |  711
 (1,712)  | (0,712) | N/A   | USED    | XMIN_COMITTTED XMAX_INVALID |  712
 (1,713)  | (0,713) | N/A   | USED    | XMIN_COMITTTED XMAX_INVALID |  713
 (1,714)  | (0,714) | N/A   | USED    | XMIN_COMITTTED XMAX_INVALID |  714
 (1,715)  | (0,715) | N/A   | USED    | XMIN_COMITTTED XMAX_INVALID |  715
 (1,716)  | (0,716) | N/A   | USED    | XMIN_COMITTTED XMAX_INVALID |  716
 (1,717)  | (0,717) | N/A   | USED    | XMIN_COMITTTED XMAX_INVALID |  717
 (1,718)  | (0,718) | N/A   | USED    | XMIN_COMITTTED XMAX_INVALID |  718
 (1,719)  | (0,719) | N/A   | USED    | XMIN_COMITTTED XMAX_INVALID |  719
 (1,720)  | (0,720) | N/A   | USED    | XMIN_COMITTTED XMAX_INVALID |  720
 (1,721)  | (0,721) | N/A   | USED    | XMIN_COMITTTED XMAX_INVALID |  721
 (1,722)  | (0,722) | N/A   | USED    | XMIN_COMITTTED XMAX_INVALID |  722
 (1,723)  | (0,723) | N/A   | USED    | XMIN_COMITTTED XMAX_INVALID |  723
 (1,724)  | (0,724) | N/A   | USED    | XMIN_COMITTTED XMAX_INVALID |  724
 (1,725)  | (0,725) | N/A   | USED    | XMIN_COMITTTED XMAX_INVALID |  725
 (1,726)  | (0,726) | N/A   | USED    | XMIN_COMITTTED XMAX_INVALID |  726
 (1,727)  | (0,727) | N/A   | USED    | XMIN_COMITTTED XMAX_INVALID |  727
 (1,728)  | (0,728) | N/A   | USED    | XMIN_COMITTTED XMAX_INVALID |  728
 (1,729)  | (0,729) | N/A   | USED    | XMIN_COMITTTED XMAX_INVALID |  729
 (1,730)  | (0,730) | N/A   | USED    | XMIN_COMITTTED XMAX_INVALID |  730
 (1,731)  | (0,731) | N/A   | USED    | XMIN_COMITTTED XMAX_INVALID |  731
 (1,732)  | (0,732) | N/A   | USED    | XMIN_COMITTTED XMAX_INVALID |  732
 (1,733)  | (0,733) | N/A   | USED    | XMIN_COMITTTED XMAX_INVALID |  733
 (1,734)  | (0,734) | N/A   | USED    | XMIN_COMITTTED XMAX_INVALID |  734
 (1,735)  | (0,735) | N/A   | USED    | XMIN_COMITTTED XMAX_INVALID |  735
 (1,736)  | (0,736) | N/A   | USED    | XMIN_COMITTTED XMAX_INVALID |  736
 (1,737)  | (0,737) | N/A   | USED    | XMIN_COMITTTED XMAX_INVALID |  737
 (1,738)  | (0,738) | N/A   | USED    | XMIN_COMITTTED XMAX_INVALID |  738
 (1,739)  | (0,739) | N/A   | USED    | XMIN_COMITTTED XMAX_INVALID |  739
 (1,740)  | (0,740) | N/A   | USED    | XMIN_COMITTTED XMAX_INVALID |  740
 (1,741)  | (0,741) | N/A   | USED    | XMIN_COMITTTED XMAX_INVALID |  741
 (1,742)  | (0,742) | N/A   | USED    | XMIN_COMITTTED XMAX_INVALID |  742
 (1,743)  | (0,743) | N/A   | USED    | XMIN_COMITTTED XMAX_INVALID |  743
 (1,744)  | (0,744) | N/A   | USED    | XMIN_COMITTTED XMAX_INVALID |  744
 (1,745)  | (0,745) | N/A   | USED    | XMIN_COMITTTED XMAX_INVALID |  745
 (1,746)  | (0,746) | N/A   | USED    | XMIN_COMITTTED XMAX_INVALID |  746
 (1,747)  | (0,747) | N/A   | USED    | XMIN_COMITTTED XMAX_INVALID |  747
 (1,748)  | (0,748) | N/A   | USED    | XMIN_COMITTTED XMAX_INVALID |  748
 (1,749)  | (0,749) | N/A   | USED    | XMIN_COMITTTED XMAX_INVALID |  749
 (1,750)  | (0,750) | N/A   | USED    | XMIN_COMITTTED XMAX_INVALID |  750
 (1,751)  | (0,751) | N/A   | USED    | XMIN_COMITTTED XMAX_INVALID |  751
 (1,752)  | (0,752) | N/A   | USED    | XMIN_COMITTTED XMAX_INVALID |  752
 (1,753)  | (0,753) | N/A   | USED    | XMIN_COMITTTED XMAX_INVALID |  753
 (1,754)  | (0,754) | N/A   | USED    | XMIN_COMITTTED XMAX_INVALID |  754
 (1,755)  | (0,755) | N/A   | USED    | XMIN_COMITTTED XMAX_INVALID |  755
 (1,756)  | (0,756) | N/A   | USED    | XMIN_COMITTTED XMAX_INVALID |  756
 (1,757)  | (0,757) | N/A   | USED    | XMIN_COMITTTED XMAX_INVALID |  757
 (1,758)  | (0,758) | N/A   | USED    | XMIN_COMITTTED XMAX_INVALID |  758
 (1,759)  | (0,759) | N/A   | USED    | XMIN_COMITTTED XMAX_INVALID |  759
 (1,760)  | (0,760) | N/A   | USED    | XMIN_COMITTTED XMAX_INVALID |  760
 (1,761)  | (0,761) | N/A   | USED    | XMIN_COMITTTED XMAX_INVALID |  761
 (1,762)  | (0,762) | N/A   | USED    | XMIN_COMITTTED XMAX_INVALID |  762
 (1,763)  | (0,763) | N/A   | USED    | XMIN_COMITTTED XMAX_INVALID |  763
 (1,764)  | (0,764) | N/A   | USED    | XMIN_COMITTTED XMAX_INVALID |  764
 (1,765)  | (0,765) | N/A   | USED    | XMIN_COMITTTED XMAX_INVALID |  765
 (1,766)  | (0,766) | N/A   | USED    | XMIN_COMITTTED XMAX_INVALID |  766
 (1,767)  | (0,767) | N/A   | USED    | XMIN_COMITTTED XMAX_INVALID |  767
 (1,768)  | (0,768) | N/A   | USED    | XMIN_COMITTTED XMAX_INVALID |  768
 (1,769)  | (0,769) | N/A   | USED    | XMIN_COMITTTED XMAX_INVALID |  769
 (1,770)  | (0,770) | N/A   | USED    | XMIN_COMITTTED XMAX_INVALID |  770
 (1,771)  | (0,771) | N/A   | USED    | XMIN_COMITTTED XMAX_INVALID |  771
 (1,772)  | (0,772) | N/A   | USED    | XMIN_COMITTTED XMAX_INVALID |  772
 (1,773)  | (0,773) | N/A   | USED    | XMIN_COMITTTED XMAX_INVALID |  773
 (1,774)  | (0,774) | N/A   | USED    | XMIN_COMITTTED XMAX_INVALID |  774
 (1,775)  | (0,775) | N/A   | USED    | XMIN_COMITTTED XMAX_INVALID |  775
 (1,776)  | (0,776) | N/A   | USED    | XMIN_COMITTTED XMAX_INVALID |  776
 (1,777)  | (0,777) | N/A   | USED    | XMIN_COMITTTED XMAX_INVALID |  777
 (1,778)  | (0,778) | N/A   | USED    | XMIN_COMITTTED XMAX_INVALID |  778
 (1,779)  | (0,779) | N/A   | USED    | XMIN_COMITTTED XMAX_INVALID |  779
 (1,780)  | (0,780) | N/A   | USED    | XMIN_COMITTTED XMAX_INVALID |  780
 (1,781)  | (0,781) | N/A   | USED    | XMIN_COMITTTED XMAX_INVALID |  781
 (1,782)  | (0,782) | N/A   | USED    | XMIN_COMITTTED XMAX_INVALID |  782
 (1,783)  | (0,783) | N/A   | USED    | XMIN_COMITTTED XMAX_INVALID |  783
 (1,784)  | (0,784) | N/A   | USED    | XMIN_COMITTTED XMAX_INVALID |  784
 (1,785)  | (0,785) | N/A   | USED    | XMIN_COMITTTED XMAX_INVALID |  785
 (1,786)  | (0,786) | N/A   | USED    | XMIN_COMITTTED XMAX_INVALID |  786
 (1,787)  | (0,787) | N/A   | USED    | XMIN_COMITTTED XMAX_INVALID |  787
 (1,788)  | (0,788) | N/A   | USED    | XMIN_COMITTTED XMAX_INVALID |  788
 (1,789)  | (0,789) | N/A   | USED    | XMIN_COMITTTED XMAX_INVALID |  789
 (1,790)  | (0,790) | N/A   | USED    | XMIN_COMITTTED XMAX_INVALID |  790
 (1,791)  | (0,791) | N/A   | USED    | XMIN_COMITTTED XMAX_INVALID |  791
 (1,792)  | (0,792) | N/A   | USED    | XMIN_COMITTTED XMAX_INVALID |  792
 (1,793)  | (0,793) | N/A   | USED    | XMIN_COMITTTED XMAX_INVALID |  793
 (1,794)  | (0,794) | N/A   | USED    | XMIN_COMITTTED XMAX_INVALID |  794
 (1,795)  | (0,795) | N/A   | USED    | XMIN_COMITTTED XMAX_INVALID |  795
 (1,796)  | (0,796) | N/A   | USED    | XMIN_COMITTTED XMAX_INVALID |  796
 (1,797)  | (0,797) | N/A   | USED    | XMIN_COMITTTED XMAX_INVALID |  797
 (1,798)  | (0,798) | N/A   | USED    | XMIN_COMITTTED XMAX_INVALID |  798
 (1,799)  | (0,799) | N/A   | USED    | XMIN_COMITTTED XMAX_INVALID |  799
 (1,800)  | (0,800) | N/A   | USED    | XMIN_COMITTTED XMAX_INVALID |  800
 (1,801)  | (0,801) | N/A   | USED    | XMIN_COMITTTED XMAX_INVALID |  801
 (1,802)  | (0,802) | N/A   | USED    | XMIN_COMITTTED XMAX_INVALID |  802
 (1,803)  | (0,803) | N/A   | USED    | XMIN_COMITTTED XMAX_INVALID |  803
 (1,804)  | (0,804) | N/A   | USED    | XMIN_COMITTTED XMAX_INVALID |  804
 (1,805)  | (0,805) | N/A   | USED    | XMIN_COMITTTED XMAX_INVALID |  805
 (1,806)  | (0,806) | N/A   | USED    | XMIN_COMITTTED XMAX_INVALID |  806
 (1,807)  | (0,807) | N/A   | USED    | XMIN_COMITTTED XMAX_INVALID |  807
 (1,808)  | (0,808) | N/A   | USED    | XMIN_COMITTTED XMAX_INVALID |  808
 (1,809)  | (0,809) | N/A   | USED    | XMIN_COMITTTED XMAX_INVALID |  809
 (1,810)  | (0,810) | N/A   | USED    | XMIN_COMITTTED XMAX_INVALID |  810
 (1,811)  | (0,811) | N/A   | USED    | XMIN_COMITTTED XMAX_INVALID |  811
 (1,812)  | (0,812) | N/A   | USED    | XMIN_COMITTTED XMAX_INVALID |  812
 (1,813)  | (0,813) | N/A   | USED    | XMIN_COMITTTED XMAX_INVALID |  813
 (1,814)  | (0,814) | N/A   | USED    | XMIN_COMITTTED XMAX_INVALID |  814
 (1,815)  | (0,815) | N/A   | USED    | XMIN_COMITTTED XMAX_INVALID |  815
 (1,816)  | (0,816) | N/A   | USED    | XMIN_COMITTTED XMAX_INVALID |  816
 (1,817)  | (0,817) | N/A   | USED    | XMIN_COMITTTED XMAX_INVALID |  817
 (1,818)  | (0,818) | N/A   | USED    | XMIN_COMITTTED XMAX_INVALID |  818
 (1,819)  | (0,819) | N/A   | USED    | XMIN_COMITTTED XMAX_INVALID |  819
 (1,820)  | (0,820) | N/A   | USED    | XMIN_COMITTTED XMAX_INVALID |  820
 (1,821)  | (0,821) | N/A   | USED    | XMIN_COMITTTED XMAX_INVALID |  821
 (1,822)  | (0,822) | N/A   | USED    | XMIN_COMITTTED XMAX_INVALID |  822
 (1,823)  | (0,823) | N/A   | USED    | XMIN_COMITTTED XMAX_INVALID |  823
 (1,824)  | (0,824) | N/A   | USED    | XMIN_COMITTTED XMAX_INVALID |  824
 (1,825)  | (0,825) | N/A   | USED    | XMIN_COMITTTED XMAX_INVALID |  825
 (1,826)  | (0,826) | N/A   | USED    | XMIN_COMITTTED XMAX_INVALID |  826
 (1,827)  | (0,827) | N/A   | USED    | XMIN_COMITTTED XMAX_INVALID |  827
 (1,828)  | (0,828) | N/A   | USED    | XMIN_COMITTTED XMAX_INVALID |  828
 (1,829)  | (0,829) | N/A   | USED    | XMIN_COMITTTED XMAX_INVALID |  829
 (1,830)  | (0,830) | N/A   | USED    | XMIN_COMITTTED XMAX_INVALID |  830
 (1,831)  | (0,831) | N/A   | USED    | XMIN_COMITTTED XMAX_INVALID |  831
 (1,832)  | (0,832) | N/A   | USED    | XMIN_COMITTTED XMAX_INVALID |  832
 (1,833)  | (0,833) | N/A   | USED    | XMIN_COMITTTED XMAX_INVALID |  833
 (1,834)  | (0,834) | N/A   | USED    | XMIN_COMITTTED XMAX_INVALID |  834
 (1,835)  | (0,835) | N/A   | USED    | XMIN_COMITTTED XMAX_INVALID |  835
 (1,836)  | (0,836) | N/A   | USED    | XMIN_COMITTTED XMAX_INVALID |  836
 (1,837)  | (0,837) | N/A   | USED    | XMIN_COMITTTED XMAX_INVALID |  837
 (1,838)  | (0,838) | N/A   | USED    | XMIN_COMITTTED XMAX_INVALID |  838
 (1,839)  | (0,839) | N/A   | USED    | XMIN_COMITTTED XMAX_INVALID |  839
 (1,840)  | (0,840) | N/A   | USED    | XMIN_COMITTTED XMAX_INVALID |  840
 (1,841)  | (0,841) | N/A   | USED    | XMIN_COMITTTED XMAX_INVALID |  841
 (1,842)  | (0,842) | N/A   | USED    | XMIN_COMITTTED XMAX_INVALID |  842
 (1,843)  | (0,843) | N/A   | USED    | XMIN_COMITTTED XMAX_INVALID |  843
 (1,844)  | (0,844) | N/A   | USED    | XMIN_COMITTTED XMAX_INVALID |  844
 (1,845)  | (0,845) | N/A   | USED    | XMIN_COMITTTED XMAX_INVALID |  845
 (1,846)  | (0,846) | N/A   | USED    | XMIN_COMITTTED XMAX_INVALID |  846
 (1,847)  | (0,847) | N/A   | USED    | XMIN_COMITTTED XMAX_INVALID |  847
 (1,848)  | (0,848) | N/A   | USED    | XMIN_COMITTTED XMAX_INVALID |  848
 (1,849)  | (0,849) | N/A   | USED    | XMIN_COMITTTED XMAX_INVALID |  849
 (1,850)  | (0,850) | N/A   | USED    | XMIN_COMITTTED XMAX_INVALID |  850
 (1,851)  | (0,851) | N/A   | USED    | XMIN_COMITTTED XMAX_INVALID |  851
 (1,852)  | (0,852) | N/A   | USED    | XMIN_COMITTTED XMAX_INVALID |  852
 (1,853)  | (0,853) | N/A   | USED    | XMIN_COMITTTED XMAX_INVALID |  853
 (1,854)  | (0,854) | N/A   | USED    | XMIN_COMITTTED XMAX_INVALID |  854
 (1,855)  | (0,855) | N/A   | USED    | XMIN_COMITTTED XMAX_INVALID |  855
 (1,856)  | (0,856) | N/A   | USED    | XMIN_COMITTTED XMAX_INVALID |  856
 (1,857)  | (0,857) | N/A   | USED    | XMIN_COMITTTED XMAX_INVALID |  857
 (1,858)  | (0,858) | N/A   | USED    | XMIN_COMITTTED XMAX_INVALID |  858
 (1,859)  | (0,859) | N/A   | USED    | XMIN_COMITTTED XMAX_INVALID |  859
 (1,860)  | (0,860) | N/A   | USED    | XMIN_COMITTTED XMAX_INVALID |  860
 (1,861)  | (0,861) | N/A   | USED    | XMIN_COMITTTED XMAX_INVALID |  861
 (1,862)  | (0,862) | N/A   | USED    | XMIN_COMITTTED XMAX_INVALID |  862
 (1,863)  | (0,863) | N/A   | USED    | XMIN_COMITTTED XMAX_INVALID |  863
 (1,864)  | (0,864) | N/A   | USED    | XMIN_COMITTTED XMAX_INVALID |  864
 (1,865)  | (0,865) | N/A   | USED    | XMIN_COMITTTED XMAX_INVALID |  865
 (1,866)  | (0,866) | N/A   | USED    | XMIN_COMITTTED XMAX_INVALID |  866
 (1,867)  | (0,867) | N/A   | USED    | XMIN_COMITTTED XMAX_INVALID |  867
 (1,868)  | (0,868) | N/A   | USED    | XMIN_COMITTTED XMAX_INVALID |  868
 (1,869)  | (0,869) | N/A   | USED    | XMIN_COMITTTED XMAX_INVALID |  869
 (1,870)  | (0,870) | N/A   | USED    | XMIN_COMITTTED XMAX_INVALID |  870
 (1,871)  | (0,871) | N/A   | USED    | XMIN_COMITTTED XMAX_INVALID |  871
 (1,872)  | (0,872) | N/A   | USED    | XMIN_COMITTTED XMAX_INVALID |  872
 (1,873)  | (0,873) | N/A   | USED    | XMIN_COMITTTED XMAX_INVALID |  873
 (1,874)  | (0,874) | N/A   | USED    | XMIN_COMITTTED XMAX_INVALID |  874
 (1,875)  | (0,875) | N/A   | USED    | XMIN_COMITTTED XMAX_INVALID |  875
 (1,876)  | (0,876) | N/A   | USED    | XMIN_COMITTTED XMAX_INVALID |  876
 (1,877)  | (0,877) | N/A   | USED    | XMIN_COMITTTED XMAX_INVALID |  877
 (1,878)  | (0,878) | N/A   | USED    | XMIN_COMITTTED XMAX_INVALID |  878
 (1,879)  | (0,879) | N/A   | USED    | XMIN_COMITTTED XMAX_INVALID |  879
 (1,880)  | (0,880) | N/A   | USED    | XMIN_COMITTTED XMAX_INVALID |  880
 (1,881)  | (0,881) | N/A   | USED    | XMIN_COMITTTED XMAX_INVALID |  881
 (1,882)  | (0,882) | N/A   | USED    | XMIN_COMITTTED XMAX_INVALID |  882
 (1,883)  | (0,883) | N/A   | USED    | XMIN_COMITTTED XMAX_INVALID |  883
 (1,884)  | (0,884) | N/A   | USED    | XMIN_COMITTTED XMAX_INVALID |  884
 (1,885)  | (0,885) | N/A   | USED    | XMIN_COMITTTED XMAX_INVALID |  885
 (1,886)  | (0,886) | N/A   | USED    | XMIN_COMITTTED XMAX_INVALID |  886
 (1,887)  | (0,887) | N/A   | USED    | XMIN_COMITTTED XMAX_INVALID |  887
 (1,888)  | (0,888) | N/A   | USED    | XMIN_COMITTTED XMAX_INVALID |  888
 (1,889)  | (0,889) | N/A   | USED    | XMIN_COMITTTED XMAX_INVALID |  889
 (1,890)  | (0,890) | N/A   | USED    | XMIN_COMITTTED XMAX_INVALID |  890
 (1,891)  | (0,891) | N/A   | USED    | XMIN_COMITTTED XMAX_INVALID |  891
 (1,892)  | (0,892) | N/A   | USED    | XMIN_COMITTTED XMAX_INVALID |  892
 (1,893)  | (0,893) | N/A   | USED    | XMIN_COMITTTED XMAX_INVALID |  893
 (1,894)  | (0,894) | N/A   | USED    | XMIN_COMITTTED XMAX_INVALID |  894
 (1,895)  | (0,895) | N/A   | USED    | XMIN_COMITTTED XMAX_INVALID |  895
 (1,896)  | (0,896) | N/A   | USED    | XMIN_COMITTTED XMAX_INVALID |  896
 (1,897)  | (0,897) | N/A   | USED    | XMIN_COMITTTED XMAX_INVALID |  897
 (1,898)  | (0,898) | N/A   | USED    | XMIN_COMITTTED XMAX_INVALID |  898
 (1,899)  | (0,899) | N/A   | USED    | XMIN_COMITTTED XMAX_INVALID |  899
 (1,900)  | (0,900) | N/A   | USED    | XMIN_COMITTTED XMAX_INVALID |  900
 (1,901)  | (0,901) | N/A   | USED    | XMIN_COMITTTED XMAX_INVALID |  901
 (1,902)  | (0,902) | N/A   | USED    | XMIN_COMITTTED XMAX_INVALID |  902
 (1,903)  | (0,903) | N/A   | USED    | XMIN_COMITTTED XMAX_INVALID |  903
 (1,904)  | (0,904) | N/A   | USED    | XMIN_COMITTTED XMAX_INVALID |  904
 (1,905)  | (0,905) | N/A   | USED    | XMIN_COMITTTED XMAX_INVALID |  905
 (1,906)  | (0,906) | N/A   | USED    | XMIN_COMITTTED XMAX_INVALID |  906
 (1,907)  | (0,907) | N/A   | USED    | XMIN_COMITTTED XMAX_INVALID |  907
 (1,908)  | (0,908) | N/A   | USED    | XMIN_COMITTTED XMAX_INVALID |  908
 (1,909)  | (0,909) | N/A   | USED    | XMIN_COMITTTED XMAX_INVALID |  909
 (1,910)  | (1,1)   | N/A   | USED    | XMIN_COMITTTED XMAX_INVALID |  910
 (1,911)  | (1,2)   | N/A   | USED    | XMIN_COMITTTED XMAX_INVALID |  911
 (1,912)  | (1,3)   | N/A   | USED    | XMIN_COMITTTED XMAX_INVALID |  912
 (1,913)  | (1,4)   | N/A   | USED    | XMIN_COMITTTED XMAX_INVALID |  913
 (1,914)  | (1,5)   | N/A   | USED    | XMIN_COMITTTED XMAX_INVALID |  914
 (1,915)  | (1,6)   | N/A   | USED    | XMIN_COMITTTED XMAX_INVALID |  915
 (1,916)  | (1,7)   | N/A   | USED    | XMIN_COMITTTED XMAX_INVALID |  916
 (1,917)  | (1,8)   | N/A   | USED    | XMIN_COMITTTED XMAX_INVALID |  917
 (1,918)  | (1,9)   | N/A   | USED    | XMIN_COMITTTED XMAX_INVALID |  918
 (1,919)  | (1,10)  | N/A   | USED    | XMIN_COMITTTED XMAX_INVALID |  919
 (1,920)  | (1,11)  | N/A   | USED    | XMIN_COMITTTED XMAX_INVALID |  920
 (1,921)  | (1,12)  | N/A   | USED    | XMIN_COMITTTED XMAX_INVALID |  921
 (1,922)  | (1,13)  | N/A   | USED    | XMIN_COMITTTED XMAX_INVALID |  922
 (1,923)  | (1,14)  | N/A   | USED    | XMIN_COMITTTED XMAX_INVALID |  923
 (1,924)  | (1,15)  | N/A   | USED    | XMIN_COMITTTED XMAX_INVALID |  924
 (1,925)  | (1,16)  | N/A   | USED    | XMIN_COMITTTED XMAX_INVALID |  925
 (1,926)  | (1,17)  | N/A   | USED    | XMIN_COMITTTED XMAX_INVALID |  926
 (1,927)  | (1,18)  | N/A   | USED    | XMIN_COMITTTED XMAX_INVALID |  927
 (1,928)  | (1,19)  | N/A   | USED    | XMIN_COMITTTED XMAX_INVALID |  928
 (1,929)  | (1,20)  | N/A   | USED    | XMIN_COMITTTED XMAX_INVALID |  929
 (1,930)  | (1,21)  | N/A   | USED    | XMIN_COMITTTED XMAX_INVALID |  930
 (1,931)  | (1,22)  | N/A   | USED    | XMIN_COMITTTED XMAX_INVALID |  931
 (1,932)  | (1,23)  | N/A   | USED    | XMIN_COMITTTED XMAX_INVALID |  932
 (1,933)  | (1,24)  | N/A   | USED    | XMIN_COMITTTED XMAX_INVALID |  933
 (1,934)  | (1,25)  | N/A   | USED    | XMIN_COMITTTED XMAX_INVALID |  934
 (1,935)  | (1,26)  | N/A   | USED    | XMIN_COMITTTED XMAX_INVALID |  935
 (1,936)  | (1,27)  | N/A   | USED    | XMIN_COMITTTED XMAX_INVALID |  936
 (1,937)  | (1,28)  | N/A   | USED    | XMIN_COMITTTED XMAX_INVALID |  937
 (1,938)  | (1,29)  | N/A   | USED    | XMIN_COMITTTED XMAX_INVALID |  938
 (1,939)  | (1,30)  | N/A   | USED    | XMIN_COMITTTED XMAX_INVALID |  939
 (1,940)  | (1,31)  | N/A   | USED    | XMIN_COMITTTED XMAX_INVALID |  940
 (1,941)  | (1,32)  | N/A   | USED    | XMIN_COMITTTED XMAX_INVALID |  941
 (1,942)  | (1,33)  | N/A   | USED    | XMIN_COMITTTED XMAX_INVALID |  942
 (1,943)  | (1,34)  | N/A   | USED    | XMIN_COMITTTED XMAX_INVALID |  943
 (1,944)  | (1,35)  | N/A   | USED    | XMIN_COMITTTED XMAX_INVALID |  944
 (1,945)  | (1,36)  | N/A   | USED    | XMIN_COMITTTED XMAX_INVALID |  945
 (1,946)  | (1,37)  | N/A   | USED    | XMIN_COMITTTED XMAX_INVALID |  946
 (1,947)  | (1,38)  | N/A   | USED    | XMIN_COMITTTED XMAX_INVALID |  947
 (1,948)  | (1,39)  | N/A   | USED    | XMIN_COMITTTED XMAX_INVALID |  948
 (1,949)  | (1,40)  | N/A   | USED    | XMIN_COMITTTED XMAX_INVALID |  949
 (1,950)  | (1,41)  | N/A   | USED    | XMIN_COMITTTED XMAX_INVALID |  950
 (1,951)  | (1,42)  | N/A   | USED    | XMIN_COMITTTED XMAX_INVALID |  951
 (1,952)  | (1,43)  | N/A   | USED    | XMIN_COMITTTED XMAX_INVALID |  952
 (1,953)  | (1,44)  | N/A   | USED    | XMIN_COMITTTED XMAX_INVALID |  953
 (1,954)  | (1,45)  | N/A   | USED    | XMIN_COMITTTED XMAX_INVALID |  954
 (1,955)  | (1,46)  | N/A   | USED    | XMIN_COMITTTED XMAX_INVALID |  955
 (1,956)  | (1,47)  | N/A   | USED    | XMIN_COMITTTED XMAX_INVALID |  956
 (1,957)  | (1,48)  | N/A   | USED    | XMIN_COMITTTED XMAX_INVALID |  957
 (1,958)  | (1,49)  | N/A   | USED    | XMIN_COMITTTED XMAX_INVALID |  958
 (1,959)  | (1,50)  | N/A   | USED    | XMIN_COMITTTED XMAX_INVALID |  959
 (1,960)  | (1,51)  | N/A   | USED    | XMIN_COMITTTED XMAX_INVALID |  960
 (1,961)  | (1,52)  | N/A   | USED    | XMIN_COMITTTED XMAX_INVALID |  961
 (1,962)  | (1,53)  | N/A   | USED    | XMIN_COMITTTED XMAX_INVALID |  962
 (1,963)  | (1,54)  | N/A   | USED    | XMIN_COMITTTED XMAX_INVALID |  963
 (1,964)  | (1,55)  | N/A   | USED    | XMIN_COMITTTED XMAX_INVALID |  964
 (1,965)  | (1,56)  | N/A   | USED    | XMIN_COMITTTED XMAX_INVALID |  965
 (1,966)  | (1,57)  | N/A   | USED    | XMIN_COMITTTED XMAX_INVALID |  966
 (1,967)  | (1,58)  | N/A   | USED    | XMIN_COMITTTED XMAX_INVALID |  967
 (1,968)  | (1,59)  | N/A   | USED    | XMIN_COMITTTED XMAX_INVALID |  968
 (1,969)  | (1,60)  | N/A   | USED    | XMIN_COMITTTED XMAX_INVALID |  969
 (1,970)  | (1,61)  | N/A   | USED    | XMIN_COMITTTED XMAX_INVALID |  970
 (1,971)  | (1,62)  | N/A   | USED    | XMIN_COMITTTED XMAX_INVALID |  971
 (1,972)  | (1,63)  | N/A   | USED    | XMIN_COMITTTED XMAX_INVALID |  972
 (1,973)  | (1,64)  | N/A   | USED    | XMIN_COMITTTED XMAX_INVALID |  973
 (1,974)  | (1,65)  | N/A   | USED    | XMIN_COMITTTED XMAX_INVALID |  974
 (1,975)  | (1,66)  | N/A   | USED    | XMIN_COMITTTED XMAX_INVALID |  975
 (1,976)  | (1,67)  | N/A   | USED    | XMIN_COMITTTED XMAX_INVALID |  976
 (1,977)  | (1,68)  | N/A   | USED    | XMIN_COMITTTED XMAX_INVALID |  977
 (1,978)  | (1,69)  | N/A   | USED    | XMIN_COMITTTED XMAX_INVALID |  978
 (1,979)  | (1,70)  | N/A   | USED    | XMIN_COMITTTED XMAX_INVALID |  979
 (1,980)  | (1,71)  | N/A   | USED    | XMIN_COMITTTED XMAX_INVALID |  980
 (1,981)  | (1,72)  | N/A   | USED    | XMIN_COMITTTED XMAX_INVALID |  981
 (1,982)  | (1,73)  | N/A   | USED    | XMIN_COMITTTED XMAX_INVALID |  982
 (1,983)  | (1,74)  | N/A   | USED    | XMIN_COMITTTED XMAX_INVALID |  983
 (1,984)  | (1,75)  | N/A   | USED    | XMIN_COMITTTED XMAX_INVALID |  984
 (1,985)  | (1,76)  | N/A   | USED    | XMIN_COMITTTED XMAX_INVALID |  985
 (1,986)  | (1,77)  | N/A   | USED    | XMIN_COMITTTED XMAX_INVALID |  986
 (1,987)  | (1,78)  | N/A   | USED    | XMIN_COMITTTED XMAX_INVALID |  987
 (1,988)  | (1,79)  | N/A   | USED    | XMIN_COMITTTED XMAX_INVALID |  988
 (1,989)  | (1,80)  | N/A   | USED    | XMIN_COMITTTED XMAX_INVALID |  989
 (1,990)  | (1,81)  | N/A   | USED    | XMIN_COMITTTED XMAX_INVALID |  990
 (1,991)  | (1,82)  | N/A   | USED    | XMIN_COMITTTED XMAX_INVALID |  991
 (1,992)  | (1,83)  | N/A   | USED    | XMIN_COMITTTED XMAX_INVALID |  992
 (1,993)  | (1,84)  | N/A   | USED    | XMIN_COMITTTED XMAX_INVALID |  993
 (1,994)  | (1,85)  | N/A   | USED    | XMIN_COMITTTED XMAX_INVALID |  994
 (1,995)  | (1,86)  | N/A   | USED    | XMIN_COMITTTED XMAX_INVALID |  995
 (1,996)  | (1,87)  | N/A   | USED    | XMIN_COMITTTED XMAX_INVALID |  996
 (1,997)  | (1,88)  | N/A   | USED    | XMIN_COMITTTED XMAX_INVALID |  997
 (1,998)  | (1,89)  | N/A   | USED    | XMIN_COMITTTED XMAX_INVALID |  998
 (1,999)  | (1,90)  | N/A   | USED    | XMIN_COMITTTED XMAX_INVALID |  999
 (1,1000) | (1,91)  | N/A   | USED    | XMIN_COMITTTED XMAX_INVALID | 1000
(1000 rows)

