drop table if exists ao_t1;
drop index if exists ao_i1;
create table ao_t1 (a integer, b integer) with (appendonly=true);
NOTICE:  Table doesn't have 'DISTRIBUTED BY' clause -- Using column named 'a' as the Greenplum Database data distribution key for this table.
HINT:  The 'DISTRIBUTED BY' clause determines the distribution of data. Make sure column(s) chosen are the optimal data distribution key to minimize skew.
insert into ao_t1 select 1 as a, * from generate_series(1, 1000) as b;
create index ao_i1 on ao_t1(b);
select count(*) from ao_t1;
 count 
-------
  1000
(1 row)

select * from readindex('ao_i1'::regclass) as (ictid tid, hctid tid, aotid text, istatus text, hstatus text, val int) order by ictid;
  ictid   |      hctid       |  aotid   | istatus | hstatus | val  
----------+------------------+----------+---------+---------+------
 (1,1)    | (33554432,32769) | (1,1)    | USED    | N/A     |    1
 (1,2)    | (33554432,32770) | (1,2)    | USED    | N/A     |    2
 (1,3)    | (33554432,32771) | (1,3)    | USED    | N/A     |    3
 (1,4)    | (33554432,32772) | (1,4)    | USED    | N/A     |    4
 (1,5)    | (33554432,32773) | (1,5)    | USED    | N/A     |    5
 (1,6)    | (33554432,32774) | (1,6)    | USED    | N/A     |    6
 (1,7)    | (33554432,32775) | (1,7)    | USED    | N/A     |    7
 (1,8)    | (33554432,32776) | (1,8)    | USED    | N/A     |    8
 (1,9)    | (33554432,32777) | (1,9)    | USED    | N/A     |    9
 (1,10)   | (33554432,32778) | (1,10)   | USED    | N/A     |   10
 (1,11)   | (33554432,32779) | (1,11)   | USED    | N/A     |   11
 (1,12)   | (33554432,32780) | (1,12)   | USED    | N/A     |   12
 (1,13)   | (33554432,32781) | (1,13)   | USED    | N/A     |   13
 (1,14)   | (33554432,32782) | (1,14)   | USED    | N/A     |   14
 (1,15)   | (33554432,32783) | (1,15)   | USED    | N/A     |   15
 (1,16)   | (33554432,32784) | (1,16)   | USED    | N/A     |   16
 (1,17)   | (33554432,32785) | (1,17)   | USED    | N/A     |   17
 (1,18)   | (33554432,32786) | (1,18)   | USED    | N/A     |   18
 (1,19)   | (33554432,32787) | (1,19)   | USED    | N/A     |   19
 (1,20)   | (33554432,32788) | (1,20)   | USED    | N/A     |   20
 (1,21)   | (33554432,32789) | (1,21)   | USED    | N/A     |   21
 (1,22)   | (33554432,32790) | (1,22)   | USED    | N/A     |   22
 (1,23)   | (33554432,32791) | (1,23)   | USED    | N/A     |   23
 (1,24)   | (33554432,32792) | (1,24)   | USED    | N/A     |   24
 (1,25)   | (33554432,32793) | (1,25)   | USED    | N/A     |   25
 (1,26)   | (33554432,32794) | (1,26)   | USED    | N/A     |   26
 (1,27)   | (33554432,32795) | (1,27)   | USED    | N/A     |   27
 (1,28)   | (33554432,32796) | (1,28)   | USED    | N/A     |   28
 (1,29)   | (33554432,32797) | (1,29)   | USED    | N/A     |   29
 (1,30)   | (33554432,32798) | (1,30)   | USED    | N/A     |   30
 (1,31)   | (33554432,32799) | (1,31)   | USED    | N/A     |   31
 (1,32)   | (33554432,32800) | (1,32)   | USED    | N/A     |   32
 (1,33)   | (33554432,32801) | (1,33)   | USED    | N/A     |   33
 (1,34)   | (33554432,32802) | (1,34)   | USED    | N/A     |   34
 (1,35)   | (33554432,32803) | (1,35)   | USED    | N/A     |   35
 (1,36)   | (33554432,32804) | (1,36)   | USED    | N/A     |   36
 (1,37)   | (33554432,32805) | (1,37)   | USED    | N/A     |   37
 (1,38)   | (33554432,32806) | (1,38)   | USED    | N/A     |   38
 (1,39)   | (33554432,32807) | (1,39)   | USED    | N/A     |   39
 (1,40)   | (33554432,32808) | (1,40)   | USED    | N/A     |   40
 (1,41)   | (33554432,32809) | (1,41)   | USED    | N/A     |   41
 (1,42)   | (33554432,32810) | (1,42)   | USED    | N/A     |   42
 (1,43)   | (33554432,32811) | (1,43)   | USED    | N/A     |   43
 (1,44)   | (33554432,32812) | (1,44)   | USED    | N/A     |   44
 (1,45)   | (33554432,32813) | (1,45)   | USED    | N/A     |   45
 (1,46)   | (33554432,32814) | (1,46)   | USED    | N/A     |   46
 (1,47)   | (33554432,32815) | (1,47)   | USED    | N/A     |   47
 (1,48)   | (33554432,32816) | (1,48)   | USED    | N/A     |   48
 (1,49)   | (33554432,32817) | (1,49)   | USED    | N/A     |   49
 (1,50)   | (33554432,32818) | (1,50)   | USED    | N/A     |   50
 (1,51)   | (33554432,32819) | (1,51)   | USED    | N/A     |   51
 (1,52)   | (33554432,32820) | (1,52)   | USED    | N/A     |   52
 (1,53)   | (33554432,32821) | (1,53)   | USED    | N/A     |   53
 (1,54)   | (33554432,32822) | (1,54)   | USED    | N/A     |   54
 (1,55)   | (33554432,32823) | (1,55)   | USED    | N/A     |   55
 (1,56)   | (33554432,32824) | (1,56)   | USED    | N/A     |   56
 (1,57)   | (33554432,32825) | (1,57)   | USED    | N/A     |   57
 (1,58)   | (33554432,32826) | (1,58)   | USED    | N/A     |   58
 (1,59)   | (33554432,32827) | (1,59)   | USED    | N/A     |   59
 (1,60)   | (33554432,32828) | (1,60)   | USED    | N/A     |   60
 (1,61)   | (33554432,32829) | (1,61)   | USED    | N/A     |   61
 (1,62)   | (33554432,32830) | (1,62)   | USED    | N/A     |   62
 (1,63)   | (33554432,32831) | (1,63)   | USED    | N/A     |   63
 (1,64)   | (33554432,32832) | (1,64)   | USED    | N/A     |   64
 (1,65)   | (33554432,32833) | (1,65)   | USED    | N/A     |   65
 (1,66)   | (33554432,32834) | (1,66)   | USED    | N/A     |   66
 (1,67)   | (33554432,32835) | (1,67)   | USED    | N/A     |   67
 (1,68)   | (33554432,32836) | (1,68)   | USED    | N/A     |   68
 (1,69)   | (33554432,32837) | (1,69)   | USED    | N/A     |   69
 (1,70)   | (33554432,32838) | (1,70)   | USED    | N/A     |   70
 (1,71)   | (33554432,32839) | (1,71)   | USED    | N/A     |   71
 (1,72)   | (33554432,32840) | (1,72)   | USED    | N/A     |   72
 (1,73)   | (33554432,32841) | (1,73)   | USED    | N/A     |   73
 (1,74)   | (33554432,32842) | (1,74)   | USED    | N/A     |   74
 (1,75)   | (33554432,32843) | (1,75)   | USED    | N/A     |   75
 (1,76)   | (33554432,32844) | (1,76)   | USED    | N/A     |   76
 (1,77)   | (33554432,32845) | (1,77)   | USED    | N/A     |   77
 (1,78)   | (33554432,32846) | (1,78)   | USED    | N/A     |   78
 (1,79)   | (33554432,32847) | (1,79)   | USED    | N/A     |   79
 (1,80)   | (33554432,32848) | (1,80)   | USED    | N/A     |   80
 (1,81)   | (33554432,32849) | (1,81)   | USED    | N/A     |   81
 (1,82)   | (33554432,32850) | (1,82)   | USED    | N/A     |   82
 (1,83)   | (33554432,32851) | (1,83)   | USED    | N/A     |   83
 (1,84)   | (33554432,32852) | (1,84)   | USED    | N/A     |   84
 (1,85)   | (33554432,32853) | (1,85)   | USED    | N/A     |   85
 (1,86)   | (33554432,32854) | (1,86)   | USED    | N/A     |   86
 (1,87)   | (33554432,32855) | (1,87)   | USED    | N/A     |   87
 (1,88)   | (33554432,32856) | (1,88)   | USED    | N/A     |   88
 (1,89)   | (33554432,32857) | (1,89)   | USED    | N/A     |   89
 (1,90)   | (33554432,32858) | (1,90)   | USED    | N/A     |   90
 (1,91)   | (33554432,32859) | (1,91)   | USED    | N/A     |   91
 (1,92)   | (33554432,32860) | (1,92)   | USED    | N/A     |   92
 (1,93)   | (33554432,32861) | (1,93)   | USED    | N/A     |   93
 (1,94)   | (33554432,32862) | (1,94)   | USED    | N/A     |   94
 (1,95)   | (33554432,32863) | (1,95)   | USED    | N/A     |   95
 (1,96)   | (33554432,32864) | (1,96)   | USED    | N/A     |   96
 (1,97)   | (33554432,32865) | (1,97)   | USED    | N/A     |   97
 (1,98)   | (33554432,32866) | (1,98)   | USED    | N/A     |   98
 (1,99)   | (33554432,32867) | (1,99)   | USED    | N/A     |   99
 (1,100)  | (33554432,32868) | (1,100)  | USED    | N/A     |  100
 (1,101)  | (33554432,32869) | (1,101)  | USED    | N/A     |  101
 (1,102)  | (33554432,32870) | (1,102)  | USED    | N/A     |  102
 (1,103)  | (33554432,32871) | (1,103)  | USED    | N/A     |  103
 (1,104)  | (33554432,32872) | (1,104)  | USED    | N/A     |  104
 (1,105)  | (33554432,32873) | (1,105)  | USED    | N/A     |  105
 (1,106)  | (33554432,32874) | (1,106)  | USED    | N/A     |  106
 (1,107)  | (33554432,32875) | (1,107)  | USED    | N/A     |  107
 (1,108)  | (33554432,32876) | (1,108)  | USED    | N/A     |  108
 (1,109)  | (33554432,32877) | (1,109)  | USED    | N/A     |  109
 (1,110)  | (33554432,32878) | (1,110)  | USED    | N/A     |  110
 (1,111)  | (33554432,32879) | (1,111)  | USED    | N/A     |  111
 (1,112)  | (33554432,32880) | (1,112)  | USED    | N/A     |  112
 (1,113)  | (33554432,32881) | (1,113)  | USED    | N/A     |  113
 (1,114)  | (33554432,32882) | (1,114)  | USED    | N/A     |  114
 (1,115)  | (33554432,32883) | (1,115)  | USED    | N/A     |  115
 (1,116)  | (33554432,32884) | (1,116)  | USED    | N/A     |  116
 (1,117)  | (33554432,32885) | (1,117)  | USED    | N/A     |  117
 (1,118)  | (33554432,32886) | (1,118)  | USED    | N/A     |  118
 (1,119)  | (33554432,32887) | (1,119)  | USED    | N/A     |  119
 (1,120)  | (33554432,32888) | (1,120)  | USED    | N/A     |  120
 (1,121)  | (33554432,32889) | (1,121)  | USED    | N/A     |  121
 (1,122)  | (33554432,32890) | (1,122)  | USED    | N/A     |  122
 (1,123)  | (33554432,32891) | (1,123)  | USED    | N/A     |  123
 (1,124)  | (33554432,32892) | (1,124)  | USED    | N/A     |  124
 (1,125)  | (33554432,32893) | (1,125)  | USED    | N/A     |  125
 (1,126)  | (33554432,32894) | (1,126)  | USED    | N/A     |  126
 (1,127)  | (33554432,32895) | (1,127)  | USED    | N/A     |  127
 (1,128)  | (33554432,32896) | (1,128)  | USED    | N/A     |  128
 (1,129)  | (33554432,32897) | (1,129)  | USED    | N/A     |  129
 (1,130)  | (33554432,32898) | (1,130)  | USED    | N/A     |  130
 (1,131)  | (33554432,32899) | (1,131)  | USED    | N/A     |  131
 (1,132)  | (33554432,32900) | (1,132)  | USED    | N/A     |  132
 (1,133)  | (33554432,32901) | (1,133)  | USED    | N/A     |  133
 (1,134)  | (33554432,32902) | (1,134)  | USED    | N/A     |  134
 (1,135)  | (33554432,32903) | (1,135)  | USED    | N/A     |  135
 (1,136)  | (33554432,32904) | (1,136)  | USED    | N/A     |  136
 (1,137)  | (33554432,32905) | (1,137)  | USED    | N/A     |  137
 (1,138)  | (33554432,32906) | (1,138)  | USED    | N/A     |  138
 (1,139)  | (33554432,32907) | (1,139)  | USED    | N/A     |  139
 (1,140)  | (33554432,32908) | (1,140)  | USED    | N/A     |  140
 (1,141)  | (33554432,32909) | (1,141)  | USED    | N/A     |  141
 (1,142)  | (33554432,32910) | (1,142)  | USED    | N/A     |  142
 (1,143)  | (33554432,32911) | (1,143)  | USED    | N/A     |  143
 (1,144)  | (33554432,32912) | (1,144)  | USED    | N/A     |  144
 (1,145)  | (33554432,32913) | (1,145)  | USED    | N/A     |  145
 (1,146)  | (33554432,32914) | (1,146)  | USED    | N/A     |  146
 (1,147)  | (33554432,32915) | (1,147)  | USED    | N/A     |  147
 (1,148)  | (33554432,32916) | (1,148)  | USED    | N/A     |  148
 (1,149)  | (33554432,32917) | (1,149)  | USED    | N/A     |  149
 (1,150)  | (33554432,32918) | (1,150)  | USED    | N/A     |  150
 (1,151)  | (33554432,32919) | (1,151)  | USED    | N/A     |  151
 (1,152)  | (33554432,32920) | (1,152)  | USED    | N/A     |  152
 (1,153)  | (33554432,32921) | (1,153)  | USED    | N/A     |  153
 (1,154)  | (33554432,32922) | (1,154)  | USED    | N/A     |  154
 (1,155)  | (33554432,32923) | (1,155)  | USED    | N/A     |  155
 (1,156)  | (33554432,32924) | (1,156)  | USED    | N/A     |  156
 (1,157)  | (33554432,32925) | (1,157)  | USED    | N/A     |  157
 (1,158)  | (33554432,32926) | (1,158)  | USED    | N/A     |  158
 (1,159)  | (33554432,32927) | (1,159)  | USED    | N/A     |  159
 (1,160)  | (33554432,32928) | (1,160)  | USED    | N/A     |  160
 (1,161)  | (33554432,32929) | (1,161)  | USED    | N/A     |  161
 (1,162)  | (33554432,32930) | (1,162)  | USED    | N/A     |  162
 (1,163)  | (33554432,32931) | (1,163)  | USED    | N/A     |  163
 (1,164)  | (33554432,32932) | (1,164)  | USED    | N/A     |  164
 (1,165)  | (33554432,32933) | (1,165)  | USED    | N/A     |  165
 (1,166)  | (33554432,32934) | (1,166)  | USED    | N/A     |  166
 (1,167)  | (33554432,32935) | (1,167)  | USED    | N/A     |  167
 (1,168)  | (33554432,32936) | (1,168)  | USED    | N/A     |  168
 (1,169)  | (33554432,32937) | (1,169)  | USED    | N/A     |  169
 (1,170)  | (33554432,32938) | (1,170)  | USED    | N/A     |  170
 (1,171)  | (33554432,32939) | (1,171)  | USED    | N/A     |  171
 (1,172)  | (33554432,32940) | (1,172)  | USED    | N/A     |  172
 (1,173)  | (33554432,32941) | (1,173)  | USED    | N/A     |  173
 (1,174)  | (33554432,32942) | (1,174)  | USED    | N/A     |  174
 (1,175)  | (33554432,32943) | (1,175)  | USED    | N/A     |  175
 (1,176)  | (33554432,32944) | (1,176)  | USED    | N/A     |  176
 (1,177)  | (33554432,32945) | (1,177)  | USED    | N/A     |  177
 (1,178)  | (33554432,32946) | (1,178)  | USED    | N/A     |  178
 (1,179)  | (33554432,32947) | (1,179)  | USED    | N/A     |  179
 (1,180)  | (33554432,32948) | (1,180)  | USED    | N/A     |  180
 (1,181)  | (33554432,32949) | (1,181)  | USED    | N/A     |  181
 (1,182)  | (33554432,32950) | (1,182)  | USED    | N/A     |  182
 (1,183)  | (33554432,32951) | (1,183)  | USED    | N/A     |  183
 (1,184)  | (33554432,32952) | (1,184)  | USED    | N/A     |  184
 (1,185)  | (33554432,32953) | (1,185)  | USED    | N/A     |  185
 (1,186)  | (33554432,32954) | (1,186)  | USED    | N/A     |  186
 (1,187)  | (33554432,32955) | (1,187)  | USED    | N/A     |  187
 (1,188)  | (33554432,32956) | (1,188)  | USED    | N/A     |  188
 (1,189)  | (33554432,32957) | (1,189)  | USED    | N/A     |  189
 (1,190)  | (33554432,32958) | (1,190)  | USED    | N/A     |  190
 (1,191)  | (33554432,32959) | (1,191)  | USED    | N/A     |  191
 (1,192)  | (33554432,32960) | (1,192)  | USED    | N/A     |  192
 (1,193)  | (33554432,32961) | (1,193)  | USED    | N/A     |  193
 (1,194)  | (33554432,32962) | (1,194)  | USED    | N/A     |  194
 (1,195)  | (33554432,32963) | (1,195)  | USED    | N/A     |  195
 (1,196)  | (33554432,32964) | (1,196)  | USED    | N/A     |  196
 (1,197)  | (33554432,32965) | (1,197)  | USED    | N/A     |  197
 (1,198)  | (33554432,32966) | (1,198)  | USED    | N/A     |  198
 (1,199)  | (33554432,32967) | (1,199)  | USED    | N/A     |  199
 (1,200)  | (33554432,32968) | (1,200)  | USED    | N/A     |  200
 (1,201)  | (33554432,32969) | (1,201)  | USED    | N/A     |  201
 (1,202)  | (33554432,32970) | (1,202)  | USED    | N/A     |  202
 (1,203)  | (33554432,32971) | (1,203)  | USED    | N/A     |  203
 (1,204)  | (33554432,32972) | (1,204)  | USED    | N/A     |  204
 (1,205)  | (33554432,32973) | (1,205)  | USED    | N/A     |  205
 (1,206)  | (33554432,32974) | (1,206)  | USED    | N/A     |  206
 (1,207)  | (33554432,32975) | (1,207)  | USED    | N/A     |  207
 (1,208)  | (33554432,32976) | (1,208)  | USED    | N/A     |  208
 (1,209)  | (33554432,32977) | (1,209)  | USED    | N/A     |  209
 (1,210)  | (33554432,32978) | (1,210)  | USED    | N/A     |  210
 (1,211)  | (33554432,32979) | (1,211)  | USED    | N/A     |  211
 (1,212)  | (33554432,32980) | (1,212)  | USED    | N/A     |  212
 (1,213)  | (33554432,32981) | (1,213)  | USED    | N/A     |  213
 (1,214)  | (33554432,32982) | (1,214)  | USED    | N/A     |  214
 (1,215)  | (33554432,32983) | (1,215)  | USED    | N/A     |  215
 (1,216)  | (33554432,32984) | (1,216)  | USED    | N/A     |  216
 (1,217)  | (33554432,32985) | (1,217)  | USED    | N/A     |  217
 (1,218)  | (33554432,32986) | (1,218)  | USED    | N/A     |  218
 (1,219)  | (33554432,32987) | (1,219)  | USED    | N/A     |  219
 (1,220)  | (33554432,32988) | (1,220)  | USED    | N/A     |  220
 (1,221)  | (33554432,32989) | (1,221)  | USED    | N/A     |  221
 (1,222)  | (33554432,32990) | (1,222)  | USED    | N/A     |  222
 (1,223)  | (33554432,32991) | (1,223)  | USED    | N/A     |  223
 (1,224)  | (33554432,32992) | (1,224)  | USED    | N/A     |  224
 (1,225)  | (33554432,32993) | (1,225)  | USED    | N/A     |  225
 (1,226)  | (33554432,32994) | (1,226)  | USED    | N/A     |  226
 (1,227)  | (33554432,32995) | (1,227)  | USED    | N/A     |  227
 (1,228)  | (33554432,32996) | (1,228)  | USED    | N/A     |  228
 (1,229)  | (33554432,32997) | (1,229)  | USED    | N/A     |  229
 (1,230)  | (33554432,32998) | (1,230)  | USED    | N/A     |  230
 (1,231)  | (33554432,32999) | (1,231)  | USED    | N/A     |  231
 (1,232)  | (33554432,33000) | (1,232)  | USED    | N/A     |  232
 (1,233)  | (33554432,33001) | (1,233)  | USED    | N/A     |  233
 (1,234)  | (33554432,33002) | (1,234)  | USED    | N/A     |  234
 (1,235)  | (33554432,33003) | (1,235)  | USED    | N/A     |  235
 (1,236)  | (33554432,33004) | (1,236)  | USED    | N/A     |  236
 (1,237)  | (33554432,33005) | (1,237)  | USED    | N/A     |  237
 (1,238)  | (33554432,33006) | (1,238)  | USED    | N/A     |  238
 (1,239)  | (33554432,33007) | (1,239)  | USED    | N/A     |  239
 (1,240)  | (33554432,33008) | (1,240)  | USED    | N/A     |  240
 (1,241)  | (33554432,33009) | (1,241)  | USED    | N/A     |  241
 (1,242)  | (33554432,33010) | (1,242)  | USED    | N/A     |  242
 (1,243)  | (33554432,33011) | (1,243)  | USED    | N/A     |  243
 (1,244)  | (33554432,33012) | (1,244)  | USED    | N/A     |  244
 (1,245)  | (33554432,33013) | (1,245)  | USED    | N/A     |  245
 (1,246)  | (33554432,33014) | (1,246)  | USED    | N/A     |  246
 (1,247)  | (33554432,33015) | (1,247)  | USED    | N/A     |  247
 (1,248)  | (33554432,33016) | (1,248)  | USED    | N/A     |  248
 (1,249)  | (33554432,33017) | (1,249)  | USED    | N/A     |  249
 (1,250)  | (33554432,33018) | (1,250)  | USED    | N/A     |  250
 (1,251)  | (33554432,33019) | (1,251)  | USED    | N/A     |  251
 (1,252)  | (33554432,33020) | (1,252)  | USED    | N/A     |  252
 (1,253)  | (33554432,33021) | (1,253)  | USED    | N/A     |  253
 (1,254)  | (33554432,33022) | (1,254)  | USED    | N/A     |  254
 (1,255)  | (33554432,33023) | (1,255)  | USED    | N/A     |  255
 (1,256)  | (33554432,33024) | (1,256)  | USED    | N/A     |  256
 (1,257)  | (33554432,33025) | (1,257)  | USED    | N/A     |  257
 (1,258)  | (33554432,33026) | (1,258)  | USED    | N/A     |  258
 (1,259)  | (33554432,33027) | (1,259)  | USED    | N/A     |  259
 (1,260)  | (33554432,33028) | (1,260)  | USED    | N/A     |  260
 (1,261)  | (33554432,33029) | (1,261)  | USED    | N/A     |  261
 (1,262)  | (33554432,33030) | (1,262)  | USED    | N/A     |  262
 (1,263)  | (33554432,33031) | (1,263)  | USED    | N/A     |  263
 (1,264)  | (33554432,33032) | (1,264)  | USED    | N/A     |  264
 (1,265)  | (33554432,33033) | (1,265)  | USED    | N/A     |  265
 (1,266)  | (33554432,33034) | (1,266)  | USED    | N/A     |  266
 (1,267)  | (33554432,33035) | (1,267)  | USED    | N/A     |  267
 (1,268)  | (33554432,33036) | (1,268)  | USED    | N/A     |  268
 (1,269)  | (33554432,33037) | (1,269)  | USED    | N/A     |  269
 (1,270)  | (33554432,33038) | (1,270)  | USED    | N/A     |  270
 (1,271)  | (33554432,33039) | (1,271)  | USED    | N/A     |  271
 (1,272)  | (33554432,33040) | (1,272)  | USED    | N/A     |  272
 (1,273)  | (33554432,33041) | (1,273)  | USED    | N/A     |  273
 (1,274)  | (33554432,33042) | (1,274)  | USED    | N/A     |  274
 (1,275)  | (33554432,33043) | (1,275)  | USED    | N/A     |  275
 (1,276)  | (33554432,33044) | (1,276)  | USED    | N/A     |  276
 (1,277)  | (33554432,33045) | (1,277)  | USED    | N/A     |  277
 (1,278)  | (33554432,33046) | (1,278)  | USED    | N/A     |  278
 (1,279)  | (33554432,33047) | (1,279)  | USED    | N/A     |  279
 (1,280)  | (33554432,33048) | (1,280)  | USED    | N/A     |  280
 (1,281)  | (33554432,33049) | (1,281)  | USED    | N/A     |  281
 (1,282)  | (33554432,33050) | (1,282)  | USED    | N/A     |  282
 (1,283)  | (33554432,33051) | (1,283)  | USED    | N/A     |  283
 (1,284)  | (33554432,33052) | (1,284)  | USED    | N/A     |  284
 (1,285)  | (33554432,33053) | (1,285)  | USED    | N/A     |  285
 (1,286)  | (33554432,33054) | (1,286)  | USED    | N/A     |  286
 (1,287)  | (33554432,33055) | (1,287)  | USED    | N/A     |  287
 (1,288)  | (33554432,33056) | (1,288)  | USED    | N/A     |  288
 (1,289)  | (33554432,33057) | (1,289)  | USED    | N/A     |  289
 (1,290)  | (33554432,33058) | (1,290)  | USED    | N/A     |  290
 (1,291)  | (33554432,33059) | (1,291)  | USED    | N/A     |  291
 (1,292)  | (33554432,33060) | (1,292)  | USED    | N/A     |  292
 (1,293)  | (33554432,33061) | (1,293)  | USED    | N/A     |  293
 (1,294)  | (33554432,33062) | (1,294)  | USED    | N/A     |  294
 (1,295)  | (33554432,33063) | (1,295)  | USED    | N/A     |  295
 (1,296)  | (33554432,33064) | (1,296)  | USED    | N/A     |  296
 (1,297)  | (33554432,33065) | (1,297)  | USED    | N/A     |  297
 (1,298)  | (33554432,33066) | (1,298)  | USED    | N/A     |  298
 (1,299)  | (33554432,33067) | (1,299)  | USED    | N/A     |  299
 (1,300)  | (33554432,33068) | (1,300)  | USED    | N/A     |  300
 (1,301)  | (33554432,33069) | (1,301)  | USED    | N/A     |  301
 (1,302)  | (33554432,33070) | (1,302)  | USED    | N/A     |  302
 (1,303)  | (33554432,33071) | (1,303)  | USED    | N/A     |  303
 (1,304)  | (33554432,33072) | (1,304)  | USED    | N/A     |  304
 (1,305)  | (33554432,33073) | (1,305)  | USED    | N/A     |  305
 (1,306)  | (33554432,33074) | (1,306)  | USED    | N/A     |  306
 (1,307)  | (33554432,33075) | (1,307)  | USED    | N/A     |  307
 (1,308)  | (33554432,33076) | (1,308)  | USED    | N/A     |  308
 (1,309)  | (33554432,33077) | (1,309)  | USED    | N/A     |  309
 (1,310)  | (33554432,33078) | (1,310)  | USED    | N/A     |  310
 (1,311)  | (33554432,33079) | (1,311)  | USED    | N/A     |  311
 (1,312)  | (33554432,33080) | (1,312)  | USED    | N/A     |  312
 (1,313)  | (33554432,33081) | (1,313)  | USED    | N/A     |  313
 (1,314)  | (33554432,33082) | (1,314)  | USED    | N/A     |  314
 (1,315)  | (33554432,33083) | (1,315)  | USED    | N/A     |  315
 (1,316)  | (33554432,33084) | (1,316)  | USED    | N/A     |  316
 (1,317)  | (33554432,33085) | (1,317)  | USED    | N/A     |  317
 (1,318)  | (33554432,33086) | (1,318)  | USED    | N/A     |  318
 (1,319)  | (33554432,33087) | (1,319)  | USED    | N/A     |  319
 (1,320)  | (33554432,33088) | (1,320)  | USED    | N/A     |  320
 (1,321)  | (33554432,33089) | (1,321)  | USED    | N/A     |  321
 (1,322)  | (33554432,33090) | (1,322)  | USED    | N/A     |  322
 (1,323)  | (33554432,33091) | (1,323)  | USED    | N/A     |  323
 (1,324)  | (33554432,33092) | (1,324)  | USED    | N/A     |  324
 (1,325)  | (33554432,33093) | (1,325)  | USED    | N/A     |  325
 (1,326)  | (33554432,33094) | (1,326)  | USED    | N/A     |  326
 (1,327)  | (33554432,33095) | (1,327)  | USED    | N/A     |  327
 (1,328)  | (33554432,33096) | (1,328)  | USED    | N/A     |  328
 (1,329)  | (33554432,33097) | (1,329)  | USED    | N/A     |  329
 (1,330)  | (33554432,33098) | (1,330)  | USED    | N/A     |  330
 (1,331)  | (33554432,33099) | (1,331)  | USED    | N/A     |  331
 (1,332)  | (33554432,33100) | (1,332)  | USED    | N/A     |  332
 (1,333)  | (33554432,33101) | (1,333)  | USED    | N/A     |  333
 (1,334)  | (33554432,33102) | (1,334)  | USED    | N/A     |  334
 (1,335)  | (33554432,33103) | (1,335)  | USED    | N/A     |  335
 (1,336)  | (33554432,33104) | (1,336)  | USED    | N/A     |  336
 (1,337)  | (33554432,33105) | (1,337)  | USED    | N/A     |  337
 (1,338)  | (33554432,33106) | (1,338)  | USED    | N/A     |  338
 (1,339)  | (33554432,33107) | (1,339)  | USED    | N/A     |  339
 (1,340)  | (33554432,33108) | (1,340)  | USED    | N/A     |  340
 (1,341)  | (33554432,33109) | (1,341)  | USED    | N/A     |  341
 (1,342)  | (33554432,33110) | (1,342)  | USED    | N/A     |  342
 (1,343)  | (33554432,33111) | (1,343)  | USED    | N/A     |  343
 (1,344)  | (33554432,33112) | (1,344)  | USED    | N/A     |  344
 (1,345)  | (33554432,33113) | (1,345)  | USED    | N/A     |  345
 (1,346)  | (33554432,33114) | (1,346)  | USED    | N/A     |  346
 (1,347)  | (33554432,33115) | (1,347)  | USED    | N/A     |  347
 (1,348)  | (33554432,33116) | (1,348)  | USED    | N/A     |  348
 (1,349)  | (33554432,33117) | (1,349)  | USED    | N/A     |  349
 (1,350)  | (33554432,33118) | (1,350)  | USED    | N/A     |  350
 (1,351)  | (33554432,33119) | (1,351)  | USED    | N/A     |  351
 (1,352)  | (33554432,33120) | (1,352)  | USED    | N/A     |  352
 (1,353)  | (33554432,33121) | (1,353)  | USED    | N/A     |  353
 (1,354)  | (33554432,33122) | (1,354)  | USED    | N/A     |  354
 (1,355)  | (33554432,33123) | (1,355)  | USED    | N/A     |  355
 (1,356)  | (33554432,33124) | (1,356)  | USED    | N/A     |  356
 (1,357)  | (33554432,33125) | (1,357)  | USED    | N/A     |  357
 (1,358)  | (33554432,33126) | (1,358)  | USED    | N/A     |  358
 (1,359)  | (33554432,33127) | (1,359)  | USED    | N/A     |  359
 (1,360)  | (33554432,33128) | (1,360)  | USED    | N/A     |  360
 (1,361)  | (33554432,33129) | (1,361)  | USED    | N/A     |  361
 (1,362)  | (33554432,33130) | (1,362)  | USED    | N/A     |  362
 (1,363)  | (33554432,33131) | (1,363)  | USED    | N/A     |  363
 (1,364)  | (33554432,33132) | (1,364)  | USED    | N/A     |  364
 (1,365)  | (33554432,33133) | (1,365)  | USED    | N/A     |  365
 (1,366)  | (33554432,33134) | (1,366)  | USED    | N/A     |  366
 (1,367)  | (33554432,33135) | (1,367)  | USED    | N/A     |  367
 (1,368)  | (33554432,33136) | (1,368)  | USED    | N/A     |  368
 (1,369)  | (33554432,33137) | (1,369)  | USED    | N/A     |  369
 (1,370)  | (33554432,33138) | (1,370)  | USED    | N/A     |  370
 (1,371)  | (33554432,33139) | (1,371)  | USED    | N/A     |  371
 (1,372)  | (33554432,33140) | (1,372)  | USED    | N/A     |  372
 (1,373)  | (33554432,33141) | (1,373)  | USED    | N/A     |  373
 (1,374)  | (33554432,33142) | (1,374)  | USED    | N/A     |  374
 (1,375)  | (33554432,33143) | (1,375)  | USED    | N/A     |  375
 (1,376)  | (33554432,33144) | (1,376)  | USED    | N/A     |  376
 (1,377)  | (33554432,33145) | (1,377)  | USED    | N/A     |  377
 (1,378)  | (33554432,33146) | (1,378)  | USED    | N/A     |  378
 (1,379)  | (33554432,33147) | (1,379)  | USED    | N/A     |  379
 (1,380)  | (33554432,33148) | (1,380)  | USED    | N/A     |  380
 (1,381)  | (33554432,33149) | (1,381)  | USED    | N/A     |  381
 (1,382)  | (33554432,33150) | (1,382)  | USED    | N/A     |  382
 (1,383)  | (33554432,33151) | (1,383)  | USED    | N/A     |  383
 (1,384)  | (33554432,33152) | (1,384)  | USED    | N/A     |  384
 (1,385)  | (33554432,33153) | (1,385)  | USED    | N/A     |  385
 (1,386)  | (33554432,33154) | (1,386)  | USED    | N/A     |  386
 (1,387)  | (33554432,33155) | (1,387)  | USED    | N/A     |  387
 (1,388)  | (33554432,33156) | (1,388)  | USED    | N/A     |  388
 (1,389)  | (33554432,33157) | (1,389)  | USED    | N/A     |  389
 (1,390)  | (33554432,33158) | (1,390)  | USED    | N/A     |  390
 (1,391)  | (33554432,33159) | (1,391)  | USED    | N/A     |  391
 (1,392)  | (33554432,33160) | (1,392)  | USED    | N/A     |  392
 (1,393)  | (33554432,33161) | (1,393)  | USED    | N/A     |  393
 (1,394)  | (33554432,33162) | (1,394)  | USED    | N/A     |  394
 (1,395)  | (33554432,33163) | (1,395)  | USED    | N/A     |  395
 (1,396)  | (33554432,33164) | (1,396)  | USED    | N/A     |  396
 (1,397)  | (33554432,33165) | (1,397)  | USED    | N/A     |  397
 (1,398)  | (33554432,33166) | (1,398)  | USED    | N/A     |  398
 (1,399)  | (33554432,33167) | (1,399)  | USED    | N/A     |  399
 (1,400)  | (33554432,33168) | (1,400)  | USED    | N/A     |  400
 (1,401)  | (33554432,33169) | (1,401)  | USED    | N/A     |  401
 (1,402)  | (33554432,33170) | (1,402)  | USED    | N/A     |  402
 (1,403)  | (33554432,33171) | (1,403)  | USED    | N/A     |  403
 (1,404)  | (33554432,33172) | (1,404)  | USED    | N/A     |  404
 (1,405)  | (33554432,33173) | (1,405)  | USED    | N/A     |  405
 (1,406)  | (33554432,33174) | (1,406)  | USED    | N/A     |  406
 (1,407)  | (33554432,33175) | (1,407)  | USED    | N/A     |  407
 (1,408)  | (33554432,33176) | (1,408)  | USED    | N/A     |  408
 (1,409)  | (33554432,33177) | (1,409)  | USED    | N/A     |  409
 (1,410)  | (33554432,33178) | (1,410)  | USED    | N/A     |  410
 (1,411)  | (33554432,33179) | (1,411)  | USED    | N/A     |  411
 (1,412)  | (33554432,33180) | (1,412)  | USED    | N/A     |  412
 (1,413)  | (33554432,33181) | (1,413)  | USED    | N/A     |  413
 (1,414)  | (33554432,33182) | (1,414)  | USED    | N/A     |  414
 (1,415)  | (33554432,33183) | (1,415)  | USED    | N/A     |  415
 (1,416)  | (33554432,33184) | (1,416)  | USED    | N/A     |  416
 (1,417)  | (33554432,33185) | (1,417)  | USED    | N/A     |  417
 (1,418)  | (33554432,33186) | (1,418)  | USED    | N/A     |  418
 (1,419)  | (33554432,33187) | (1,419)  | USED    | N/A     |  419
 (1,420)  | (33554432,33188) | (1,420)  | USED    | N/A     |  420
 (1,421)  | (33554432,33189) | (1,421)  | USED    | N/A     |  421
 (1,422)  | (33554432,33190) | (1,422)  | USED    | N/A     |  422
 (1,423)  | (33554432,33191) | (1,423)  | USED    | N/A     |  423
 (1,424)  | (33554432,33192) | (1,424)  | USED    | N/A     |  424
 (1,425)  | (33554432,33193) | (1,425)  | USED    | N/A     |  425
 (1,426)  | (33554432,33194) | (1,426)  | USED    | N/A     |  426
 (1,427)  | (33554432,33195) | (1,427)  | USED    | N/A     |  427
 (1,428)  | (33554432,33196) | (1,428)  | USED    | N/A     |  428
 (1,429)  | (33554432,33197) | (1,429)  | USED    | N/A     |  429
 (1,430)  | (33554432,33198) | (1,430)  | USED    | N/A     |  430
 (1,431)  | (33554432,33199) | (1,431)  | USED    | N/A     |  431
 (1,432)  | (33554432,33200) | (1,432)  | USED    | N/A     |  432
 (1,433)  | (33554432,33201) | (1,433)  | USED    | N/A     |  433
 (1,434)  | (33554432,33202) | (1,434)  | USED    | N/A     |  434
 (1,435)  | (33554432,33203) | (1,435)  | USED    | N/A     |  435
 (1,436)  | (33554432,33204) | (1,436)  | USED    | N/A     |  436
 (1,437)  | (33554432,33205) | (1,437)  | USED    | N/A     |  437
 (1,438)  | (33554432,33206) | (1,438)  | USED    | N/A     |  438
 (1,439)  | (33554432,33207) | (1,439)  | USED    | N/A     |  439
 (1,440)  | (33554432,33208) | (1,440)  | USED    | N/A     |  440
 (1,441)  | (33554432,33209) | (1,441)  | USED    | N/A     |  441
 (1,442)  | (33554432,33210) | (1,442)  | USED    | N/A     |  442
 (1,443)  | (33554432,33211) | (1,443)  | USED    | N/A     |  443
 (1,444)  | (33554432,33212) | (1,444)  | USED    | N/A     |  444
 (1,445)  | (33554432,33213) | (1,445)  | USED    | N/A     |  445
 (1,446)  | (33554432,33214) | (1,446)  | USED    | N/A     |  446
 (1,447)  | (33554432,33215) | (1,447)  | USED    | N/A     |  447
 (1,448)  | (33554432,33216) | (1,448)  | USED    | N/A     |  448
 (1,449)  | (33554432,33217) | (1,449)  | USED    | N/A     |  449
 (1,450)  | (33554432,33218) | (1,450)  | USED    | N/A     |  450
 (1,451)  | (33554432,33219) | (1,451)  | USED    | N/A     |  451
 (1,452)  | (33554432,33220) | (1,452)  | USED    | N/A     |  452
 (1,453)  | (33554432,33221) | (1,453)  | USED    | N/A     |  453
 (1,454)  | (33554432,33222) | (1,454)  | USED    | N/A     |  454
 (1,455)  | (33554432,33223) | (1,455)  | USED    | N/A     |  455
 (1,456)  | (33554432,33224) | (1,456)  | USED    | N/A     |  456
 (1,457)  | (33554432,33225) | (1,457)  | USED    | N/A     |  457
 (1,458)  | (33554432,33226) | (1,458)  | USED    | N/A     |  458
 (1,459)  | (33554432,33227) | (1,459)  | USED    | N/A     |  459
 (1,460)  | (33554432,33228) | (1,460)  | USED    | N/A     |  460
 (1,461)  | (33554432,33229) | (1,461)  | USED    | N/A     |  461
 (1,462)  | (33554432,33230) | (1,462)  | USED    | N/A     |  462
 (1,463)  | (33554432,33231) | (1,463)  | USED    | N/A     |  463
 (1,464)  | (33554432,33232) | (1,464)  | USED    | N/A     |  464
 (1,465)  | (33554432,33233) | (1,465)  | USED    | N/A     |  465
 (1,466)  | (33554432,33234) | (1,466)  | USED    | N/A     |  466
 (1,467)  | (33554432,33235) | (1,467)  | USED    | N/A     |  467
 (1,468)  | (33554432,33236) | (1,468)  | USED    | N/A     |  468
 (1,469)  | (33554432,33237) | (1,469)  | USED    | N/A     |  469
 (1,470)  | (33554432,33238) | (1,470)  | USED    | N/A     |  470
 (1,471)  | (33554432,33239) | (1,471)  | USED    | N/A     |  471
 (1,472)  | (33554432,33240) | (1,472)  | USED    | N/A     |  472
 (1,473)  | (33554432,33241) | (1,473)  | USED    | N/A     |  473
 (1,474)  | (33554432,33242) | (1,474)  | USED    | N/A     |  474
 (1,475)  | (33554432,33243) | (1,475)  | USED    | N/A     |  475
 (1,476)  | (33554432,33244) | (1,476)  | USED    | N/A     |  476
 (1,477)  | (33554432,33245) | (1,477)  | USED    | N/A     |  477
 (1,478)  | (33554432,33246) | (1,478)  | USED    | N/A     |  478
 (1,479)  | (33554432,33247) | (1,479)  | USED    | N/A     |  479
 (1,480)  | (33554432,33248) | (1,480)  | USED    | N/A     |  480
 (1,481)  | (33554432,33249) | (1,481)  | USED    | N/A     |  481
 (1,482)  | (33554432,33250) | (1,482)  | USED    | N/A     |  482
 (1,483)  | (33554432,33251) | (1,483)  | USED    | N/A     |  483
 (1,484)  | (33554432,33252) | (1,484)  | USED    | N/A     |  484
 (1,485)  | (33554432,33253) | (1,485)  | USED    | N/A     |  485
 (1,486)  | (33554432,33254) | (1,486)  | USED    | N/A     |  486
 (1,487)  | (33554432,33255) | (1,487)  | USED    | N/A     |  487
 (1,488)  | (33554432,33256) | (1,488)  | USED    | N/A     |  488
 (1,489)  | (33554432,33257) | (1,489)  | USED    | N/A     |  489
 (1,490)  | (33554432,33258) | (1,490)  | USED    | N/A     |  490
 (1,491)  | (33554432,33259) | (1,491)  | USED    | N/A     |  491
 (1,492)  | (33554432,33260) | (1,492)  | USED    | N/A     |  492
 (1,493)  | (33554432,33261) | (1,493)  | USED    | N/A     |  493
 (1,494)  | (33554432,33262) | (1,494)  | USED    | N/A     |  494
 (1,495)  | (33554432,33263) | (1,495)  | USED    | N/A     |  495
 (1,496)  | (33554432,33264) | (1,496)  | USED    | N/A     |  496
 (1,497)  | (33554432,33265) | (1,497)  | USED    | N/A     |  497
 (1,498)  | (33554432,33266) | (1,498)  | USED    | N/A     |  498
 (1,499)  | (33554432,33267) | (1,499)  | USED    | N/A     |  499
 (1,500)  | (33554432,33268) | (1,500)  | USED    | N/A     |  500
 (1,501)  | (33554432,33269) | (1,501)  | USED    | N/A     |  501
 (1,502)  | (33554432,33270) | (1,502)  | USED    | N/A     |  502
 (1,503)  | (33554432,33271) | (1,503)  | USED    | N/A     |  503
 (1,504)  | (33554432,33272) | (1,504)  | USED    | N/A     |  504
 (1,505)  | (33554432,33273) | (1,505)  | USED    | N/A     |  505
 (1,506)  | (33554432,33274) | (1,506)  | USED    | N/A     |  506
 (1,507)  | (33554432,33275) | (1,507)  | USED    | N/A     |  507
 (1,508)  | (33554432,33276) | (1,508)  | USED    | N/A     |  508
 (1,509)  | (33554432,33277) | (1,509)  | USED    | N/A     |  509
 (1,510)  | (33554432,33278) | (1,510)  | USED    | N/A     |  510
 (1,511)  | (33554432,33279) | (1,511)  | USED    | N/A     |  511
 (1,512)  | (33554432,33280) | (1,512)  | USED    | N/A     |  512
 (1,513)  | (33554432,33281) | (1,513)  | USED    | N/A     |  513
 (1,514)  | (33554432,33282) | (1,514)  | USED    | N/A     |  514
 (1,515)  | (33554432,33283) | (1,515)  | USED    | N/A     |  515
 (1,516)  | (33554432,33284) | (1,516)  | USED    | N/A     |  516
 (1,517)  | (33554432,33285) | (1,517)  | USED    | N/A     |  517
 (1,518)  | (33554432,33286) | (1,518)  | USED    | N/A     |  518
 (1,519)  | (33554432,33287) | (1,519)  | USED    | N/A     |  519
 (1,520)  | (33554432,33288) | (1,520)  | USED    | N/A     |  520
 (1,521)  | (33554432,33289) | (1,521)  | USED    | N/A     |  521
 (1,522)  | (33554432,33290) | (1,522)  | USED    | N/A     |  522
 (1,523)  | (33554432,33291) | (1,523)  | USED    | N/A     |  523
 (1,524)  | (33554432,33292) | (1,524)  | USED    | N/A     |  524
 (1,525)  | (33554432,33293) | (1,525)  | USED    | N/A     |  525
 (1,526)  | (33554432,33294) | (1,526)  | USED    | N/A     |  526
 (1,527)  | (33554432,33295) | (1,527)  | USED    | N/A     |  527
 (1,528)  | (33554432,33296) | (1,528)  | USED    | N/A     |  528
 (1,529)  | (33554432,33297) | (1,529)  | USED    | N/A     |  529
 (1,530)  | (33554432,33298) | (1,530)  | USED    | N/A     |  530
 (1,531)  | (33554432,33299) | (1,531)  | USED    | N/A     |  531
 (1,532)  | (33554432,33300) | (1,532)  | USED    | N/A     |  532
 (1,533)  | (33554432,33301) | (1,533)  | USED    | N/A     |  533
 (1,534)  | (33554432,33302) | (1,534)  | USED    | N/A     |  534
 (1,535)  | (33554432,33303) | (1,535)  | USED    | N/A     |  535
 (1,536)  | (33554432,33304) | (1,536)  | USED    | N/A     |  536
 (1,537)  | (33554432,33305) | (1,537)  | USED    | N/A     |  537
 (1,538)  | (33554432,33306) | (1,538)  | USED    | N/A     |  538
 (1,539)  | (33554432,33307) | (1,539)  | USED    | N/A     |  539
 (1,540)  | (33554432,33308) | (1,540)  | USED    | N/A     |  540
 (1,541)  | (33554432,33309) | (1,541)  | USED    | N/A     |  541
 (1,542)  | (33554432,33310) | (1,542)  | USED    | N/A     |  542
 (1,543)  | (33554432,33311) | (1,543)  | USED    | N/A     |  543
 (1,544)  | (33554432,33312) | (1,544)  | USED    | N/A     |  544
 (1,545)  | (33554432,33313) | (1,545)  | USED    | N/A     |  545
 (1,546)  | (33554432,33314) | (1,546)  | USED    | N/A     |  546
 (1,547)  | (33554432,33315) | (1,547)  | USED    | N/A     |  547
 (1,548)  | (33554432,33316) | (1,548)  | USED    | N/A     |  548
 (1,549)  | (33554432,33317) | (1,549)  | USED    | N/A     |  549
 (1,550)  | (33554432,33318) | (1,550)  | USED    | N/A     |  550
 (1,551)  | (33554432,33319) | (1,551)  | USED    | N/A     |  551
 (1,552)  | (33554432,33320) | (1,552)  | USED    | N/A     |  552
 (1,553)  | (33554432,33321) | (1,553)  | USED    | N/A     |  553
 (1,554)  | (33554432,33322) | (1,554)  | USED    | N/A     |  554
 (1,555)  | (33554432,33323) | (1,555)  | USED    | N/A     |  555
 (1,556)  | (33554432,33324) | (1,556)  | USED    | N/A     |  556
 (1,557)  | (33554432,33325) | (1,557)  | USED    | N/A     |  557
 (1,558)  | (33554432,33326) | (1,558)  | USED    | N/A     |  558
 (1,559)  | (33554432,33327) | (1,559)  | USED    | N/A     |  559
 (1,560)  | (33554432,33328) | (1,560)  | USED    | N/A     |  560
 (1,561)  | (33554432,33329) | (1,561)  | USED    | N/A     |  561
 (1,562)  | (33554432,33330) | (1,562)  | USED    | N/A     |  562
 (1,563)  | (33554432,33331) | (1,563)  | USED    | N/A     |  563
 (1,564)  | (33554432,33332) | (1,564)  | USED    | N/A     |  564
 (1,565)  | (33554432,33333) | (1,565)  | USED    | N/A     |  565
 (1,566)  | (33554432,33334) | (1,566)  | USED    | N/A     |  566
 (1,567)  | (33554432,33335) | (1,567)  | USED    | N/A     |  567
 (1,568)  | (33554432,33336) | (1,568)  | USED    | N/A     |  568
 (1,569)  | (33554432,33337) | (1,569)  | USED    | N/A     |  569
 (1,570)  | (33554432,33338) | (1,570)  | USED    | N/A     |  570
 (1,571)  | (33554432,33339) | (1,571)  | USED    | N/A     |  571
 (1,572)  | (33554432,33340) | (1,572)  | USED    | N/A     |  572
 (1,573)  | (33554432,33341) | (1,573)  | USED    | N/A     |  573
 (1,574)  | (33554432,33342) | (1,574)  | USED    | N/A     |  574
 (1,575)  | (33554432,33343) | (1,575)  | USED    | N/A     |  575
 (1,576)  | (33554432,33344) | (1,576)  | USED    | N/A     |  576
 (1,577)  | (33554432,33345) | (1,577)  | USED    | N/A     |  577
 (1,578)  | (33554432,33346) | (1,578)  | USED    | N/A     |  578
 (1,579)  | (33554432,33347) | (1,579)  | USED    | N/A     |  579
 (1,580)  | (33554432,33348) | (1,580)  | USED    | N/A     |  580
 (1,581)  | (33554432,33349) | (1,581)  | USED    | N/A     |  581
 (1,582)  | (33554432,33350) | (1,582)  | USED    | N/A     |  582
 (1,583)  | (33554432,33351) | (1,583)  | USED    | N/A     |  583
 (1,584)  | (33554432,33352) | (1,584)  | USED    | N/A     |  584
 (1,585)  | (33554432,33353) | (1,585)  | USED    | N/A     |  585
 (1,586)  | (33554432,33354) | (1,586)  | USED    | N/A     |  586
 (1,587)  | (33554432,33355) | (1,587)  | USED    | N/A     |  587
 (1,588)  | (33554432,33356) | (1,588)  | USED    | N/A     |  588
 (1,589)  | (33554432,33357) | (1,589)  | USED    | N/A     |  589
 (1,590)  | (33554432,33358) | (1,590)  | USED    | N/A     |  590
 (1,591)  | (33554432,33359) | (1,591)  | USED    | N/A     |  591
 (1,592)  | (33554432,33360) | (1,592)  | USED    | N/A     |  592
 (1,593)  | (33554432,33361) | (1,593)  | USED    | N/A     |  593
 (1,594)  | (33554432,33362) | (1,594)  | USED    | N/A     |  594
 (1,595)  | (33554432,33363) | (1,595)  | USED    | N/A     |  595
 (1,596)  | (33554432,33364) | (1,596)  | USED    | N/A     |  596
 (1,597)  | (33554432,33365) | (1,597)  | USED    | N/A     |  597
 (1,598)  | (33554432,33366) | (1,598)  | USED    | N/A     |  598
 (1,599)  | (33554432,33367) | (1,599)  | USED    | N/A     |  599
 (1,600)  | (33554432,33368) | (1,600)  | USED    | N/A     |  600
 (1,601)  | (33554432,33369) | (1,601)  | USED    | N/A     |  601
 (1,602)  | (33554432,33370) | (1,602)  | USED    | N/A     |  602
 (1,603)  | (33554432,33371) | (1,603)  | USED    | N/A     |  603
 (1,604)  | (33554432,33372) | (1,604)  | USED    | N/A     |  604
 (1,605)  | (33554432,33373) | (1,605)  | USED    | N/A     |  605
 (1,606)  | (33554432,33374) | (1,606)  | USED    | N/A     |  606
 (1,607)  | (33554432,33375) | (1,607)  | USED    | N/A     |  607
 (1,608)  | (33554432,33376) | (1,608)  | USED    | N/A     |  608
 (1,609)  | (33554432,33377) | (1,609)  | USED    | N/A     |  609
 (1,610)  | (33554432,33378) | (1,610)  | USED    | N/A     |  610
 (1,611)  | (33554432,33379) | (1,611)  | USED    | N/A     |  611
 (1,612)  | (33554432,33380) | (1,612)  | USED    | N/A     |  612
 (1,613)  | (33554432,33381) | (1,613)  | USED    | N/A     |  613
 (1,614)  | (33554432,33382) | (1,614)  | USED    | N/A     |  614
 (1,615)  | (33554432,33383) | (1,615)  | USED    | N/A     |  615
 (1,616)  | (33554432,33384) | (1,616)  | USED    | N/A     |  616
 (1,617)  | (33554432,33385) | (1,617)  | USED    | N/A     |  617
 (1,618)  | (33554432,33386) | (1,618)  | USED    | N/A     |  618
 (1,619)  | (33554432,33387) | (1,619)  | USED    | N/A     |  619
 (1,620)  | (33554432,33388) | (1,620)  | USED    | N/A     |  620
 (1,621)  | (33554432,33389) | (1,621)  | USED    | N/A     |  621
 (1,622)  | (33554432,33390) | (1,622)  | USED    | N/A     |  622
 (1,623)  | (33554432,33391) | (1,623)  | USED    | N/A     |  623
 (1,624)  | (33554432,33392) | (1,624)  | USED    | N/A     |  624
 (1,625)  | (33554432,33393) | (1,625)  | USED    | N/A     |  625
 (1,626)  | (33554432,33394) | (1,626)  | USED    | N/A     |  626
 (1,627)  | (33554432,33395) | (1,627)  | USED    | N/A     |  627
 (1,628)  | (33554432,33396) | (1,628)  | USED    | N/A     |  628
 (1,629)  | (33554432,33397) | (1,629)  | USED    | N/A     |  629
 (1,630)  | (33554432,33398) | (1,630)  | USED    | N/A     |  630
 (1,631)  | (33554432,33399) | (1,631)  | USED    | N/A     |  631
 (1,632)  | (33554432,33400) | (1,632)  | USED    | N/A     |  632
 (1,633)  | (33554432,33401) | (1,633)  | USED    | N/A     |  633
 (1,634)  | (33554432,33402) | (1,634)  | USED    | N/A     |  634
 (1,635)  | (33554432,33403) | (1,635)  | USED    | N/A     |  635
 (1,636)  | (33554432,33404) | (1,636)  | USED    | N/A     |  636
 (1,637)  | (33554432,33405) | (1,637)  | USED    | N/A     |  637
 (1,638)  | (33554432,33406) | (1,638)  | USED    | N/A     |  638
 (1,639)  | (33554432,33407) | (1,639)  | USED    | N/A     |  639
 (1,640)  | (33554432,33408) | (1,640)  | USED    | N/A     |  640
 (1,641)  | (33554432,33409) | (1,641)  | USED    | N/A     |  641
 (1,642)  | (33554432,33410) | (1,642)  | USED    | N/A     |  642
 (1,643)  | (33554432,33411) | (1,643)  | USED    | N/A     |  643
 (1,644)  | (33554432,33412) | (1,644)  | USED    | N/A     |  644
 (1,645)  | (33554432,33413) | (1,645)  | USED    | N/A     |  645
 (1,646)  | (33554432,33414) | (1,646)  | USED    | N/A     |  646
 (1,647)  | (33554432,33415) | (1,647)  | USED    | N/A     |  647
 (1,648)  | (33554432,33416) | (1,648)  | USED    | N/A     |  648
 (1,649)  | (33554432,33417) | (1,649)  | USED    | N/A     |  649
 (1,650)  | (33554432,33418) | (1,650)  | USED    | N/A     |  650
 (1,651)  | (33554432,33419) | (1,651)  | USED    | N/A     |  651
 (1,652)  | (33554432,33420) | (1,652)  | USED    | N/A     |  652
 (1,653)  | (33554432,33421) | (1,653)  | USED    | N/A     |  653
 (1,654)  | (33554432,33422) | (1,654)  | USED    | N/A     |  654
 (1,655)  | (33554432,33423) | (1,655)  | USED    | N/A     |  655
 (1,656)  | (33554432,33424) | (1,656)  | USED    | N/A     |  656
 (1,657)  | (33554432,33425) | (1,657)  | USED    | N/A     |  657
 (1,658)  | (33554432,33426) | (1,658)  | USED    | N/A     |  658
 (1,659)  | (33554432,33427) | (1,659)  | USED    | N/A     |  659
 (1,660)  | (33554432,33428) | (1,660)  | USED    | N/A     |  660
 (1,661)  | (33554432,33429) | (1,661)  | USED    | N/A     |  661
 (1,662)  | (33554432,33430) | (1,662)  | USED    | N/A     |  662
 (1,663)  | (33554432,33431) | (1,663)  | USED    | N/A     |  663
 (1,664)  | (33554432,33432) | (1,664)  | USED    | N/A     |  664
 (1,665)  | (33554432,33433) | (1,665)  | USED    | N/A     |  665
 (1,666)  | (33554432,33434) | (1,666)  | USED    | N/A     |  666
 (1,667)  | (33554432,33435) | (1,667)  | USED    | N/A     |  667
 (1,668)  | (33554432,33436) | (1,668)  | USED    | N/A     |  668
 (1,669)  | (33554432,33437) | (1,669)  | USED    | N/A     |  669
 (1,670)  | (33554432,33438) | (1,670)  | USED    | N/A     |  670
 (1,671)  | (33554432,33439) | (1,671)  | USED    | N/A     |  671
 (1,672)  | (33554432,33440) | (1,672)  | USED    | N/A     |  672
 (1,673)  | (33554432,33441) | (1,673)  | USED    | N/A     |  673
 (1,674)  | (33554432,33442) | (1,674)  | USED    | N/A     |  674
 (1,675)  | (33554432,33443) | (1,675)  | USED    | N/A     |  675
 (1,676)  | (33554432,33444) | (1,676)  | USED    | N/A     |  676
 (1,677)  | (33554432,33445) | (1,677)  | USED    | N/A     |  677
 (1,678)  | (33554432,33446) | (1,678)  | USED    | N/A     |  678
 (1,679)  | (33554432,33447) | (1,679)  | USED    | N/A     |  679
 (1,680)  | (33554432,33448) | (1,680)  | USED    | N/A     |  680
 (1,681)  | (33554432,33449) | (1,681)  | USED    | N/A     |  681
 (1,682)  | (33554432,33450) | (1,682)  | USED    | N/A     |  682
 (1,683)  | (33554432,33451) | (1,683)  | USED    | N/A     |  683
 (1,684)  | (33554432,33452) | (1,684)  | USED    | N/A     |  684
 (1,685)  | (33554432,33453) | (1,685)  | USED    | N/A     |  685
 (1,686)  | (33554432,33454) | (1,686)  | USED    | N/A     |  686
 (1,687)  | (33554432,33455) | (1,687)  | USED    | N/A     |  687
 (1,688)  | (33554432,33456) | (1,688)  | USED    | N/A     |  688
 (1,689)  | (33554432,33457) | (1,689)  | USED    | N/A     |  689
 (1,690)  | (33554432,33458) | (1,690)  | USED    | N/A     |  690
 (1,691)  | (33554432,33459) | (1,691)  | USED    | N/A     |  691
 (1,692)  | (33554432,33460) | (1,692)  | USED    | N/A     |  692
 (1,693)  | (33554432,33461) | (1,693)  | USED    | N/A     |  693
 (1,694)  | (33554432,33462) | (1,694)  | USED    | N/A     |  694
 (1,695)  | (33554432,33463) | (1,695)  | USED    | N/A     |  695
 (1,696)  | (33554432,33464) | (1,696)  | USED    | N/A     |  696
 (1,697)  | (33554432,33465) | (1,697)  | USED    | N/A     |  697
 (1,698)  | (33554432,33466) | (1,698)  | USED    | N/A     |  698
 (1,699)  | (33554432,33467) | (1,699)  | USED    | N/A     |  699
 (1,700)  | (33554432,33468) | (1,700)  | USED    | N/A     |  700
 (1,701)  | (33554432,33469) | (1,701)  | USED    | N/A     |  701
 (1,702)  | (33554432,33470) | (1,702)  | USED    | N/A     |  702
 (1,703)  | (33554432,33471) | (1,703)  | USED    | N/A     |  703
 (1,704)  | (33554432,33472) | (1,704)  | USED    | N/A     |  704
 (1,705)  | (33554432,33473) | (1,705)  | USED    | N/A     |  705
 (1,706)  | (33554432,33474) | (1,706)  | USED    | N/A     |  706
 (1,707)  | (33554432,33475) | (1,707)  | USED    | N/A     |  707
 (1,708)  | (33554432,33476) | (1,708)  | USED    | N/A     |  708
 (1,709)  | (33554432,33477) | (1,709)  | USED    | N/A     |  709
 (1,710)  | (33554432,33478) | (1,710)  | USED    | N/A     |  710
 (1,711)  | (33554432,33479) | (1,711)  | USED    | N/A     |  711
 (1,712)  | (33554432,33480) | (1,712)  | USED    | N/A     |  712
 (1,713)  | (33554432,33481) | (1,713)  | USED    | N/A     |  713
 (1,714)  | (33554432,33482) | (1,714)  | USED    | N/A     |  714
 (1,715)  | (33554432,33483) | (1,715)  | USED    | N/A     |  715
 (1,716)  | (33554432,33484) | (1,716)  | USED    | N/A     |  716
 (1,717)  | (33554432,33485) | (1,717)  | USED    | N/A     |  717
 (1,718)  | (33554432,33486) | (1,718)  | USED    | N/A     |  718
 (1,719)  | (33554432,33487) | (1,719)  | USED    | N/A     |  719
 (1,720)  | (33554432,33488) | (1,720)  | USED    | N/A     |  720
 (1,721)  | (33554432,33489) | (1,721)  | USED    | N/A     |  721
 (1,722)  | (33554432,33490) | (1,722)  | USED    | N/A     |  722
 (1,723)  | (33554432,33491) | (1,723)  | USED    | N/A     |  723
 (1,724)  | (33554432,33492) | (1,724)  | USED    | N/A     |  724
 (1,725)  | (33554432,33493) | (1,725)  | USED    | N/A     |  725
 (1,726)  | (33554432,33494) | (1,726)  | USED    | N/A     |  726
 (1,727)  | (33554432,33495) | (1,727)  | USED    | N/A     |  727
 (1,728)  | (33554432,33496) | (1,728)  | USED    | N/A     |  728
 (1,729)  | (33554432,33497) | (1,729)  | USED    | N/A     |  729
 (1,730)  | (33554432,33498) | (1,730)  | USED    | N/A     |  730
 (1,731)  | (33554432,33499) | (1,731)  | USED    | N/A     |  731
 (1,732)  | (33554432,33500) | (1,732)  | USED    | N/A     |  732
 (1,733)  | (33554432,33501) | (1,733)  | USED    | N/A     |  733
 (1,734)  | (33554432,33502) | (1,734)  | USED    | N/A     |  734
 (1,735)  | (33554432,33503) | (1,735)  | USED    | N/A     |  735
 (1,736)  | (33554432,33504) | (1,736)  | USED    | N/A     |  736
 (1,737)  | (33554432,33505) | (1,737)  | USED    | N/A     |  737
 (1,738)  | (33554432,33506) | (1,738)  | USED    | N/A     |  738
 (1,739)  | (33554432,33507) | (1,739)  | USED    | N/A     |  739
 (1,740)  | (33554432,33508) | (1,740)  | USED    | N/A     |  740
 (1,741)  | (33554432,33509) | (1,741)  | USED    | N/A     |  741
 (1,742)  | (33554432,33510) | (1,742)  | USED    | N/A     |  742
 (1,743)  | (33554432,33511) | (1,743)  | USED    | N/A     |  743
 (1,744)  | (33554432,33512) | (1,744)  | USED    | N/A     |  744
 (1,745)  | (33554432,33513) | (1,745)  | USED    | N/A     |  745
 (1,746)  | (33554432,33514) | (1,746)  | USED    | N/A     |  746
 (1,747)  | (33554432,33515) | (1,747)  | USED    | N/A     |  747
 (1,748)  | (33554432,33516) | (1,748)  | USED    | N/A     |  748
 (1,749)  | (33554432,33517) | (1,749)  | USED    | N/A     |  749
 (1,750)  | (33554432,33518) | (1,750)  | USED    | N/A     |  750
 (1,751)  | (33554432,33519) | (1,751)  | USED    | N/A     |  751
 (1,752)  | (33554432,33520) | (1,752)  | USED    | N/A     |  752
 (1,753)  | (33554432,33521) | (1,753)  | USED    | N/A     |  753
 (1,754)  | (33554432,33522) | (1,754)  | USED    | N/A     |  754
 (1,755)  | (33554432,33523) | (1,755)  | USED    | N/A     |  755
 (1,756)  | (33554432,33524) | (1,756)  | USED    | N/A     |  756
 (1,757)  | (33554432,33525) | (1,757)  | USED    | N/A     |  757
 (1,758)  | (33554432,33526) | (1,758)  | USED    | N/A     |  758
 (1,759)  | (33554432,33527) | (1,759)  | USED    | N/A     |  759
 (1,760)  | (33554432,33528) | (1,760)  | USED    | N/A     |  760
 (1,761)  | (33554432,33529) | (1,761)  | USED    | N/A     |  761
 (1,762)  | (33554432,33530) | (1,762)  | USED    | N/A     |  762
 (1,763)  | (33554432,33531) | (1,763)  | USED    | N/A     |  763
 (1,764)  | (33554432,33532) | (1,764)  | USED    | N/A     |  764
 (1,765)  | (33554432,33533) | (1,765)  | USED    | N/A     |  765
 (1,766)  | (33554432,33534) | (1,766)  | USED    | N/A     |  766
 (1,767)  | (33554432,33535) | (1,767)  | USED    | N/A     |  767
 (1,768)  | (33554432,33536) | (1,768)  | USED    | N/A     |  768
 (1,769)  | (33554432,33537) | (1,769)  | USED    | N/A     |  769
 (1,770)  | (33554432,33538) | (1,770)  | USED    | N/A     |  770
 (1,771)  | (33554432,33539) | (1,771)  | USED    | N/A     |  771
 (1,772)  | (33554432,33540) | (1,772)  | USED    | N/A     |  772
 (1,773)  | (33554432,33541) | (1,773)  | USED    | N/A     |  773
 (1,774)  | (33554432,33542) | (1,774)  | USED    | N/A     |  774
 (1,775)  | (33554432,33543) | (1,775)  | USED    | N/A     |  775
 (1,776)  | (33554432,33544) | (1,776)  | USED    | N/A     |  776
 (1,777)  | (33554432,33545) | (1,777)  | USED    | N/A     |  777
 (1,778)  | (33554432,33546) | (1,778)  | USED    | N/A     |  778
 (1,779)  | (33554432,33547) | (1,779)  | USED    | N/A     |  779
 (1,780)  | (33554432,33548) | (1,780)  | USED    | N/A     |  780
 (1,781)  | (33554432,33549) | (1,781)  | USED    | N/A     |  781
 (1,782)  | (33554432,33550) | (1,782)  | USED    | N/A     |  782
 (1,783)  | (33554432,33551) | (1,783)  | USED    | N/A     |  783
 (1,784)  | (33554432,33552) | (1,784)  | USED    | N/A     |  784
 (1,785)  | (33554432,33553) | (1,785)  | USED    | N/A     |  785
 (1,786)  | (33554432,33554) | (1,786)  | USED    | N/A     |  786
 (1,787)  | (33554432,33555) | (1,787)  | USED    | N/A     |  787
 (1,788)  | (33554432,33556) | (1,788)  | USED    | N/A     |  788
 (1,789)  | (33554432,33557) | (1,789)  | USED    | N/A     |  789
 (1,790)  | (33554432,33558) | (1,790)  | USED    | N/A     |  790
 (1,791)  | (33554432,33559) | (1,791)  | USED    | N/A     |  791
 (1,792)  | (33554432,33560) | (1,792)  | USED    | N/A     |  792
 (1,793)  | (33554432,33561) | (1,793)  | USED    | N/A     |  793
 (1,794)  | (33554432,33562) | (1,794)  | USED    | N/A     |  794
 (1,795)  | (33554432,33563) | (1,795)  | USED    | N/A     |  795
 (1,796)  | (33554432,33564) | (1,796)  | USED    | N/A     |  796
 (1,797)  | (33554432,33565) | (1,797)  | USED    | N/A     |  797
 (1,798)  | (33554432,33566) | (1,798)  | USED    | N/A     |  798
 (1,799)  | (33554432,33567) | (1,799)  | USED    | N/A     |  799
 (1,800)  | (33554432,33568) | (1,800)  | USED    | N/A     |  800
 (1,801)  | (33554432,33569) | (1,801)  | USED    | N/A     |  801
 (1,802)  | (33554432,33570) | (1,802)  | USED    | N/A     |  802
 (1,803)  | (33554432,33571) | (1,803)  | USED    | N/A     |  803
 (1,804)  | (33554432,33572) | (1,804)  | USED    | N/A     |  804
 (1,805)  | (33554432,33573) | (1,805)  | USED    | N/A     |  805
 (1,806)  | (33554432,33574) | (1,806)  | USED    | N/A     |  806
 (1,807)  | (33554432,33575) | (1,807)  | USED    | N/A     |  807
 (1,808)  | (33554432,33576) | (1,808)  | USED    | N/A     |  808
 (1,809)  | (33554432,33577) | (1,809)  | USED    | N/A     |  809
 (1,810)  | (33554432,33578) | (1,810)  | USED    | N/A     |  810
 (1,811)  | (33554432,33579) | (1,811)  | USED    | N/A     |  811
 (1,812)  | (33554432,33580) | (1,812)  | USED    | N/A     |  812
 (1,813)  | (33554432,33581) | (1,813)  | USED    | N/A     |  813
 (1,814)  | (33554432,33582) | (1,814)  | USED    | N/A     |  814
 (1,815)  | (33554432,33583) | (1,815)  | USED    | N/A     |  815
 (1,816)  | (33554432,33584) | (1,816)  | USED    | N/A     |  816
 (1,817)  | (33554432,33585) | (1,817)  | USED    | N/A     |  817
 (1,818)  | (33554432,33586) | (1,818)  | USED    | N/A     |  818
 (1,819)  | (33554432,33587) | (1,819)  | USED    | N/A     |  819
 (1,820)  | (33554432,33588) | (1,820)  | USED    | N/A     |  820
 (1,821)  | (33554432,33589) | (1,821)  | USED    | N/A     |  821
 (1,822)  | (33554432,33590) | (1,822)  | USED    | N/A     |  822
 (1,823)  | (33554432,33591) | (1,823)  | USED    | N/A     |  823
 (1,824)  | (33554432,33592) | (1,824)  | USED    | N/A     |  824
 (1,825)  | (33554432,33593) | (1,825)  | USED    | N/A     |  825
 (1,826)  | (33554432,33594) | (1,826)  | USED    | N/A     |  826
 (1,827)  | (33554432,33595) | (1,827)  | USED    | N/A     |  827
 (1,828)  | (33554432,33596) | (1,828)  | USED    | N/A     |  828
 (1,829)  | (33554432,33597) | (1,829)  | USED    | N/A     |  829
 (1,830)  | (33554432,33598) | (1,830)  | USED    | N/A     |  830
 (1,831)  | (33554432,33599) | (1,831)  | USED    | N/A     |  831
 (1,832)  | (33554432,33600) | (1,832)  | USED    | N/A     |  832
 (1,833)  | (33554432,33601) | (1,833)  | USED    | N/A     |  833
 (1,834)  | (33554432,33602) | (1,834)  | USED    | N/A     |  834
 (1,835)  | (33554432,33603) | (1,835)  | USED    | N/A     |  835
 (1,836)  | (33554432,33604) | (1,836)  | USED    | N/A     |  836
 (1,837)  | (33554432,33605) | (1,837)  | USED    | N/A     |  837
 (1,838)  | (33554432,33606) | (1,838)  | USED    | N/A     |  838
 (1,839)  | (33554432,33607) | (1,839)  | USED    | N/A     |  839
 (1,840)  | (33554432,33608) | (1,840)  | USED    | N/A     |  840
 (1,841)  | (33554432,33609) | (1,841)  | USED    | N/A     |  841
 (1,842)  | (33554432,33610) | (1,842)  | USED    | N/A     |  842
 (1,843)  | (33554432,33611) | (1,843)  | USED    | N/A     |  843
 (1,844)  | (33554432,33612) | (1,844)  | USED    | N/A     |  844
 (1,845)  | (33554432,33613) | (1,845)  | USED    | N/A     |  845
 (1,846)  | (33554432,33614) | (1,846)  | USED    | N/A     |  846
 (1,847)  | (33554432,33615) | (1,847)  | USED    | N/A     |  847
 (1,848)  | (33554432,33616) | (1,848)  | USED    | N/A     |  848
 (1,849)  | (33554432,33617) | (1,849)  | USED    | N/A     |  849
 (1,850)  | (33554432,33618) | (1,850)  | USED    | N/A     |  850
 (1,851)  | (33554432,33619) | (1,851)  | USED    | N/A     |  851
 (1,852)  | (33554432,33620) | (1,852)  | USED    | N/A     |  852
 (1,853)  | (33554432,33621) | (1,853)  | USED    | N/A     |  853
 (1,854)  | (33554432,33622) | (1,854)  | USED    | N/A     |  854
 (1,855)  | (33554432,33623) | (1,855)  | USED    | N/A     |  855
 (1,856)  | (33554432,33624) | (1,856)  | USED    | N/A     |  856
 (1,857)  | (33554432,33625) | (1,857)  | USED    | N/A     |  857
 (1,858)  | (33554432,33626) | (1,858)  | USED    | N/A     |  858
 (1,859)  | (33554432,33627) | (1,859)  | USED    | N/A     |  859
 (1,860)  | (33554432,33628) | (1,860)  | USED    | N/A     |  860
 (1,861)  | (33554432,33629) | (1,861)  | USED    | N/A     |  861
 (1,862)  | (33554432,33630) | (1,862)  | USED    | N/A     |  862
 (1,863)  | (33554432,33631) | (1,863)  | USED    | N/A     |  863
 (1,864)  | (33554432,33632) | (1,864)  | USED    | N/A     |  864
 (1,865)  | (33554432,33633) | (1,865)  | USED    | N/A     |  865
 (1,866)  | (33554432,33634) | (1,866)  | USED    | N/A     |  866
 (1,867)  | (33554432,33635) | (1,867)  | USED    | N/A     |  867
 (1,868)  | (33554432,33636) | (1,868)  | USED    | N/A     |  868
 (1,869)  | (33554432,33637) | (1,869)  | USED    | N/A     |  869
 (1,870)  | (33554432,33638) | (1,870)  | USED    | N/A     |  870
 (1,871)  | (33554432,33639) | (1,871)  | USED    | N/A     |  871
 (1,872)  | (33554432,33640) | (1,872)  | USED    | N/A     |  872
 (1,873)  | (33554432,33641) | (1,873)  | USED    | N/A     |  873
 (1,874)  | (33554432,33642) | (1,874)  | USED    | N/A     |  874
 (1,875)  | (33554432,33643) | (1,875)  | USED    | N/A     |  875
 (1,876)  | (33554432,33644) | (1,876)  | USED    | N/A     |  876
 (1,877)  | (33554432,33645) | (1,877)  | USED    | N/A     |  877
 (1,878)  | (33554432,33646) | (1,878)  | USED    | N/A     |  878
 (1,879)  | (33554432,33647) | (1,879)  | USED    | N/A     |  879
 (1,880)  | (33554432,33648) | (1,880)  | USED    | N/A     |  880
 (1,881)  | (33554432,33649) | (1,881)  | USED    | N/A     |  881
 (1,882)  | (33554432,33650) | (1,882)  | USED    | N/A     |  882
 (1,883)  | (33554432,33651) | (1,883)  | USED    | N/A     |  883
 (1,884)  | (33554432,33652) | (1,884)  | USED    | N/A     |  884
 (1,885)  | (33554432,33653) | (1,885)  | USED    | N/A     |  885
 (1,886)  | (33554432,33654) | (1,886)  | USED    | N/A     |  886
 (1,887)  | (33554432,33655) | (1,887)  | USED    | N/A     |  887
 (1,888)  | (33554432,33656) | (1,888)  | USED    | N/A     |  888
 (1,889)  | (33554432,33657) | (1,889)  | USED    | N/A     |  889
 (1,890)  | (33554432,33658) | (1,890)  | USED    | N/A     |  890
 (1,891)  | (33554432,33659) | (1,891)  | USED    | N/A     |  891
 (1,892)  | (33554432,33660) | (1,892)  | USED    | N/A     |  892
 (1,893)  | (33554432,33661) | (1,893)  | USED    | N/A     |  893
 (1,894)  | (33554432,33662) | (1,894)  | USED    | N/A     |  894
 (1,895)  | (33554432,33663) | (1,895)  | USED    | N/A     |  895
 (1,896)  | (33554432,33664) | (1,896)  | USED    | N/A     |  896
 (1,897)  | (33554432,33665) | (1,897)  | USED    | N/A     |  897
 (1,898)  | (33554432,33666) | (1,898)  | USED    | N/A     |  898
 (1,899)  | (33554432,33667) | (1,899)  | USED    | N/A     |  899
 (1,900)  | (33554432,33668) | (1,900)  | USED    | N/A     |  900
 (1,901)  | (33554432,33669) | (1,901)  | USED    | N/A     |  901
 (1,902)  | (33554432,33670) | (1,902)  | USED    | N/A     |  902
 (1,903)  | (33554432,33671) | (1,903)  | USED    | N/A     |  903
 (1,904)  | (33554432,33672) | (1,904)  | USED    | N/A     |  904
 (1,905)  | (33554432,33673) | (1,905)  | USED    | N/A     |  905
 (1,906)  | (33554432,33674) | (1,906)  | USED    | N/A     |  906
 (1,907)  | (33554432,33675) | (1,907)  | USED    | N/A     |  907
 (1,908)  | (33554432,33676) | (1,908)  | USED    | N/A     |  908
 (1,909)  | (33554432,33677) | (1,909)  | USED    | N/A     |  909
 (1,910)  | (33554432,33678) | (1,910)  | USED    | N/A     |  910
 (1,911)  | (33554432,33679) | (1,911)  | USED    | N/A     |  911
 (1,912)  | (33554432,33680) | (1,912)  | USED    | N/A     |  912
 (1,913)  | (33554432,33681) | (1,913)  | USED    | N/A     |  913
 (1,914)  | (33554432,33682) | (1,914)  | USED    | N/A     |  914
 (1,915)  | (33554432,33683) | (1,915)  | USED    | N/A     |  915
 (1,916)  | (33554432,33684) | (1,916)  | USED    | N/A     |  916
 (1,917)  | (33554432,33685) | (1,917)  | USED    | N/A     |  917
 (1,918)  | (33554432,33686) | (1,918)  | USED    | N/A     |  918
 (1,919)  | (33554432,33687) | (1,919)  | USED    | N/A     |  919
 (1,920)  | (33554432,33688) | (1,920)  | USED    | N/A     |  920
 (1,921)  | (33554432,33689) | (1,921)  | USED    | N/A     |  921
 (1,922)  | (33554432,33690) | (1,922)  | USED    | N/A     |  922
 (1,923)  | (33554432,33691) | (1,923)  | USED    | N/A     |  923
 (1,924)  | (33554432,33692) | (1,924)  | USED    | N/A     |  924
 (1,925)  | (33554432,33693) | (1,925)  | USED    | N/A     |  925
 (1,926)  | (33554432,33694) | (1,926)  | USED    | N/A     |  926
 (1,927)  | (33554432,33695) | (1,927)  | USED    | N/A     |  927
 (1,928)  | (33554432,33696) | (1,928)  | USED    | N/A     |  928
 (1,929)  | (33554432,33697) | (1,929)  | USED    | N/A     |  929
 (1,930)  | (33554432,33698) | (1,930)  | USED    | N/A     |  930
 (1,931)  | (33554432,33699) | (1,931)  | USED    | N/A     |  931
 (1,932)  | (33554432,33700) | (1,932)  | USED    | N/A     |  932
 (1,933)  | (33554432,33701) | (1,933)  | USED    | N/A     |  933
 (1,934)  | (33554432,33702) | (1,934)  | USED    | N/A     |  934
 (1,935)  | (33554432,33703) | (1,935)  | USED    | N/A     |  935
 (1,936)  | (33554432,33704) | (1,936)  | USED    | N/A     |  936
 (1,937)  | (33554432,33705) | (1,937)  | USED    | N/A     |  937
 (1,938)  | (33554432,33706) | (1,938)  | USED    | N/A     |  938
 (1,939)  | (33554432,33707) | (1,939)  | USED    | N/A     |  939
 (1,940)  | (33554432,33708) | (1,940)  | USED    | N/A     |  940
 (1,941)  | (33554432,33709) | (1,941)  | USED    | N/A     |  941
 (1,942)  | (33554432,33710) | (1,942)  | USED    | N/A     |  942
 (1,943)  | (33554432,33711) | (1,943)  | USED    | N/A     |  943
 (1,944)  | (33554432,33712) | (1,944)  | USED    | N/A     |  944
 (1,945)  | (33554432,33713) | (1,945)  | USED    | N/A     |  945
 (1,946)  | (33554432,33714) | (1,946)  | USED    | N/A     |  946
 (1,947)  | (33554432,33715) | (1,947)  | USED    | N/A     |  947
 (1,948)  | (33554432,33716) | (1,948)  | USED    | N/A     |  948
 (1,949)  | (33554432,33717) | (1,949)  | USED    | N/A     |  949
 (1,950)  | (33554432,33718) | (1,950)  | USED    | N/A     |  950
 (1,951)  | (33554432,33719) | (1,951)  | USED    | N/A     |  951
 (1,952)  | (33554432,33720) | (1,952)  | USED    | N/A     |  952
 (1,953)  | (33554432,33721) | (1,953)  | USED    | N/A     |  953
 (1,954)  | (33554432,33722) | (1,954)  | USED    | N/A     |  954
 (1,955)  | (33554432,33723) | (1,955)  | USED    | N/A     |  955
 (1,956)  | (33554432,33724) | (1,956)  | USED    | N/A     |  956
 (1,957)  | (33554432,33725) | (1,957)  | USED    | N/A     |  957
 (1,958)  | (33554432,33726) | (1,958)  | USED    | N/A     |  958
 (1,959)  | (33554432,33727) | (1,959)  | USED    | N/A     |  959
 (1,960)  | (33554432,33728) | (1,960)  | USED    | N/A     |  960
 (1,961)  | (33554432,33729) | (1,961)  | USED    | N/A     |  961
 (1,962)  | (33554432,33730) | (1,962)  | USED    | N/A     |  962
 (1,963)  | (33554432,33731) | (1,963)  | USED    | N/A     |  963
 (1,964)  | (33554432,33732) | (1,964)  | USED    | N/A     |  964
 (1,965)  | (33554432,33733) | (1,965)  | USED    | N/A     |  965
 (1,966)  | (33554432,33734) | (1,966)  | USED    | N/A     |  966
 (1,967)  | (33554432,33735) | (1,967)  | USED    | N/A     |  967
 (1,968)  | (33554432,33736) | (1,968)  | USED    | N/A     |  968
 (1,969)  | (33554432,33737) | (1,969)  | USED    | N/A     |  969
 (1,970)  | (33554432,33738) | (1,970)  | USED    | N/A     |  970
 (1,971)  | (33554432,33739) | (1,971)  | USED    | N/A     |  971
 (1,972)  | (33554432,33740) | (1,972)  | USED    | N/A     |  972
 (1,973)  | (33554432,33741) | (1,973)  | USED    | N/A     |  973
 (1,974)  | (33554432,33742) | (1,974)  | USED    | N/A     |  974
 (1,975)  | (33554432,33743) | (1,975)  | USED    | N/A     |  975
 (1,976)  | (33554432,33744) | (1,976)  | USED    | N/A     |  976
 (1,977)  | (33554432,33745) | (1,977)  | USED    | N/A     |  977
 (1,978)  | (33554432,33746) | (1,978)  | USED    | N/A     |  978
 (1,979)  | (33554432,33747) | (1,979)  | USED    | N/A     |  979
 (1,980)  | (33554432,33748) | (1,980)  | USED    | N/A     |  980
 (1,981)  | (33554432,33749) | (1,981)  | USED    | N/A     |  981
 (1,982)  | (33554432,33750) | (1,982)  | USED    | N/A     |  982
 (1,983)  | (33554432,33751) | (1,983)  | USED    | N/A     |  983
 (1,984)  | (33554432,33752) | (1,984)  | USED    | N/A     |  984
 (1,985)  | (33554432,33753) | (1,985)  | USED    | N/A     |  985
 (1,986)  | (33554432,33754) | (1,986)  | USED    | N/A     |  986
 (1,987)  | (33554432,33755) | (1,987)  | USED    | N/A     |  987
 (1,988)  | (33554432,33756) | (1,988)  | USED    | N/A     |  988
 (1,989)  | (33554432,33757) | (1,989)  | USED    | N/A     |  989
 (1,990)  | (33554432,33758) | (1,990)  | USED    | N/A     |  990
 (1,991)  | (33554432,33759) | (1,991)  | USED    | N/A     |  991
 (1,992)  | (33554432,33760) | (1,992)  | USED    | N/A     |  992
 (1,993)  | (33554432,33761) | (1,993)  | USED    | N/A     |  993
 (1,994)  | (33554432,33762) | (1,994)  | USED    | N/A     |  994
 (1,995)  | (33554432,33763) | (1,995)  | USED    | N/A     |  995
 (1,996)  | (33554432,33764) | (1,996)  | USED    | N/A     |  996
 (1,997)  | (33554432,33765) | (1,997)  | USED    | N/A     |  997
 (1,998)  | (33554432,33766) | (1,998)  | USED    | N/A     |  998
 (1,999)  | (33554432,33767) | (1,999)  | USED    | N/A     |  999
 (1,1000) | (33554432,33768) | (1,1000) | USED    | N/A     | 1000
(1000 rows)

