-- set vectorization
SET vector.enable_vectorization=off;
SET

CREATE TABLE FLOAT8_TBL(i INT DEFAULT 1, f1 float8) WITH(APPENDONLY=true, ORIENTATION=column);
CREATE

INSERT INTO FLOAT8_TBL(f1) VALUES ('    0.0   ');
INSERT 1
INSERT INTO FLOAT8_TBL(f1) VALUES ('1004.30  ');
INSERT 1
INSERT INTO FLOAT8_TBL(f1) VALUES ('   -34.84');
INSERT 1
INSERT INTO FLOAT8_TBL(f1) VALUES ('1.2345678901234e+200');
INSERT 1
INSERT INTO FLOAT8_TBL(f1) VALUES ('1.2345678901234e-200');
INSERT 1

--bad input
INSERT INTO FLOAT8_TBL(f1) VALUES ('');
ERROR:  invalid input syntax for type double precision: ""
LINE 1: INSERT INTO FLOAT8_TBL(f1) VALUES ('');
                                           ^
INSERT INTO FLOAT8_TBL(f1) VALUES ('     ');
ERROR:  invalid input syntax for type double precision: "     "
LINE 1: INSERT INTO FLOAT8_TBL(f1) VALUES ('     ');
                                           ^
INSERT INTO FLOAT8_TBL(f1) VALUES ('xyz');
ERROR:  invalid input syntax for type double precision: "xyz"
LINE 1: INSERT INTO FLOAT8_TBL(f1) VALUES ('xyz');
                                           ^
INSERT INTO FLOAT8_TBL(f1) VALUES ('5.0.0');
ERROR:  invalid input syntax for type double precision: "5.0.0"
LINE 1: INSERT INTO FLOAT8_TBL(f1) VALUES ('5.0.0');
                                           ^
INSERT INTO FLOAT8_TBL(f1) VALUES ('5 . 0');
ERROR:  invalid input syntax for type double precision: "5 . 0"
LINE 1: INSERT INTO FLOAT8_TBL(f1) VALUES ('5 . 0');
                                           ^
INSERT INTO FLOAT8_TBL(f1) VALUES ('5.   0');
ERROR:  invalid input syntax for type double precision: "5.   0"
LINE 1: INSERT INTO FLOAT8_TBL(f1) VALUES ('5.   0');
                                           ^
INSERT INTO FLOAT8_TBL(f1) VALUES ('    - 3');
ERROR:  invalid input syntax for type double precision: "    - 3"
LINE 1: INSERT INTO FLOAT8_TBL(f1) VALUES ('    - 3');
                                           ^
INSERT INTO FLOAT8_TBL(f1) VALUES ('123           5');
ERROR:  invalid input syntax for type double precision: "123           5"
LINE 1: INSERT INTO FLOAT8_TBL(f1) VALUES ('123           5');
                                           ^

-- set vectorization
SET vector.enable_vectorization=on;
SET

-- queris

SELECT *  FROM FLOAT8_TBL ORDER BY 2;
 i | f1
---+--------------------
 1 | -34.84
 1 | 0.0
 1 | 1.23456789012e-200
 1 | 1004.3
 1 | 1.23456789012e+200
(5 rows)

SELECT '' AS five, f1 FROM FLOAT8_TBL ORDER BY 2;
ERROR:  Unexpected internal error (nodeVecToRow.c:58)

-- SELECT '' AS four, f.f1 FROM FLOAT8_TBL f WHERE f.f1 <> '1004.3' ORDER BY 2;

-- SELECT '' AS one, f.f1 FROM FLOAT8_TBL f WHERE f.f1 = '1004.3' ORDER BY 2;

-- SELECT '' AS three, f.f1 FROM FLOAT8_TBL f WHERE '1004.3' > f.f1 ORDER BY 2;

-- SELECT '' AS three, f.f1 FROM FLOAT8_TBL f WHERE  f.f1 < '1004.3' ORDER BY 2;

-- SELECT '' AS four, f.f1 FROM FLOAT8_TBL f WHERE '1004.3' >= f.f1 ORDER BY 2;

-- SELECT '' AS four, f.f1 FROM FLOAT8_TBL f WHERE  f.f1 <= '1004.3' ORDER BY 2;

-- SELECT '' AS three, f.f1, f.f1 * '-10' AS x
--   FROM FLOAT8_TBL f
--   WHERE f.f1 > '0.0' ORDER BY 2;

-- SELECT '' AS three, f.f1, f.f1 + '-10' AS x
--   FROM FLOAT8_TBL f
--   WHERE f.f1 > '0.0' ORDER BY 2;

-- SELECT '' AS three, f.f1, f.f1 / '-10' AS x
--   FROM FLOAT8_TBL f
--   WHERE f.f1 > '0.0' ORDER BY 2;

-- SELECT '' AS three, f.f1, f.f1 - '-10' AS x
--   FROM FLOAT8_TBL f
--   WHERE f.f1 > '0.0' ORDER BY 2;

-- SELECT '' AS one, f.f1 ^ '2.0' AS square_f1
--   FROM FLOAT8_TBL f where f.f1 = '1004.3';

-- absolute value
-- SELECT '' AS five, f.f1, @f.f1 AS abs_f1
--   FROM FLOAT8_TBL f;

-- truncate
-- SELECT '' AS five, f.f1, trunc(f.f1) AS trunc_f1
--   FROM FLOAT8_TBL f ORDER BY 2;

-- round
-- SELECT '' AS five, f.f1, round(f.f1) AS round_f1
--   FROM FLOAT8_TBL f ORDER BY 2;

-- ceil / ceiling
-- select ceil(f1) as ceil_f1 from float8_tbl f ORDER BY 1;
-- select ceiling(f1) as ceiling_f1 from float8_tbl f ORDER BY 1;

-- floor
-- select floor(f1) as floor_f1 from float8_tbl f ORDER BY 1;

-- sign
-- select sign(f1) as sign_f1 from float8_tbl f ORDER BY 1;


-- SELECT '' AS five, f.f1, ||/f.f1 AS cbrt_f1 FROM FLOAT8_TBL f ORDER BY 2;


-- SELECT '' AS five, f1 FROM FLOAT8_TBL ORDER BY 2;

-- set vectorization
SET vector.enable_vectorization=off;
SET

UPDATE FLOAT8_TBL SET f1 = FLOAT8_TBL.f1 * '-1' WHERE FLOAT8_TBL.f1 > '0.0';
UPDATE 3

-- set vectorization
SET vector.enable_vectorization=on;
SET

-- SELECT '' AS bad, f.f1 * '1e200' from FLOAT8_TBL f;

-- SELECT '' AS bad, f.f1 ^ '1e200' from FLOAT8_TBL f;

-- SELECT '' AS bad, ln(f.f1) from FLOAT8_TBL f where f.f1 = '0.0' ;

-- SELECT '' AS bad, ln(f.f1) from FLOAT8_TBL f where f.f1 < '0.0' ;

-- SELECT '' AS bad, exp(f.f1) from FLOAT8_TBL f;

-- SELECT '' AS bad, f.f1 / '0.0' from FLOAT8_TBL f;

-- SELECT '' AS five, f1 FROM FLOAT8_TBL ORDER BY 2;

-- set vectorization
SET vector.enable_vectorization=off;
SET

-- test for over- and underflow
INSERT INTO FLOAT8_TBL(f1) VALUES ('10e400');
ERROR:  value out of range: overflow
LINE 1: INSERT INTO FLOAT8_TBL(f1) VALUES ('10e400');
                                           ^

INSERT INTO FLOAT8_TBL(f1) VALUES ('-10e400');
ERROR:  value out of range: overflow
LINE 1: INSERT INTO FLOAT8_TBL(f1) VALUES ('-10e400');
                                           ^

INSERT INTO FLOAT8_TBL(f1) VALUES ('1e309');
ERROR:  value out of range: overflow
LINE 1: INSERT INTO FLOAT8_TBL(f1) VALUES ('1e309');
                                           ^

INSERT INTO FLOAT8_TBL(f1) VALUES ('10e-400');
ERROR:  value out of range: underflow
LINE 1: INSERT INTO FLOAT8_TBL(f1) VALUES ('10e-400');
                                           ^

INSERT INTO FLOAT8_TBL(f1) VALUES ('-10e-400');
ERROR:  value out of range: underflow
LINE 1: INSERT INTO FLOAT8_TBL(f1) VALUES ('-10e-400');
                                           ^

INSERT INTO FLOAT8_TBL(f1) VALUES ('1e-324');
ERROR:  value out of range: underflow
LINE 1: INSERT INTO FLOAT8_TBL(f1) VALUES ('1e-324');
                                           ^

INSERT INTO FLOAT8_TBL(f1) VALUES ('1e308');
INSERT 1

INSERT INTO FLOAT8_TBL(f1) VALUES ('1e-323');
INSERT 1

INSERT INTO FLOAT8_TBL(f1) VALUES ('+INFINITY'::float8);
INSERT 1

INSERT INTO FLOAT8_TBL(f1) VALUES ('+InFiNiTY'::float8);
INSERT 1

INSERT INTO FLOAT8_TBL(f1) VALUES ('+Inf'::float8);
INSERT 1

INSERT INTO FLOAT8_TBL(f1) VALUES ('-INFINITY'::float8);
INSERT 1

INSERT INTO FLOAT8_TBL(f1) VALUES ('-InFiNiTY'::float8);
INSERT 1

INSERT INTO FLOAT8_TBL(f1) VALUES ('-Inf'::float8);
INSERT 1

INSERT INTO FLOAT8_TBL(f1) VALUES ('NaN'::float8);
INSERT 1

INSERT INTO FLOAT8_TBL(f1) VALUES ('+naN'::float8);
INSERT 1

INSERT INTO FLOAT8_TBL(f1) VALUES ('-naN'::float8);
INSERT 1

-- test for over- and underflow with update statement
UPDATE FLOAT8_TBL SET f1='0.0'::float8 WHERE f1='1e-324'::float8;
ERROR:  value out of range: underflow
LINE 1: UPDATE FLOAT8_TBL SET f1='0.0'::float8 WHERE f1='1e-324'::fl...
                                                        ^

UPDATE FLOAT8_TBL SET f1='0.0'::float8 WHERE f1='1e309'::float8;
ERROR:  value out of range: overflow
LINE 1: UPDATE FLOAT8_TBL SET f1='0.0'::float8 WHERE f1='1e309'::flo...
                                                        ^

UPDATE FLOAT8_TBL SET f1='0.0'::float8 WHERE f1='1e-400'::float8;
ERROR:  value out of range: underflow
LINE 1: UPDATE FLOAT8_TBL SET f1='0.0'::float8 WHERE f1='1e-400'::fl...
                                                        ^

UPDATE FLOAT8_TBL SET f1='0.0'::float8 WHERE f1='1e400'::float8;
ERROR:  value out of range: overflow
LINE 1: UPDATE FLOAT8_TBL SET f1='0.0'::float8 WHERE f1='1e400'::flo...
                                                        ^

UPDATE FLOAT8_TBL SET f1='0.0'::float8 WHERE f1='0.0'::float8;
UPDATE 1

UPDATE FLOAT8_TBL SET f1='0.0'::float8 WHERE f1='+INFINITY'::float8;
UPDATE 3

UPDATE FLOAT8_TBL SET f1='0.0'::float8 WHERE f1='+InFiNiTY'::float8;
UPDATE 0

UPDATE FLOAT8_TBL SET f1='0.0'::float8 WHERE f1='+Inf'::float8;
UPDATE 0

UPDATE FLOAT8_TBL SET f1='0.0'::float8 WHERE f1='-INFINITY'::float8;
UPDATE 3

UPDATE FLOAT8_TBL SET f1='0.0'::float8 WHERE f1='-Inf'::float8;
UPDATE 0

UPDATE FLOAT8_TBL SET f1='0.0'::float8 WHERE f1='NaN'::float8;
UPDATE 3

UPDATE FLOAT8_TBL SET f1='0.0'::float8 WHERE f1='+naN'::float8;
UPDATE 0

UPDATE FLOAT8_TBL SET f1='0.0'::float8 WHERE f1='-naN'::float8;
UPDATE 0

-- test for over- and underflow with delete statement
DELETE FROM FLOAT8_TBL WHERE f1='1e-324'::float8;
ERROR:  value out of range: underflow
LINE 1: DELETE FROM FLOAT8_TBL WHERE f1='1e-324'::float8;
                                        ^

DELETE FROM FLOAT8_TBL WHERE f1='1e309'::float8;
ERROR:  value out of range: overflow
LINE 1: DELETE FROM FLOAT8_TBL WHERE f1='1e309'::float8;
                                        ^

DELETE FROM FLOAT8_TBL WHERE f1='1e400'::float8;
ERROR:  value out of range: overflow
LINE 1: DELETE FROM FLOAT8_TBL WHERE f1='1e400'::float8;
                                        ^

DELETE FROM FLOAT8_TBL WHERE f1='1e-400'::float8;
ERROR:  value out of range: underflow
LINE 1: DELETE FROM FLOAT8_TBL WHERE f1='1e-400'::float8;
                                        ^

DELETE FROM FLOAT8_TBL WHERE f1='0.0'::float8;
DELETE 10

DELETE FROM FLOAT8_TBL WHERE f1='+INFINITY'::float8;
DELETE 0

DELETE FROM FLOAT8_TBL WHERE f1='+InFiNiTY'::float8;
DELETE 0

DELETE FROM FLOAT8_TBL WHERE f1='+Inf'::float8;
DELETE 0

DELETE FROM FLOAT8_TBL WHERE f1='-INFINITY'::float8;
DELETE 0

DELETE FROM FLOAT8_TBL WHERE f1='-Inf'::float8;
DELETE 0

DELETE FROM FLOAT8_TBL WHERE f1='-naN'::float8;
DELETE 0

DELETE FROM FLOAT8_TBL WHERE f1='+naN'::float8;
DELETE 0

DELETE FROM FLOAT8_TBL WHERE f1='NaN'::float8;
DELETE 0

-- maintain external table consistency across platforms
-- delete all values and reinsert well-behaved ones

DELETE FROM FLOAT8_TBL;
DELETE 6

INSERT INTO FLOAT8_TBL(f1) VALUES ('0.0');
INSERT 1

INSERT INTO FLOAT8_TBL(f1) VALUES ('-34.84');
INSERT 1

INSERT INTO FLOAT8_TBL(f1) VALUES ('-1004.30');
INSERT 1

INSERT INTO FLOAT8_TBL(f1) VALUES ('-1.2345678901234e+200');
INSERT 1

INSERT INTO FLOAT8_TBL(f1) VALUES ('-1.2345678901234e-200');
INSERT 1

-- set vectorization
SET vector.enable_vectorization=on;
SET

-- SELECT '' AS five, f1 FROM FLOAT8_TBL ORDER BY 2;

-- test if you can dump/restore subnormal (1e-323) values
-- using COPY

-- set vectorization
SET vector.enable_vectorization=off;
SET

CREATE TABLE FLOATS(a float8);
CREATE

INSERT INTO FLOATS select 1e-307::float8 / 10^i FROM generate_series(1,16) i;
INSERT 16

-- set vectorization
SET vector.enable_vectorization=on;
SET

SELECT * FROM FLOATS ORDER BY a;
 a
--------------------
 9.88131291682e-324
 9.88131291682e-323
 9.98012604599e-322
 9.99988867183e-321
 9.99988867183e-320
 9.99998748496e-319
 1.00000023069e-317
 9.9999998366e-317
 9.99999998482e-316
 9.99999999964e-315
 1.00000000001e-313
 9.99999999998e-313
 1e-311
 1e-310
 1e-309
 1e-308
(16 rows)

-- SELECT float8in(float8out(a)) FROM FLOATS ORDER BY a;

-- drop table
DROP TABLE FLOATS;
DROP
DROP TABLE FLOAT8_TBL;
DROP
