-- set vectorization
SET vector.enable_vectorization=off;
SET

CREATE TABLE TIMESTAMP_TBL (d1 timestamp(2) without time zone) WITH(APPENDONLY=true, ORIENTATION=column);
CREATE

-- Test shorthand input values
-- We can't just "select" the results since they aren't constants; test for
-- equality instead.  We can do that by running the test inside a transaction
-- block, within which the value of 'now' shouldn't change.  We also check
-- that 'now' *does* change over a reasonable interval such as 100 msec.
-- NOTE: it is possible for this part of the test to fail if the transaction
-- block is entered exactly at local midnight; then 'now' and 'today' have
-- the same values and the counts will come out different.

-- INSERT INTO TIMESTAMP_TBL VALUES ('now');

-- SELECT pg_sleep(0.1);

-- BEGIN;

-- INSERT INTO TIMESTAMP_TBL VALUES ('now');
-- INSERT INTO TIMESTAMP_TBL VALUES ('today');
-- INSERT INTO TIMESTAMP_TBL VALUES ('yesterday');
-- INSERT INTO TIMESTAMP_TBL VALUES ('tomorrow');
-- time zone should be ignored by this data type
-- INSERT INTO TIMESTAMP_TBL VALUES ('tomorrow EST');
-- INSERT INTO TIMESTAMP_TBL VALUES ('tomorrow zulu');

-- SELECT count(*) AS One FROM TIMESTAMP_TBL WHERE d1 = timestamp without time zone 'today';
-- SELECT count(*) AS Three FROM TIMESTAMP_TBL WHERE d1 = timestamp without time zone 'tomorrow';
-- SELECT count(*) AS One FROM TIMESTAMP_TBL WHERE d1 = timestamp without time zone 'yesterday';
-- SELECT count(*) AS One FROM TIMESTAMP_TBL WHERE d1 = timestamp(2) without time zone 'now';

-- COMMIT;

-- set vectorization
-- SET vector.enable_vectorization=on;

-- SELECT count(*) AS One FROM TIMESTAMP_TBL WHERE d1 = timestamp without time zone 'today';
-- SELECT count(*) AS Three FROM TIMESTAMP_TBL WHERE d1 = timestamp without time zone 'tomorrow';
-- SELECT count(*) AS One FROM TIMESTAMP_TBL WHERE d1 = timestamp without time zone 'yesterday';
-- SELECT count(*) AS One FROM TIMESTAMP_TBL WHERE d1 = timestamp(2) without time zone 'now';

-- set vectorization
-- SET vector.enable_vectorization=off;
 -- DELETE FROM TIMESTAMP_TBL;


-- verify uniform transaction time within transaction block
-- BEGIN;
-- INSERT INTO TIMESTAMP_TBL VALUES ('now');
-- SELECT pg_sleep(0.1);
-- INSERT INTO TIMESTAMP_TBL VALUES ('now');
-- SELECT pg_sleep(0.1);
-- SELECT count(*) AS two FROM TIMESTAMP_TBL WHERE d1 = timestamp(2) without time zone 'now';
-- COMMIT;

-- DELETE FROM TIMESTAMP_TBL;

-- Special values
INSERT INTO TIMESTAMP_TBL VALUES ('-infinity');
INSERT 1
INSERT INTO TIMESTAMP_TBL VALUES ('infinity');
INSERT 1
INSERT INTO TIMESTAMP_TBL VALUES ('epoch');
INSERT 1
-- Obsolete special values
INSERT INTO TIMESTAMP_TBL VALUES ('invalid');
ERROR:  date/time value "invalid" is no longer supported
LINE 1: INSERT INTO TIMESTAMP_TBL VALUES ('invalid');
                                          ^
INSERT INTO TIMESTAMP_TBL VALUES ('undefined');
ERROR:  date/time value "undefined" is no longer supported
LINE 1: INSERT INTO TIMESTAMP_TBL VALUES ('undefined');
                                          ^
INSERT INTO TIMESTAMP_TBL VALUES ('current');
ERROR:  date/time value "current" is no longer supported
LINE 1: INSERT INTO TIMESTAMP_TBL VALUES ('current');
                                          ^

-- Postgres v6.0 standard output format
INSERT INTO TIMESTAMP_TBL VALUES ('Mon Feb 10 17:32:01 1997 PST');
INSERT 1

-- Variations on Postgres v6.1 standard output format
INSERT INTO TIMESTAMP_TBL VALUES ('Mon Feb 10 17:32:01.000001 1997 PST');
INSERT 1
INSERT INTO TIMESTAMP_TBL VALUES ('Mon Feb 10 17:32:01.999999 1997 PST');
INSERT 1
INSERT INTO TIMESTAMP_TBL VALUES ('Mon Feb 10 17:32:01.4 1997 PST');
INSERT 1
INSERT INTO TIMESTAMP_TBL VALUES ('Mon Feb 10 17:32:01.5 1997 PST');
INSERT 1
INSERT INTO TIMESTAMP_TBL VALUES ('Mon Feb 10 17:32:01.6 1997 PST');
INSERT 1

-- ISO 8601 format
INSERT INTO TIMESTAMP_TBL VALUES ('1997-01-02');
INSERT 1
INSERT INTO TIMESTAMP_TBL VALUES ('1997-01-02 03:04:05');
INSERT 1
INSERT INTO TIMESTAMP_TBL VALUES ('1997-02-10 17:32:01-08');
INSERT 1
INSERT INTO TIMESTAMP_TBL VALUES ('1997-02-10 17:32:01-0800');
INSERT 1
INSERT INTO TIMESTAMP_TBL VALUES ('1997-02-10 17:32:01 -08:00');
INSERT 1
INSERT INTO TIMESTAMP_TBL VALUES ('19970210 173201 -0800');
INSERT 1
INSERT INTO TIMESTAMP_TBL VALUES ('1997-06-10 17:32:01 -07:00');
INSERT 1
INSERT INTO TIMESTAMP_TBL VALUES ('2001-09-22T18:19:20');
INSERT 1

-- POSIX format (note that the timezone abbrev is just decoration here)
INSERT INTO TIMESTAMP_TBL VALUES ('2000-03-15 08:14:01 GMT+8');
INSERT 1
INSERT INTO TIMESTAMP_TBL VALUES ('2000-03-15 13:14:02 GMT-1');
INSERT 1
INSERT INTO TIMESTAMP_TBL VALUES ('2000-03-15 12:14:03 GMT-2');
INSERT 1
INSERT INTO TIMESTAMP_TBL VALUES ('2000-03-15 03:14:04 PST+8');
INSERT 1
INSERT INTO TIMESTAMP_TBL VALUES ('2000-03-15 02:14:05 MST+7:00');
INSERT 1

-- Variations for acceptable input formats
INSERT INTO TIMESTAMP_TBL VALUES ('Feb 10 17:32:01 1997 -0800');
INSERT 1
INSERT INTO TIMESTAMP_TBL VALUES ('Feb 10 17:32:01 1997');
INSERT 1
INSERT INTO TIMESTAMP_TBL VALUES ('Feb 10 5:32PM 1997');
INSERT 1
INSERT INTO TIMESTAMP_TBL VALUES ('1997/02/10 17:32:01-0800');
INSERT 1
INSERT INTO TIMESTAMP_TBL VALUES ('1997-02-10 17:32:01 PST');
INSERT 1
INSERT INTO TIMESTAMP_TBL VALUES ('Feb-10-1997 17:32:01 PST');
INSERT 1
INSERT INTO TIMESTAMP_TBL VALUES ('02-10-1997 17:32:01 PST');
INSERT 1
INSERT INTO TIMESTAMP_TBL VALUES ('19970210 173201 PST');
INSERT 1
set datestyle to ymd;
SET
INSERT INTO TIMESTAMP_TBL VALUES ('97FEB10 5:32:01PM UTC');
INSERT 1
INSERT INTO TIMESTAMP_TBL VALUES ('97/02/10 17:32:01 UTC');
INSERT 1
reset datestyle;
RESET
INSERT INTO TIMESTAMP_TBL VALUES ('1997.041 17:32:01 UTC');
INSERT 1
INSERT INTO TIMESTAMP_TBL VALUES ('19970210 173201 America/New_York');
INSERT 1
-- this fails (even though TZ is a no-op, we still look it up)
INSERT INTO TIMESTAMP_TBL VALUES ('19970710 173201 America/Does_not_exist');
ERROR:  time zone "america/does_not_exist" not recognized
LINE 1: INSERT INTO TIMESTAMP_TBL VALUES ('19970710 173201 America/D...
                                          ^

-- Check date conversion and date arithmetic
INSERT INTO TIMESTAMP_TBL VALUES ('1997-06-10 18:32:01 PDT');
INSERT 1

INSERT INTO TIMESTAMP_TBL VALUES ('Feb 10 17:32:01 1997');
INSERT 1
INSERT INTO TIMESTAMP_TBL VALUES ('Feb 11 17:32:01 1997');
INSERT 1
INSERT INTO TIMESTAMP_TBL VALUES ('Feb 12 17:32:01 1997');
INSERT 1
INSERT INTO TIMESTAMP_TBL VALUES ('Feb 13 17:32:01 1997');
INSERT 1
INSERT INTO TIMESTAMP_TBL VALUES ('Feb 14 17:32:01 1997');
INSERT 1
INSERT INTO TIMESTAMP_TBL VALUES ('Feb 15 17:32:01 1997');
INSERT 1
INSERT INTO TIMESTAMP_TBL VALUES ('Feb 16 17:32:01 1997');
INSERT 1

INSERT INTO TIMESTAMP_TBL VALUES ('Feb 16 17:32:01 0097 BC');
INSERT 1
INSERT INTO TIMESTAMP_TBL VALUES ('Feb 16 17:32:01 0097');
INSERT 1
INSERT INTO TIMESTAMP_TBL VALUES ('Feb 16 17:32:01 0597');
INSERT 1
INSERT INTO TIMESTAMP_TBL VALUES ('Feb 16 17:32:01 1097');
INSERT 1
INSERT INTO TIMESTAMP_TBL VALUES ('Feb 16 17:32:01 1697');
INSERT 1
INSERT INTO TIMESTAMP_TBL VALUES ('Feb 16 17:32:01 1797');
INSERT 1
INSERT INTO TIMESTAMP_TBL VALUES ('Feb 16 17:32:01 1897');
INSERT 1
INSERT INTO TIMESTAMP_TBL VALUES ('Feb 16 17:32:01 1997');
INSERT 1
INSERT INTO TIMESTAMP_TBL VALUES ('Feb 16 17:32:01 2097');
INSERT 1

INSERT INTO TIMESTAMP_TBL VALUES ('Feb 28 17:32:01 1996');
INSERT 1
INSERT INTO TIMESTAMP_TBL VALUES ('Feb 29 17:32:01 1996');
INSERT 1
INSERT INTO TIMESTAMP_TBL VALUES ('Mar 01 17:32:01 1996');
INSERT 1
INSERT INTO TIMESTAMP_TBL VALUES ('Dec 30 17:32:01 1996');
INSERT 1
INSERT INTO TIMESTAMP_TBL VALUES ('Dec 31 17:32:01 1996');
INSERT 1
INSERT INTO TIMESTAMP_TBL VALUES ('Jan 01 17:32:01 1997');
INSERT 1
INSERT INTO TIMESTAMP_TBL VALUES ('Feb 28 17:32:01 1997');
INSERT 1
INSERT INTO TIMESTAMP_TBL VALUES ('Feb 29 17:32:01 1997');
ERROR:  date/time field value out of range: "Feb 29 17:32:01 1997"
LINE 1: INSERT INTO TIMESTAMP_TBL VALUES ('Feb 29 17:32:01 1997');
                                          ^
INSERT INTO TIMESTAMP_TBL VALUES ('Mar 01 17:32:01 1997');
INSERT 1
INSERT INTO TIMESTAMP_TBL VALUES ('Dec 30 17:32:01 1997');
INSERT 1
INSERT INTO TIMESTAMP_TBL VALUES ('Dec 31 17:32:01 1997');
INSERT 1
INSERT INTO TIMESTAMP_TBL VALUES ('Dec 31 17:32:01 1999');
INSERT 1
INSERT INTO TIMESTAMP_TBL VALUES ('Jan 01 17:32:01 2000');
INSERT 1
INSERT INTO TIMESTAMP_TBL VALUES ('Dec 31 17:32:01 2000');
INSERT 1
INSERT INTO TIMESTAMP_TBL VALUES ('Jan 01 17:32:01 2001');
INSERT 1

-- Currently unsupported syntax and ranges
INSERT INTO TIMESTAMP_TBL VALUES ('Feb 16 17:32:01 -0097');
ERROR:  time zone displacement out of range: "Feb 16 17:32:01 -0097"
LINE 1: INSERT INTO TIMESTAMP_TBL VALUES ('Feb 16 17:32:01 -0097');
                                          ^
INSERT INTO TIMESTAMP_TBL VALUES ('Feb 16 17:32:01 5097 BC');
ERROR:  timestamp out of range: "Feb 16 17:32:01 5097 BC"
LINE 1: INSERT INTO TIMESTAMP_TBL VALUES ('Feb 16 17:32:01 5097 BC')...
                                          ^

-- set vectorization
SET vector.enable_vectorization=on;
SET

SELECT d1 FROM TIMESTAMP_TBL;
 d1
-----------------------------
 -infinity
 Mon Feb 10 17:32:02 1997
 Mon Feb 10 17:32:01.4 1997
 Thu Jan 02 00:00:00 1997
 Tue Jun 10 17:32:01 1997
 Wed Mar 15 08:14:01 2000
 Wed Mar 15 13:14:02 2000
 Wed Mar 15 12:14:03 2000
 Wed Mar 15 02:14:05 2000
 Mon Feb 10 17:32:00 1997
 Tue Jun 10 18:32:01 1997
 Sat Feb 15 17:32:01 1997
 Sun Feb 16 17:32:01 1997
 Sat Feb 16 17:32:01 0097
 Thu Feb 16 17:32:01 0597
 Tue Feb 16 17:32:01 1097
 Sat Feb 16 17:32:01 1697
 Thu Feb 16 17:32:01 1797
 Sun Feb 16 17:32:01 1997
 Thu Feb 29 17:32:01 1996
 Fri Mar 01 17:32:01 1996
 Wed Jan 01 17:32:01 1997
 Fri Feb 28 17:32:01 1997
 Tue Dec 30 17:32:01 1997
 Wed Dec 31 17:32:01 1997
 Fri Dec 31 17:32:01 1999
 Mon Jan 01 17:32:01 2001
 infinity
 Thu Jan 01 00:00:00 1970
 Mon Feb 10 17:32:01 1997
 Mon Feb 10 17:32:01 1997
 Mon Feb 10 17:32:01.5 1997
 Mon Feb 10 17:32:01.6 1997
 Thu Jan 02 03:04:05 1997
 Mon Feb 10 17:32:01 1997
 Mon Feb 10 17:32:01 1997
 Mon Feb 10 17:32:01 1997
 Mon Feb 10 17:32:01 1997
 Sat Sep 22 18:19:20 2001
 Wed Mar 15 03:14:04 2000
 Mon Feb 10 17:32:01 1997
 Mon Feb 10 17:32:01 1997
 Mon Feb 10 17:32:01 1997
 Mon Feb 10 17:32:01 1997
 Mon Feb 10 17:32:01 1997
 Mon Feb 10 17:32:01 1997
 Mon Feb 10 17:32:01 1997
 Mon Feb 10 17:32:01 1997
 Mon Feb 10 17:32:01 1997
 Mon Feb 10 17:32:01 1997
 Mon Feb 10 17:32:01 1997
 Mon Feb 10 17:32:01 1997
 Tue Feb 11 17:32:01 1997
 Wed Feb 12 17:32:01 1997
 Thu Feb 13 17:32:01 1997
 Fri Feb 14 17:32:01 1997
 Tue Feb 16 17:32:01 0097 BC
 Tue Feb 16 17:32:01 1897
 Sat Feb 16 17:32:01 2097
 Wed Feb 28 17:32:01 1996
 Mon Dec 30 17:32:01 1996
 Tue Dec 31 17:32:01 1996
 Sat Mar 01 17:32:01 1997
 Sat Jan 01 17:32:01 2000
 Sun Dec 31 17:32:01 2000
(65 rows)

-- SELECT '' AS "64", d1 FROM TIMESTAMP_TBL;

-- Demonstrate functions and operators
-- SELECT '' AS "48", d1 FROM TIMESTAMP_TBL
--   WHERE d1 > timestamp without time zone '1997-01-02';

-- SELECT '' AS "15", d1 FROM TIMESTAMP_TBL
--   WHERE d1 < timestamp without time zone '1997-01-02';

-- SELECT '' AS one, d1 FROM TIMESTAMP_TBL
--   WHERE d1 = timestamp without time zone '1997-01-02';

-- SELECT '' AS "63", d1 FROM TIMESTAMP_TBL
--   WHERE d1 != timestamp without time zone '1997-01-02';

-- SELECT '' AS "16", d1 FROM TIMESTAMP_TBL
--    WHERE d1 <= timestamp without time zone '1997-01-02';

-- SELECT '' AS "49", d1 FROM TIMESTAMP_TBL
--   WHERE d1 >= timestamp without time zone '1997-01-02';

-- SELECT '' AS "54", d1 - timestamp without time zone '1997-01-02' AS diff
--   FROM TIMESTAMP_TBL WHERE d1 BETWEEN '1902-01-01' AND '2038-01-01';

-- SELECT '' AS date_trunc_week, date_trunc( 'week', timestamp '2004-02-29 15:44:17.71393' ) AS week_trunc;

-- Test casting within a BETWEEN qualifier
-- SELECT '' AS "54", d1 - timestamp without time zone '1997-01-02' AS diff
--  FROM TIMESTAMP_TBL
--  WHERE d1 BETWEEN timestamp without time zone '1902-01-01'
--   AND timestamp without time zone '2038-01-01';

-- SELECT '' AS "54", d1 as "timestamp",
--   date_part( 'year', d1) AS year, date_part( 'month', d1) AS month,
--   date_part( 'day', d1) AS day, date_part( 'hour', d1) AS hour,
--   date_part( 'minute', d1) AS minute, date_part( 'second', d1) AS second
--   FROM TIMESTAMP_TBL WHERE d1 BETWEEN '1902-01-01' AND '2038-01-01';

-- SELECT '' AS "54", d1 as "timestamp",
--   date_part( 'quarter', d1) AS quarter, date_part( 'msec', d1) AS msec,
--   date_part( 'usec', d1) AS usec
--   FROM TIMESTAMP_TBL WHERE d1 BETWEEN '1902-01-01' AND '2038-01-01';

-- SELECT '' AS "54", d1 as "timestamp",
--   date_part( 'isoyear', d1) AS isoyear, date_part( 'week', d1) AS week,
--   date_part( 'dow', d1) AS dow
--   FROM TIMESTAMP_TBL WHERE d1 BETWEEN '1902-01-01' AND '2038-01-01';

-- TO_CHAR()
-- SELECT '' AS to_char_1, to_char(d1, 'DAY Day day DY Dy dy MONTH Month month RM MON Mon mon')
--   FROM TIMESTAMP_TBL;

-- SELECT '' AS to_char_2, to_char(d1, 'FMDAY FMDay FMday FMMONTH FMMonth FMmonth FMRM')
--   FROM TIMESTAMP_TBL;

-- SELECT '' AS to_char_3, to_char(d1, 'Y,YYY YYYY YYY YY Y CC Q MM WW DDD DD D J')
--    FROM TIMESTAMP_TBL;

-- SELECT '' AS to_char_4, to_char(d1, 'FMY,YYY FMYYYY FMYYY FMYY FMY FMCC FMQ FMMM FMWW FMDDD FMDD FMD FMJ')
--   FROM TIMESTAMP_TBL;

-- SELECT '' AS to_char_5, to_char(d1, 'HH HH12 HH24 MI SS SSSS')
--   FROM TIMESTAMP_TBL;

-- SELECT '' AS to_char_6, to_char(d1, E'"HH:MI:SS is" HH:MI:SS "\\"text between quote marks\\""')
--   FROM TIMESTAMP_TBL;

-- SELECT '' AS to_char_7, to_char(d1, 'HH24--text--MI--text--SS')
--   FROM TIMESTAMP_TBL;

-- SELECT '' AS to_char_8, to_char(d1, 'YYYYTH YYYYth Jth')
--   FROM TIMESTAMP_TBL;

-- SELECT '' AS to_char_9, to_char(d1, 'YYYY A.D. YYYY a.d. YYYY bc HH:MI:SS P.M. HH:MI:SS p.m. HH:MI:SS pm')
--   FROM TIMESTAMP_TBL;

-- SELECT '' AS to_char_10, to_char(d1, 'IYYY IYY IY I IW IDDD ID')
--   FROM TIMESTAMP_TBL;

-- SELECT '' AS to_char_11, to_char(d1, 'FMIYYY FMIYY FMIY FMI FMIW FMIDDD FMID')
--   FROM TIMESTAMP_TBL;

-- TO_TIMESTAMP()
SELECT '' AS to_timestamp_1, to_timestamp('0097/Feb/16 --> 08:14:30', 'YYYY/Mon/DD --> HH:MI:SS');
 to_timestamp_1 | to_timestamp
----------------+------------------------------
                | Sat Feb 16 08:14:30 0097 PST
(1 row)

SELECT '' AS to_timestamp_2, to_timestamp('97/2/16 8:14:30', 'FMYYYY/FMMM/FMDD FMHH:FMMI:FMSS');
 to_timestamp_2 | to_timestamp
----------------+------------------------------
                | Sat Feb 16 08:14:30 0097 PST
(1 row)

SELECT '' AS to_timestamp_3, to_timestamp('1985 January 12', 'YYYY FMMonth DD');
 to_timestamp_3 | to_timestamp
----------------+------------------------------
                | Sat Jan 12 00:00:00 1985 PST
(1 row)

SELECT '' AS to_timestamp_4, to_timestamp('My birthday-> Year: 1976, Month: May, Day: 16', '"My birthday-> Year" YYYY, "Month:" FMMonth, "Day:" DD');
 to_timestamp_4 | to_timestamp
----------------+------------------------------
                | Sun May 16 00:00:00 1976 PDT
(1 row)

SELECT '' AS to_timestamp_5, to_timestamp('1,582nd VIII 21', 'Y,YYYth FMRM DD');
 to_timestamp_5 | to_timestamp
----------------+------------------------------
                | Sat Aug 21 00:00:00 1582 PST
(1 row)

SELECT '' AS to_timestamp_6, to_timestamp('15 "text between quote marks" 98 54 45', E'HH "\\text between quote marks\\"" YY MI SS');
 to_timestamp_6 | to_timestamp
----------------+------------------------------
                | Thu Jan 01 15:54:45 1998 PST
(1 row)
 SELECT '' AS to_timestamp_7, to_timestamp('05121445482000', 'MMDDHHMISSYYYY');
SELECT '' AS to_timestamp_8, to_timestamp('2000January09Sunday', 'YYYYFMMonthDDFMDay');
 to_timestamp_8 | to_timestamp
----------------+------------------------------
                | Sun Jan 09 00:00:00 2000 PST
(1 row)

SELECT '' AS to_timestamp_9, to_timestamp('97/Feb/16', 'YYMonDD');
ERROR:  invalid value "/Fe" for "Mon"
DETAIL:  The given value did not match any of the allowed values for this field.

SELECT '' AS to_timestamp_10, to_timestamp('19971116', 'YYYYMMDD');
 to_timestamp_10 | to_timestamp
-----------------+------------------------------
                 | Sun Nov 16 00:00:00 1997 PST
(1 row)

SELECT '' AS to_timestamp_11, to_timestamp('20000-1116', 'YYYY-MMDD');
 to_timestamp_11 | to_timestamp
-----------------+-------------------------------
                 | Thu Nov 16 00:00:00 20000 PST
(1 row)

SELECT '' AS to_timestamp_12, to_timestamp('9-1116', 'Y-MMDD');
 to_timestamp_12 | to_timestamp
-----------------+------------------------------
                 | Mon Nov 16 00:00:00 2009 PST
(1 row)

SELECT '' AS to_timestamp_13, to_timestamp('95-1116', 'YY-MMDD');
 to_timestamp_13 | to_timestamp
-----------------+------------------------------
                 | Thu Nov 16 00:00:00 1995 PST
(1 row)

SELECT '' AS to_timestamp_14, to_timestamp('995-1116', 'YYY-MMDD');
 to_timestamp_14 | to_timestamp
-----------------+------------------------------
                 | Thu Nov 16 00:00:00 1995 PST
(1 row)

SELECT '' AS to_timestamp_15, to_timestamp('2005426', 'YYYYWWD');
 to_timestamp_15 | to_timestamp
-----------------+------------------------------
                 | Sat Oct 15 00:00:00 2005 PDT
(1 row)

SELECT '' AS to_timestamp_16, to_timestamp('2005300', 'YYYYDDD');
 to_timestamp_16 | to_timestamp
-----------------+------------------------------
                 | Thu Oct 27 00:00:00 2005 PDT
(1 row)

SELECT '' AS to_timestamp_17, to_timestamp('2005527', 'IYYYIWID');
 to_timestamp_17 | to_timestamp
-----------------+------------------------------
                 | Sun Jan 01 00:00:00 2006 PST
(1 row)

SELECT '' AS to_timestamp_18, to_timestamp('005527', 'IYYIWID');
 to_timestamp_18 | to_timestamp
-----------------+------------------------------
                 | Sun Jan 01 00:00:00 2006 PST
(1 row)

SELECT '' AS to_timestamp_19, to_timestamp('05527', 'IYIWID');
 to_timestamp_19 | to_timestamp
-----------------+------------------------------
                 | Sun Jan 01 00:00:00 2006 PST
(1 row)

SELECT '' AS to_timestamp_20, to_timestamp('5527', 'IIWID');
 to_timestamp_20 | to_timestamp
-----------------+------------------------------
                 | Sun Jan 01 00:00:00 2006 PST
(1 row)

SELECT '' AS to_timestamp_21, to_timestamp('2005364', 'IYYYIDDD');
 to_timestamp_21 | to_timestamp
-----------------+------------------------------
                 | Sun Jan 01 00:00:00 2006 PST
(1 row)

-- timestamp numeric fields constructor
SELECT make_timestamp(2014,12,28,6,30,45.887);
 make_timestamp
------------------------------
 Sun Dec 28 06:30:45.887 2014
(1 row)

SET DateStyle TO DEFAULT;
SET

-- Make sure timeofdate() and current_time() are doing roughly the same thing
select timeofday()::date = current_timestamp::date;
 ?column?
----------
 t
(1 row)

-- drop table

DROP TABLE TIMESTAMP_TBL;
DROP
