------------------------------------------------------------------
-- PXF read test
------------------------------------------------------------------
SELECT * from pxf_read_test order by a;
       a        |   b    |   c
----------------+--------+--------
 fragment1 row1 | value1 | value2
 fragment1 row2 | value1 | value2
 fragment2 row1 | value1 | value2
 fragment2 row2 | value1 | value2
 fragment3 row1 | value1 | value2
 fragment3 row2 | value1 | value2
(6 rows)

SELECT * from pxf_readcustom_test order by a;
       a        |   b    |   c
----------------+--------+--------
 fragment1 row1 | value1 | value2
 fragment1 row2 | value1 | value2
 fragment2 row1 | value1 | value2
 fragment2 row2 | value1 | value2
 fragment3 row1 | value1 | value2
 fragment3 row2 | value1 | value2
(6 rows)

------------------------------------------------------------------
-- PXF write test
------------------------------------------------------------------
\!rm -rf /tmp/pxf
INSERT INTO pxf_write_test SELECT * from origin;
\!ls -1 /tmp/pxf/ | wc -l | sed -e 's/^[[:space:]]*//'
3
\!cat /tmp/pxf/* | sort
10,data_10
11,data_11
12,data_12
13,data_13
14,data_14
15,data_15
16,data_16
17,data_17
18,data_18
19,data_19
20,data_20
21,data_21
22,data_22
23,data_23
24,data_24
25,data_25
26,data_26
27,data_27
28,data_28
29,data_29
30,data_30
31,data_31
32,data_32
33,data_33
34,data_34
35,data_35
36,data_36
37,data_37
38,data_38
39,data_39
40,data_40
41,data_41
42,data_42
43,data_43
44,data_44
45,data_45
46,data_46
47,data_47
48,data_48
49,data_49
50,data_50
51,data_51
52,data_52
53,data_53
54,data_54
55,data_55
56,data_56
57,data_57
58,data_58
59,data_59
60,data_60
61,data_61
62,data_62
63,data_63
64,data_64
65,data_65
66,data_66
67,data_67
68,data_68
69,data_69
70,data_70
71,data_71
72,data_72
73,data_73
74,data_74
75,data_75
76,data_76
77,data_77
78,data_78
79,data_79
80,data_80
81,data_81
82,data_82
83,data_83
84,data_84
85,data_85
86,data_86
87,data_87
88,data_88
89,data_89
90,data_90
91,data_91
92,data_92
93,data_93
94,data_94
95,data_95
96,data_96
97,data_97
98,data_98
99,data_99